{"C:\\Users\\DELL\\Downloads\\pfe-project\\frontend\\src\\App.jsx": {"path":"C:\\Users\\DELL\\Downloads\\pfe-project\\frontend\\src\\App.jsx","statementMap":{"0":{"start":{"line":12,"column":19},"end":{"line":12,"column":32}},"1":{"start":{"line":13,"column":19},"end":{"line":13,"column":32}},"2":{"start":{"line":14,"column":22},"end":{"line":14,"column":52}},"3":{"start":{"line":16,"column":2},"end":{"line":20,"column":30}},"4":{"start":{"line":17,"column":4},"end":{"line":19,"column":5}},"5":{"start":{"line":18,"column":6},"end":{"line":18,"column":29}},"6":{"start":{"line":22,"column":2},"end":{"line":33,"column":27}},"7":{"start":{"line":23,"column":33},"end":{"line":27,"column":5}},"8":{"start":{"line":24,"column":6},"end":{"line":24,"column":39}},"9":{"start":{"line":25,"column":6},"end":{"line":25,"column":32}},"10":{"start":{"line":26,"column":6},"end":{"line":26,"column":49}},"11":{"start":{"line":29,"column":4},"end":{"line":29,"column":78}},"12":{"start":{"line":30,"column":4},"end":{"line":32,"column":6}},"13":{"start":{"line":31,"column":6},"end":{"line":31,"column":83}},"14":{"start":{"line":35,"column":2},"end":{"line":48,"column":4}}},"fnMap":{"0":{"name":"App","decl":{"start":{"line":11,"column":24},"end":{"line":11,"column":27}},"loc":{"start":{"line":11,"column":30},"end":{"line":49,"column":1}},"line":11},"1":{"name":"(anonymous_1)","decl":{"start":{"line":16,"column":12},"end":{"line":16,"column":13}},"loc":{"start":{"line":16,"column":18},"end":{"line":20,"column":3}},"line":16},"2":{"name":"(anonymous_2)","decl":{"start":{"line":22,"column":12},"end":{"line":22,"column":13}},"loc":{"start":{"line":22,"column":18},"end":{"line":33,"column":3}},"line":22},"3":{"name":"(anonymous_3)","decl":{"start":{"line":23,"column":33},"end":{"line":23,"column":34}},"loc":{"start":{"line":23,"column":39},"end":{"line":27,"column":5}},"line":23},"4":{"name":"(anonymous_4)","decl":{"start":{"line":30,"column":11},"end":{"line":30,"column":12}},"loc":{"start":{"line":30,"column":17},"end":{"line":32,"column":5}},"line":30}},"branchMap":{"0":{"loc":{"start":{"line":17,"column":4},"end":{"line":19,"column":5}},"type":"if","locations":[{"start":{"line":17,"column":4},"end":{"line":19,"column":5}},{"start":{},"end":{}}],"line":17}},"s":{"0":0,"1":0,"2":0,"3":0,"4":0,"5":0,"6":0,"7":0,"8":0,"9":0,"10":0,"11":0,"12":0,"13":0,"14":0},"f":{"0":0,"1":0,"2":0,"3":0,"4":0},"b":{"0":[0,0]}}
,"C:\\Users\\DELL\\Downloads\\pfe-project\\frontend\\src\\index.js": {"path":"C:\\Users\\DELL\\Downloads\\pfe-project\\frontend\\src\\index.js","statementMap":{"0":{"start":{"line":29,"column":13},"end":{"line":29,"column":65}},"1":{"start":{"line":31,"column":0},"end":{"line":37,"column":2}}},"fnMap":{},"branchMap":{},"s":{"0":0,"1":0},"f":{},"b":{}}
,"C:\\Users\\DELL\\Downloads\\pfe-project\\frontend\\src\\main.jsx": {"path":"C:\\Users\\DELL\\Downloads\\pfe-project\\frontend\\src\\main.jsx","statementMap":{"0":{"start":{"line":12,"column":0},"end":{"line":18,"column":2}}},"fnMap":{},"branchMap":{},"s":{"0":0},"f":{},"b":{}}
,"C:\\Users\\DELL\\Downloads\\pfe-project\\frontend\\src\\routes.js": {"path":"C:\\Users\\DELL\\Downloads\\pfe-project\\frontend\\src\\routes.js","statementMap":{"0":{"start":{"line":17,"column":13},"end":{"line":139,"column":1}}},"fnMap":{},"branchMap":{},"s":{"0":0},"f":{},"b":{}}
,"C:\\Users\\DELL\\Downloads\\pfe-project\\frontend\\src\\components\\Blocksidebar\\BlockCategory.jsx": {"path":"C:\\Users\\DELL\\Downloads\\pfe-project\\frontend\\src\\components\\Blocksidebar\\BlockCategory.jsx","statementMap":{"0":{"start":{"line":2,"column":2},"end":{"line":28,"column":4}},"1":{"start":{"line":7,"column":10},"end":{"line":24,"column":19}},"2":{"start":{"line":12,"column":14},"end":{"line":12,"column":83}},"3":{"start":{"line":13,"column":14},"end":{"line":13,"column":56}}},"fnMap":{"0":{"name":"BlockCategory","decl":{"start":{"line":1,"column":24},"end":{"line":1,"column":37}},"loc":{"start":{"line":1,"column":57},"end":{"line":29,"column":1}},"line":1},"1":{"name":"(anonymous_1)","decl":{"start":{"line":6,"column":20},"end":{"line":6,"column":21}},"loc":{"start":{"line":7,"column":10},"end":{"line":24,"column":19}},"line":7},"2":{"name":"(anonymous_2)","decl":{"start":{"line":11,"column":25},"end":{"line":11,"column":26}},"loc":{"start":{"line":11,"column":36},"end":{"line":14,"column":13}},"line":11}},"branchMap":{},"s":{"0":0,"1":0,"2":0,"3":0},"f":{"0":0,"1":0,"2":0},"b":{}}
,"C:\\Users\\DELL\\Downloads\\pfe-project\\frontend\\src\\components\\Blocksidebar\\BlockSearch.jsx": {"path":"C:\\Users\\DELL\\Downloads\\pfe-project\\frontend\\src\\components\\Blocksidebar\\BlockSearch.jsx","statementMap":{"0":{"start":{"line":2,"column":2},"end":{"line":12,"column":4}},"1":{"start":{"line":7,"column":29},"end":{"line":7,"column":57}}},"fnMap":{"0":{"name":"BlockSearch","decl":{"start":{"line":1,"column":24},"end":{"line":1,"column":35}},"loc":{"start":{"line":1,"column":57},"end":{"line":13,"column":1}},"line":1},"1":{"name":"(anonymous_1)","decl":{"start":{"line":7,"column":18},"end":{"line":7,"column":19}},"loc":{"start":{"line":7,"column":29},"end":{"line":7,"column":57}},"line":7}},"branchMap":{},"s":{"0":0,"1":0},"f":{"0":0,"1":0},"b":{}}
,"C:\\Users\\DELL\\Downloads\\pfe-project\\frontend\\src\\components\\Blocksidebar\\BlockSidebar.jsx": {"path":"C:\\Users\\DELL\\Downloads\\pfe-project\\frontend\\src\\components\\Blocksidebar\\BlockSidebar.jsx","statementMap":{"0":{"start":{"line":7,"column":28},"end":{"line":7,"column":40}},"1":{"start":{"line":8,"column":21},"end":{"line":8,"column":60}},"2":{"start":{"line":8,"column":35},"end":{"line":8,"column":55}},"3":{"start":{"line":9,"column":26},"end":{"line":9,"column":52}},"4":{"start":{"line":11,"column":2},"end":{"line":29,"column":4}},"5":{"start":{"line":20,"column":27},"end":{"line":23,"column":12}},"6":{"start":{"line":21,"column":25},"end":{"line":21,"column":94}},"7":{"start":{"line":22,"column":12},"end":{"line":22,"column":50}},"8":{"start":{"line":24,"column":10},"end":{"line":24,"column":44}},"9":{"start":{"line":24,"column":32},"end":{"line":24,"column":44}},"10":{"start":{"line":25,"column":10},"end":{"line":25,"column":85}}},"fnMap":{"0":{"name":"BlockSidebar","decl":{"start":{"line":6,"column":24},"end":{"line":6,"column":36}},"loc":{"start":{"line":6,"column":39},"end":{"line":30,"column":1}},"line":6},"1":{"name":"(anonymous_1)","decl":{"start":{"line":8,"column":29},"end":{"line":8,"column":30}},"loc":{"start":{"line":8,"column":35},"end":{"line":8,"column":55}},"line":8},"2":{"name":"(anonymous_2)","decl":{"start":{"line":19,"column":40},"end":{"line":19,"column":41}},"loc":{"start":{"line":19,"column":64},"end":{"line":26,"column":9}},"line":19},"3":{"name":"(anonymous_3)","decl":{"start":{"line":20,"column":41},"end":{"line":20,"column":42}},"loc":{"start":{"line":20,"column":52},"end":{"line":23,"column":11}},"line":20}},"branchMap":{"0":{"loc":{"start":{"line":24,"column":10},"end":{"line":24,"column":44}},"type":"if","locations":[{"start":{"line":24,"column":10},"end":{"line":24,"column":44}},{"start":{},"end":{}}],"line":24}},"s":{"0":0,"1":0,"2":0,"3":0,"4":0,"5":0,"6":0,"7":0,"8":0,"9":0,"10":0},"f":{"0":0,"1":0,"2":0,"3":0},"b":{"0":[0,0]}}
,"C:\\Users\\DELL\\Downloads\\pfe-project\\frontend\\src\\components\\Footers\\AdminFooter.js": {"path":"C:\\Users\\DELL\\Downloads\\pfe-project\\frontend\\src\\components\\Footers\\AdminFooter.js","statementMap":{"0":{"start":{"line":23,"column":15},"end":{"line":87,"column":1}},"1":{"start":{"line":24,"column":2},"end":{"line":86,"column":4}}},"fnMap":{"0":{"name":"(anonymous_0)","decl":{"start":{"line":23,"column":15},"end":{"line":23,"column":16}},"loc":{"start":{"line":23,"column":21},"end":{"line":87,"column":1}},"line":23}},"branchMap":{},"s":{"0":0,"1":0},"f":{"0":0},"b":{}}
,"C:\\Users\\DELL\\Downloads\\pfe-project\\frontend\\src\\components\\Footers\\AuthFooter.js": {"path":"C:\\Users\\DELL\\Downloads\\pfe-project\\frontend\\src\\components\\Footers\\AuthFooter.js","statementMap":{"0":{"start":{"line":23,"column":14},"end":{"line":81,"column":1}},"1":{"start":{"line":24,"column":2},"end":{"line":80,"column":4}}},"fnMap":{"0":{"name":"(anonymous_0)","decl":{"start":{"line":23,"column":14},"end":{"line":23,"column":15}},"loc":{"start":{"line":23,"column":20},"end":{"line":81,"column":1}},"line":23}},"branchMap":{},"s":{"0":0,"1":0},"f":{"0":0},"b":{}}
,"C:\\Users\\DELL\\Downloads\\pfe-project\\frontend\\src\\components\\Headers\\Header.js": {"path":"C:\\Users\\DELL\\Downloads\\pfe-project\\frontend\\src\\components\\Headers\\Header.js","statementMap":{"0":{"start":{"line":4,"column":15},"end":{"line":17,"column":1}},"1":{"start":{"line":5,"column":2},"end":{"line":16,"column":4}}},"fnMap":{"0":{"name":"(anonymous_0)","decl":{"start":{"line":4,"column":15},"end":{"line":4,"column":16}},"loc":{"start":{"line":4,"column":21},"end":{"line":17,"column":1}},"line":4}},"branchMap":{},"s":{"0":0,"1":0},"f":{"0":0},"b":{}}
,"C:\\Users\\DELL\\Downloads\\pfe-project\\frontend\\src\\components\\Headers\\UserHeader.js": {"path":"C:\\Users\\DELL\\Downloads\\pfe-project\\frontend\\src\\components\\Headers\\UserHeader.js","statementMap":{"0":{"start":{"line":7,"column":19},"end":{"line":39,"column":1}},"1":{"start":{"line":8,"column":15},"end":{"line":8,"column":38}},"2":{"start":{"line":10,"column":20},"end":{"line":10,"column":46}},"3":{"start":{"line":12,"column":2},"end":{"line":38,"column":4}}},"fnMap":{"0":{"name":"(anonymous_0)","decl":{"start":{"line":7,"column":19},"end":{"line":7,"column":20}},"loc":{"start":{"line":7,"column":25},"end":{"line":39,"column":1}},"line":7}},"branchMap":{"0":{"loc":{"start":{"line":10,"column":20},"end":{"line":10,"column":46}},"type":"binary-expr","locations":[{"start":{"line":10,"column":20},"end":{"line":10,"column":35}},{"start":{"line":10,"column":39},"end":{"line":10,"column":46}}],"line":10}},"s":{"0":0,"1":0,"2":0,"3":0},"f":{"0":0},"b":{"0":[0,0]}}
,"C:\\Users\\DELL\\Downloads\\pfe-project\\frontend\\src\\components\\Navbars\\AdminNavbar.js": {"path":"C:\\Users\\DELL\\Downloads\\pfe-project\\frontend\\src\\components\\Navbars\\AdminNavbar.js","statementMap":{"0":{"start":{"line":50,"column":20},"end":{"line":291,"column":1}},"1":{"start":{"line":51,"column":19},"end":{"line":51,"column":32}},"2":{"start":{"line":52,"column":15},"end":{"line":52,"column":38}},"3":{"start":{"line":53,"column":17},"end":{"line":53,"column":28}},"4":{"start":{"line":54,"column":22},"end":{"line":54,"column":52}},"5":{"start":{"line":55,"column":24},"end":{"line":55,"column":56}},"6":{"start":{"line":57,"column":22},"end":{"line":59,"column":21}},"7":{"start":{"line":62,"column":2},"end":{"line":65,"column":17}},"8":{"start":{"line":63,"column":4},"end":{"line":63,"column":33}},"9":{"start":{"line":64,"column":4},"end":{"line":64,"column":56}},"10":{"start":{"line":67,"column":25},"end":{"line":70,"column":3}},"11":{"start":{"line":68,"column":4},"end":{"line":68,"column":24}},"12":{"start":{"line":69,"column":4},"end":{"line":69,"column":39}},"13":{"start":{"line":72,"column":28},"end":{"line":75,"column":3}},"14":{"start":{"line":73,"column":4},"end":{"line":73,"column":23}},"15":{"start":{"line":74,"column":4},"end":{"line":74,"column":41}},"16":{"start":{"line":77,"column":30},"end":{"line":77,"column":55}},"17":{"start":{"line":79,"column":23},"end":{"line":90,"column":3}},"18":{"start":{"line":80,"column":4},"end":{"line":89,"column":5}},"19":{"start":{"line":82,"column":8},"end":{"line":82,"column":43}},"20":{"start":{"line":84,"column":8},"end":{"line":84,"column":44}},"21":{"start":{"line":86,"column":8},"end":{"line":86,"column":41}},"22":{"start":{"line":88,"column":8},"end":{"line":88,"column":42}},"23":{"start":{"line":92,"column":18},"end":{"line":101,"column":3}},"24":{"start":{"line":93,"column":4},"end":{"line":93,"column":28}},"25":{"start":{"line":93,"column":18},"end":{"line":93,"column":28}},"26":{"start":{"line":94,"column":17},"end":{"line":94,"column":57}},"27":{"start":{"line":95,"column":17},"end":{"line":95,"column":41}},"28":{"start":{"line":96,"column":4},"end":{"line":96,"column":36}},"29":{"start":{"line":96,"column":18},"end":{"line":96,"column":36}},"30":{"start":{"line":97,"column":4},"end":{"line":97,"column":41}},"31":{"start":{"line":97,"column":19},"end":{"line":97,"column":41}},"32":{"start":{"line":98,"column":16},"end":{"line":98,"column":37}},"33":{"start":{"line":99,"column":4},"end":{"line":99,"column":39}},"34":{"start":{"line":99,"column":18},"end":{"line":99,"column":39}},"35":{"start":{"line":100,"column":4},"end":{"line":100,"column":42}},"36":{"start":{"line":103,"column":2},"end":{"line":290,"column":4}},"37":{"start":{"line":187,"column":20},"end":{"line":222,"column":35}},"38":{"start":{"line":216,"column":44},"end":{"line":216,"column":67}},"39":{"start":{"line":277,"column":20},"end":{"line":277,"column":39}},"40":{"start":{"line":278,"column":20},"end":{"line":278,"column":29}}},"fnMap":{"0":{"name":"(anonymous_0)","decl":{"start":{"line":50,"column":20},"end":{"line":50,"column":21}},"loc":{"start":{"line":50,"column":31},"end":{"line":291,"column":1}},"line":50},"1":{"name":"(anonymous_1)","decl":{"start":{"line":62,"column":12},"end":{"line":62,"column":13}},"loc":{"start":{"line":62,"column":18},"end":{"line":65,"column":3}},"line":62},"2":{"name":"(anonymous_2)","decl":{"start":{"line":67,"column":25},"end":{"line":67,"column":26}},"loc":{"start":{"line":67,"column":36},"end":{"line":70,"column":3}},"line":67},"3":{"name":"(anonymous_3)","decl":{"start":{"line":72,"column":28},"end":{"line":72,"column":29}},"loc":{"start":{"line":72,"column":35},"end":{"line":75,"column":3}},"line":72},"4":{"name":"(anonymous_4)","decl":{"start":{"line":79,"column":23},"end":{"line":79,"column":24}},"loc":{"start":{"line":79,"column":37},"end":{"line":90,"column":3}},"line":79},"5":{"name":"(anonymous_5)","decl":{"start":{"line":92,"column":18},"end":{"line":92,"column":19}},"loc":{"start":{"line":92,"column":31},"end":{"line":101,"column":3}},"line":92},"6":{"name":"(anonymous_6)","decl":{"start":{"line":186,"column":42},"end":{"line":186,"column":43}},"loc":{"start":{"line":187,"column":20},"end":{"line":222,"column":35}},"line":187},"7":{"name":"(anonymous_7)","decl":{"start":{"line":216,"column":37},"end":{"line":216,"column":38}},"loc":{"start":{"line":216,"column":44},"end":{"line":216,"column":67}},"line":216},"8":{"name":"(anonymous_8)","decl":{"start":{"line":276,"column":27},"end":{"line":276,"column":28}},"loc":{"start":{"line":276,"column":34},"end":{"line":279,"column":19}},"line":276}},"branchMap":{"0":{"loc":{"start":{"line":57,"column":22},"end":{"line":59,"column":21}},"type":"cond-expr","locations":[{"start":{"line":58,"column":6},"end":{"line":58,"column":75}},{"start":{"line":59,"column":6},"end":{"line":59,"column":21}}],"line":57},"1":{"loc":{"start":{"line":58,"column":6},"end":{"line":58,"column":75}},"type":"binary-expr","locations":[{"start":{"line":58,"column":6},"end":{"line":58,"column":61}},{"start":{"line":58,"column":65},"end":{"line":58,"column":75}}],"line":58},"2":{"loc":{"start":{"line":58,"column":9},"end":{"line":58,"column":29}},"type":"binary-expr","locations":[{"start":{"line":58,"column":9},"end":{"line":58,"column":23}},{"start":{"line":58,"column":27},"end":{"line":58,"column":29}}],"line":58},"3":{"loc":{"start":{"line":58,"column":33},"end":{"line":58,"column":52}},"type":"binary-expr","locations":[{"start":{"line":58,"column":33},"end":{"line":58,"column":46}},{"start":{"line":58,"column":50},"end":{"line":58,"column":52}}],"line":58},"4":{"loc":{"start":{"line":80,"column":4},"end":{"line":89,"column":5}},"type":"switch","locations":[{"start":{"line":81,"column":6},"end":{"line":82,"column":43}},{"start":{"line":83,"column":6},"end":{"line":84,"column":44}},{"start":{"line":85,"column":6},"end":{"line":86,"column":41}},{"start":{"line":87,"column":6},"end":{"line":88,"column":42}}],"line":80},"5":{"loc":{"start":{"line":93,"column":4},"end":{"line":93,"column":28}},"type":"if","locations":[{"start":{"line":93,"column":4},"end":{"line":93,"column":28}},{"start":{},"end":{}}],"line":93},"6":{"loc":{"start":{"line":96,"column":4},"end":{"line":96,"column":36}},"type":"if","locations":[{"start":{"line":96,"column":4},"end":{"line":96,"column":36}},{"start":{},"end":{}}],"line":96},"7":{"loc":{"start":{"line":97,"column":4},"end":{"line":97,"column":41}},"type":"if","locations":[{"start":{"line":97,"column":4},"end":{"line":97,"column":41}},{"start":{},"end":{}}],"line":97},"8":{"loc":{"start":{"line":99,"column":4},"end":{"line":99,"column":39}},"type":"if","locations":[{"start":{"line":99,"column":4},"end":{"line":99,"column":39}},{"start":{},"end":{}}],"line":99},"9":{"loc":{"start":{"line":130,"column":17},"end":{"line":147,"column":17}},"type":"binary-expr","locations":[{"start":{"line":130,"column":17},"end":{"line":130,"column":32}},{"start":{"line":131,"column":18},"end":{"line":146,"column":26}}],"line":130},"10":{"loc":{"start":{"line":145,"column":21},"end":{"line":145,"column":59}},"type":"cond-expr","locations":[{"start":{"line":145,"column":40},"end":{"line":145,"column":45}},{"start":{"line":145,"column":48},"end":{"line":145,"column":59}}],"line":145},"11":{"loc":{"start":{"line":159,"column":23},"end":{"line":163,"column":23}},"type":"binary-expr","locations":[{"start":{"line":159,"column":23},"end":{"line":159,"column":38}},{"start":{"line":160,"column":24},"end":{"line":162,"column":32}}],"line":159},"12":{"loc":{"start":{"line":165,"column":21},"end":{"line":173,"column":21}},"type":"binary-expr","locations":[{"start":{"line":165,"column":21},"end":{"line":165,"column":36}},{"start":{"line":166,"column":22},"end":{"line":172,"column":26}}],"line":165},"13":{"loc":{"start":{"line":178,"column":17},"end":{"line":224,"column":17}},"type":"cond-expr","locations":[{"start":{"line":179,"column":18},"end":{"line":184,"column":33}},{"start":{"line":186,"column":18},"end":{"line":223,"column":20}}],"line":178},"14":{"loc":{"start":{"line":189,"column":40},"end":{"line":189,"column":70}},"type":"cond-expr","locations":[{"start":{"line":189,"column":52},"end":{"line":189,"column":65}},{"start":{"line":189,"column":68},"end":{"line":189,"column":70}}],"line":189},"15":{"loc":{"start":{"line":201,"column":42},"end":{"line":201,"column":69}},"type":"cond-expr","locations":[{"start":{"line":201,"column":53},"end":{"line":201,"column":61}},{"start":{"line":201,"column":64},"end":{"line":201,"column":69}}],"line":201},"16":{"loc":{"start":{"line":205,"column":29},"end":{"line":205,"column":49}},"type":"binary-expr","locations":[{"start":{"line":205,"column":29},"end":{"line":205,"column":36}},{"start":{"line":205,"column":40},"end":{"line":205,"column":49}}],"line":205},"17":{"loc":{"start":{"line":207,"column":27},"end":{"line":209,"column":27}},"type":"binary-expr","locations":[{"start":{"line":207,"column":27},"end":{"line":207,"column":34}},{"start":{"line":208,"column":28},"end":{"line":208,"column":82}}],"line":207},"18":{"loc":{"start":{"line":212,"column":25},"end":{"line":220,"column":25}},"type":"binary-expr","locations":[{"start":{"line":212,"column":25},"end":{"line":212,"column":34}},{"start":{"line":213,"column":26},"end":{"line":219,"column":35}}],"line":212}},"s":{"0":1,"1":23,"2":22,"3":22,"4":22,"5":22,"6":22,"7":22,"8":11,"9":11,"10":22,"11":0,"12":0,"13":22,"14":0,"15":0,"16":22,"17":22,"18":12,"19":0,"20":12,"21":0,"22":0,"23":22,"24":12,"25":0,"26":12,"27":12,"28":12,"29":12,"30":0,"31":0,"32":0,"33":0,"34":0,"35":0,"36":22,"37":12,"38":0,"39":0,"40":0},"f":{"0":23,"1":11,"2":0,"3":0,"4":12,"5":12,"6":12,"7":0,"8":0},"b":{"0":[22,0],"1":[22,0],"2":[22,0],"3":[22,0],"4":[0,12,0,0],"5":[0,12],"6":[12,0],"7":[0,0],"8":[0,0],"9":[22,10],"10":[2,8],"11":[22,10],"12":[22,10],"13":[14,8],"14":[8,4],"15":[4,8],"16":[12,0],"17":[12,12],"18":[12,8]},"_coverageSchema":"1a1c01bbd47fc00a2c39e90264f33305004495a9","hash":"d38f92d42fdcab1c629090bb0619663ebacb97fd"}
,"C:\\Users\\DELL\\Downloads\\pfe-project\\frontend\\src\\components\\Navbars\\AuthNavbar.js": {"path":"C:\\Users\\DELL\\Downloads\\pfe-project\\frontend\\src\\components\\Navbars\\AuthNavbar.js","statementMap":{"0":{"start":{"line":32,"column":20},"end":{"line":104,"column":1}},"1":{"start":{"line":33,"column":2},"end":{"line":103,"column":4}}},"fnMap":{"0":{"name":"(anonymous_0)","decl":{"start":{"line":32,"column":20},"end":{"line":32,"column":21}},"loc":{"start":{"line":32,"column":26},"end":{"line":104,"column":1}},"line":32}},"branchMap":{},"s":{"0":0,"1":0},"f":{"0":0},"b":{}}
,"C:\\Users\\DELL\\Downloads\\pfe-project\\frontend\\src\\components\\Sidebar\\Sidebar.js": {"path":"C:\\Users\\DELL\\Downloads\\pfe-project\\frontend\\src\\components\\Sidebar\\Sidebar.js","statementMap":{"0":{"start":{"line":31,"column":21},"end":{"line":31,"column":24}},"1":{"start":{"line":32,"column":21},"end":{"line":32,"column":23}},"2":{"start":{"line":33,"column":22},"end":{"line":33,"column":25}},"3":{"start":{"line":35,"column":16},"end":{"line":319,"column":1}},"4":{"start":{"line":36,"column":17},"end":{"line":36,"column":28}},"5":{"start":{"line":37,"column":19},"end":{"line":37,"column":32}},"6":{"start":{"line":38,"column":15},"end":{"line":38,"column":45}},"7":{"start":{"line":39,"column":19},"end":{"line":39,"column":46}},"8":{"start":{"line":40,"column":42},"end":{"line":40,"column":57}},"9":{"start":{"line":41,"column":42},"end":{"line":43,"column":3}},"10":{"start":{"line":46,"column":22},"end":{"line":60,"column":8}},"11":{"start":{"line":47,"column":15},"end":{"line":47,"column":54}},"12":{"start":{"line":48,"column":4},"end":{"line":48,"column":20}},"13":{"start":{"line":48,"column":13},"end":{"line":48,"column":20}},"14":{"start":{"line":50,"column":4},"end":{"line":55,"column":5}},"15":{"start":{"line":52,"column":6},"end":{"line":52,"column":31}},"16":{"start":{"line":53,"column":6},"end":{"line":53,"column":31}},"17":{"start":{"line":54,"column":6},"end":{"line":54,"column":13}},"18":{"start":{"line":58,"column":4},"end":{"line":58,"column":52}},"19":{"start":{"line":59,"column":4},"end":{"line":59,"column":73}},"20":{"start":{"line":63,"column":2},"end":{"line":65,"column":26}},"21":{"start":{"line":64,"column":4},"end":{"line":64,"column":22}},"22":{"start":{"line":68,"column":2},"end":{"line":76,"column":26}},"23":{"start":{"line":69,"column":21},"end":{"line":73,"column":5}},"24":{"start":{"line":70,"column":22},"end":{"line":70,"column":56}},"25":{"start":{"line":71,"column":6},"end":{"line":71,"column":28}},"26":{"start":{"line":72,"column":6},"end":{"line":72,"column":24}},"27":{"start":{"line":74,"column":4},"end":{"line":74,"column":48}},"28":{"start":{"line":75,"column":4},"end":{"line":75,"column":64}},"29":{"start":{"line":75,"column":17},"end":{"line":75,"column":63}},"30":{"start":{"line":78,"column":25},"end":{"line":78,"column":57}},"31":{"start":{"line":78,"column":31},"end":{"line":78,"column":57}},"32":{"start":{"line":78,"column":54},"end":{"line":78,"column":56}},"33":{"start":{"line":79,"column":25},"end":{"line":79,"column":53}},"34":{"start":{"line":79,"column":31},"end":{"line":79,"column":53}},"35":{"start":{"line":81,"column":22},"end":{"line":98,"column":6}},"36":{"start":{"line":82,"column":2},"end":{"line":98,"column":6}},"37":{"start":{"line":83,"column":22},"end":{"line":83,"column":46}},"38":{"start":{"line":84,"column":22},"end":{"line":84,"column":61}},"39":{"start":{"line":86,"column":6},"end":{"line":97,"column":16}},"40":{"start":{"line":100,"column":27},"end":{"line":100,"column":32}},"41":{"start":{"line":101,"column":25},"end":{"line":101,"column":27}},"42":{"start":{"line":102,"column":2},"end":{"line":103,"column":92}},"43":{"start":{"line":102,"column":29},"end":{"line":102,"column":82}},"44":{"start":{"line":103,"column":7},"end":{"line":103,"column":92}},"45":{"start":{"line":103,"column":29},"end":{"line":103,"column":92}},"46":{"start":{"line":105,"column":2},"end":{"line":318,"column":4}},"47":{"start":{"line":203,"column":18},"end":{"line":203,"column":37}},"48":{"start":{"line":204,"column":18},"end":{"line":204,"column":27}},"49":{"start":{"line":257,"column":34},"end":{"line":257,"column":53}},"50":{"start":{"line":257,"column":54},"end":{"line":257,"column":84}},"51":{"start":{"line":279,"column":18},"end":{"line":279,"column":37}},"52":{"start":{"line":280,"column":18},"end":{"line":280,"column":27}},"53":{"start":{"line":302,"column":14},"end":{"line":311,"column":24}},"54":{"start":{"line":324,"column":2},"end":{"line":332,"column":4}},"55":{"start":{"line":336,"column":2},"end":{"line":343,"column":4}},"56":{"start":{"line":348,"column":0},"end":{"line":348,"column":40}},"57":{"start":{"line":350,"column":0},"end":{"line":358,"column":2}}},"fnMap":{"0":{"name":"(anonymous_0)","decl":{"start":{"line":35,"column":16},"end":{"line":35,"column":17}},"loc":{"start":{"line":35,"column":27},"end":{"line":319,"column":1}},"line":35},"1":{"name":"(anonymous_1)","decl":{"start":{"line":46,"column":34},"end":{"line":46,"column":35}},"loc":{"start":{"line":46,"column":46},"end":{"line":60,"column":3}},"line":46},"2":{"name":"(anonymous_2)","decl":{"start":{"line":63,"column":12},"end":{"line":63,"column":13}},"loc":{"start":{"line":63,"column":18},"end":{"line":65,"column":3}},"line":63},"3":{"name":"(anonymous_3)","decl":{"start":{"line":68,"column":12},"end":{"line":68,"column":13}},"loc":{"start":{"line":68,"column":18},"end":{"line":76,"column":3}},"line":68},"4":{"name":"(anonymous_4)","decl":{"start":{"line":69,"column":21},"end":{"line":69,"column":22}},"loc":{"start":{"line":69,"column":27},"end":{"line":73,"column":5}},"line":69},"5":{"name":"(anonymous_5)","decl":{"start":{"line":75,"column":11},"end":{"line":75,"column":12}},"loc":{"start":{"line":75,"column":17},"end":{"line":75,"column":63}},"line":75},"6":{"name":"(anonymous_6)","decl":{"start":{"line":78,"column":25},"end":{"line":78,"column":26}},"loc":{"start":{"line":78,"column":31},"end":{"line":78,"column":57}},"line":78},"7":{"name":"(anonymous_7)","decl":{"start":{"line":78,"column":47},"end":{"line":78,"column":48}},"loc":{"start":{"line":78,"column":54},"end":{"line":78,"column":56}},"line":78},"8":{"name":"(anonymous_8)","decl":{"start":{"line":79,"column":25},"end":{"line":79,"column":26}},"loc":{"start":{"line":79,"column":31},"end":{"line":79,"column":53}},"line":79},"9":{"name":"(anonymous_9)","decl":{"start":{"line":81,"column":22},"end":{"line":81,"column":23}},"loc":{"start":{"line":82,"column":2},"end":{"line":98,"column":6}},"line":82},"10":{"name":"(anonymous_10)","decl":{"start":{"line":83,"column":12},"end":{"line":83,"column":13}},"loc":{"start":{"line":83,"column":22},"end":{"line":83,"column":46}},"line":83},"11":{"name":"(anonymous_11)","decl":{"start":{"line":84,"column":12},"end":{"line":84,"column":13}},"loc":{"start":{"line":84,"column":22},"end":{"line":84,"column":61}},"line":84},"12":{"name":"(anonymous_12)","decl":{"start":{"line":85,"column":9},"end":{"line":85,"column":10}},"loc":{"start":{"line":86,"column":6},"end":{"line":97,"column":16}},"line":86},"13":{"name":"(anonymous_13)","decl":{"start":{"line":202,"column":25},"end":{"line":202,"column":26}},"loc":{"start":{"line":202,"column":32},"end":{"line":205,"column":17}},"line":202},"14":{"name":"(anonymous_14)","decl":{"start":{"line":257,"column":25},"end":{"line":257,"column":26}},"loc":{"start":{"line":257,"column":32},"end":{"line":257,"column":86}},"line":257},"15":{"name":"(anonymous_15)","decl":{"start":{"line":278,"column":25},"end":{"line":278,"column":26}},"loc":{"start":{"line":278,"column":32},"end":{"line":281,"column":17}},"line":278},"16":{"name":"(anonymous_16)","decl":{"start":{"line":301,"column":18},"end":{"line":301,"column":19}},"loc":{"start":{"line":302,"column":14},"end":{"line":311,"column":24}},"line":302},"17":{"name":"linkStyle","decl":{"start":{"line":323,"column":9},"end":{"line":323,"column":18}},"loc":{"start":{"line":323,"column":25},"end":{"line":333,"column":1}},"line":323},"18":{"name":"iconStyle","decl":{"start":{"line":335,"column":9},"end":{"line":335,"column":18}},"loc":{"start":{"line":335,"column":25},"end":{"line":344,"column":1}},"line":335}},"branchMap":{"0":{"loc":{"start":{"line":42,"column":4},"end":{"line":42,"column":71}},"type":"binary-expr","locations":[{"start":{"line":42,"column":4},"end":{"line":42,"column":33}},{"start":{"line":42,"column":37},"end":{"line":42,"column":71}}],"line":42},"1":{"loc":{"start":{"line":48,"column":4},"end":{"line":48,"column":20}},"type":"if","locations":[{"start":{"line":48,"column":4},"end":{"line":48,"column":20}},{"start":{},"end":{}}],"line":48},"2":{"loc":{"start":{"line":50,"column":4},"end":{"line":55,"column":5}},"type":"if","locations":[{"start":{"line":50,"column":4},"end":{"line":55,"column":5}},{"start":{},"end":{}}],"line":50},"3":{"loc":{"start":{"line":59,"column":28},"end":{"line":59,"column":64}},"type":"cond-expr","locations":[{"start":{"line":59,"column":37},"end":{"line":59,"column":49}},{"start":{"line":59,"column":52},"end":{"line":59,"column":64}}],"line":59},"4":{"loc":{"start":{"line":84,"column":22},"end":{"line":84,"column":61}},"type":"binary-expr","locations":[{"start":{"line":84,"column":22},"end":{"line":84,"column":37}},{"start":{"line":84,"column":41},"end":{"line":84,"column":61}}],"line":84},"5":{"loc":{"start":{"line":91,"column":17},"end":{"line":91,"column":58}},"type":"cond-expr","locations":[{"start":{"line":91,"column":37},"end":{"line":91,"column":46}},{"start":{"line":91,"column":49},"end":{"line":91,"column":58}}],"line":91},"6":{"loc":{"start":{"line":91,"column":17},"end":{"line":91,"column":34}},"type":"binary-expr","locations":[{"start":{"line":91,"column":17},"end":{"line":91,"column":26}},{"start":{"line":91,"column":30},"end":{"line":91,"column":34}}],"line":91},"7":{"loc":{"start":{"line":92,"column":17},"end":{"line":92,"column":49}},"type":"cond-expr","locations":[{"start":{"line":92,"column":29},"end":{"line":92,"column":44}},{"start":{"line":92,"column":47},"end":{"line":92,"column":49}}],"line":92},"8":{"loc":{"start":{"line":94,"column":42},"end":{"line":94,"column":74}},"type":"cond-expr","locations":[{"start":{"line":94,"column":54},"end":{"line":94,"column":69}},{"start":{"line":94,"column":72},"end":{"line":94,"column":74}}],"line":94},"9":{"loc":{"start":{"line":95,"column":11},"end":{"line":95,"column":60}},"type":"binary-expr","locations":[{"start":{"line":95,"column":12},"end":{"line":95,"column":22}},{"start":{"line":95,"column":26},"end":{"line":95,"column":31}},{"start":{"line":95,"column":36},"end":{"line":95,"column":60}}],"line":95},"10":{"loc":{"start":{"line":102,"column":2},"end":{"line":103,"column":92}},"type":"if","locations":[{"start":{"line":102,"column":2},"end":{"line":103,"column":92}},{"start":{"line":103,"column":7},"end":{"line":103,"column":92}}],"line":102},"11":{"loc":{"start":{"line":103,"column":7},"end":{"line":103,"column":92}},"type":"if","locations":[{"start":{"line":103,"column":7},"end":{"line":103,"column":92}},{"start":{},"end":{}}],"line":103},"12":{"loc":{"start":{"line":110,"column":13},"end":{"line":116,"column":12}},"type":"cond-expr","locations":[{"start":{"line":110,"column":25},"end":{"line":116,"column":7}},{"start":{"line":116,"column":10},"end":{"line":116,"column":12}}],"line":110},"13":{"loc":{"start":{"line":111,"column":21},"end":{"line":111,"column":55}},"type":"cond-expr","locations":[{"start":{"line":111,"column":28},"end":{"line":111,"column":40}},{"start":{"line":111,"column":43},"end":{"line":111,"column":55}}],"line":111},"14":{"loc":{"start":{"line":112,"column":21},"end":{"line":112,"column":55}},"type":"cond-expr","locations":[{"start":{"line":112,"column":28},"end":{"line":112,"column":40}},{"start":{"line":112,"column":43},"end":{"line":112,"column":55}}],"line":112},"15":{"loc":{"start":{"line":113,"column":21},"end":{"line":113,"column":55}},"type":"cond-expr","locations":[{"start":{"line":113,"column":28},"end":{"line":113,"column":40}},{"start":{"line":113,"column":43},"end":{"line":113,"column":55}}],"line":113},"16":{"loc":{"start":{"line":118,"column":30},"end":{"line":118,"column":61}},"type":"cond-expr","locations":[{"start":{"line":118,"column":42},"end":{"line":118,"column":56}},{"start":{"line":118,"column":59},"end":{"line":118,"column":61}}],"line":118},"17":{"loc":{"start":{"line":126,"column":9},"end":{"line":152,"column":9}},"type":"binary-expr","locations":[{"start":{"line":126,"column":9},"end":{"line":126,"column":13}},{"start":{"line":127,"column":10},"end":{"line":151,"column":24}}],"line":126},"18":{"loc":{"start":{"line":130,"column":19},"end":{"line":135,"column":18}},"type":"cond-expr","locations":[{"start":{"line":130,"column":31},"end":{"line":135,"column":13}},{"start":{"line":135,"column":16},"end":{"line":135,"column":18}}],"line":130},"19":{"loc":{"start":{"line":132,"column":30},"end":{"line":132,"column":60}},"type":"cond-expr","locations":[{"start":{"line":132,"column":37},"end":{"line":132,"column":45}},{"start":{"line":132,"column":48},"end":{"line":132,"column":60}}],"line":132},"20":{"loc":{"start":{"line":141,"column":16},"end":{"line":143,"column":31}},"type":"cond-expr","locations":[{"start":{"line":142,"column":20},"end":{"line":142,"column":61}},{"start":{"line":143,"column":20},"end":{"line":143,"column":31}}],"line":141},"21":{"loc":{"start":{"line":141,"column":16},"end":{"line":141,"column":33}},"type":"binary-expr","locations":[{"start":{"line":141,"column":16},"end":{"line":141,"column":25}},{"start":{"line":141,"column":29},"end":{"line":141,"column":33}}],"line":141},"22":{"loc":{"start":{"line":145,"column":21},"end":{"line":149,"column":20}},"type":"cond-expr","locations":[{"start":{"line":145,"column":33},"end":{"line":149,"column":15}},{"start":{"line":149,"column":18},"end":{"line":149,"column":20}}],"line":145},"23":{"loc":{"start":{"line":146,"column":28},"end":{"line":146,"column":51}},"type":"cond-expr","locations":[{"start":{"line":146,"column":35},"end":{"line":146,"column":41}},{"start":{"line":146,"column":44},"end":{"line":146,"column":51}}],"line":146},"24":{"loc":{"start":{"line":219,"column":15},"end":{"line":226,"column":15}},"type":"binary-expr","locations":[{"start":{"line":219,"column":15},"end":{"line":219,"column":19}},{"start":{"line":220,"column":16},"end":{"line":225,"column":22}}],"line":219},"25":{"loc":{"start":{"line":221,"column":19},"end":{"line":223,"column":95}},"type":"cond-expr","locations":[{"start":{"line":222,"column":22},"end":{"line":222,"column":98}},{"start":{"line":223,"column":22},"end":{"line":223,"column":95}}],"line":221},"26":{"loc":{"start":{"line":258,"column":23},"end":{"line":258,"column":67}},"type":"cond-expr","locations":[{"start":{"line":258,"column":30},"end":{"line":258,"column":46}},{"start":{"line":258,"column":49},"end":{"line":258,"column":67}}],"line":258},"27":{"loc":{"start":{"line":282,"column":23},"end":{"line":282,"column":63}},"type":"cond-expr","locations":[{"start":{"line":282,"column":43},"end":{"line":282,"column":51}},{"start":{"line":282,"column":54},"end":{"line":282,"column":63}}],"line":282},"28":{"loc":{"start":{"line":282,"column":23},"end":{"line":282,"column":40}},"type":"binary-expr","locations":[{"start":{"line":282,"column":23},"end":{"line":282,"column":32}},{"start":{"line":282,"column":36},"end":{"line":282,"column":40}}],"line":282},"29":{"loc":{"start":{"line":283,"column":23},"end":{"line":283,"column":55}},"type":"cond-expr","locations":[{"start":{"line":283,"column":35},"end":{"line":283,"column":50}},{"start":{"line":283,"column":53},"end":{"line":283,"column":55}}],"line":283},"30":{"loc":{"start":{"line":285,"column":62},"end":{"line":285,"column":94}},"type":"cond-expr","locations":[{"start":{"line":285,"column":74},"end":{"line":285,"column":89}},{"start":{"line":285,"column":92},"end":{"line":285,"column":94}}],"line":285},"31":{"loc":{"start":{"line":286,"column":17},"end":{"line":286,"column":61}},"type":"binary-expr","locations":[{"start":{"line":286,"column":18},"end":{"line":286,"column":28}},{"start":{"line":286,"column":32},"end":{"line":286,"column":37}},{"start":{"line":286,"column":42},"end":{"line":286,"column":61}}],"line":286},"32":{"loc":{"start":{"line":292,"column":11},"end":{"line":294,"column":11}},"type":"binary-expr","locations":[{"start":{"line":292,"column":12},"end":{"line":292,"column":22}},{"start":{"line":292,"column":26},"end":{"line":292,"column":31}},{"start":{"line":293,"column":12},"end":{"line":293,"column":69}}],"line":292},"33":{"loc":{"start":{"line":305,"column":25},"end":{"line":305,"column":67}},"type":"cond-expr","locations":[{"start":{"line":305,"column":45},"end":{"line":305,"column":55}},{"start":{"line":305,"column":58},"end":{"line":305,"column":67}}],"line":305},"34":{"loc":{"start":{"line":305,"column":25},"end":{"line":305,"column":42}},"type":"binary-expr","locations":[{"start":{"line":305,"column":25},"end":{"line":305,"column":34}},{"start":{"line":305,"column":38},"end":{"line":305,"column":42}}],"line":305},"35":{"loc":{"start":{"line":306,"column":25},"end":{"line":306,"column":57}},"type":"cond-expr","locations":[{"start":{"line":306,"column":37},"end":{"line":306,"column":52}},{"start":{"line":306,"column":55},"end":{"line":306,"column":57}}],"line":306},"36":{"loc":{"start":{"line":308,"column":50},"end":{"line":308,"column":82}},"type":"cond-expr","locations":[{"start":{"line":308,"column":62},"end":{"line":308,"column":77}},{"start":{"line":308,"column":80},"end":{"line":308,"column":82}}],"line":308},"37":{"loc":{"start":{"line":309,"column":19},"end":{"line":309,"column":54}},"type":"binary-expr","locations":[{"start":{"line":309,"column":20},"end":{"line":309,"column":30}},{"start":{"line":309,"column":34},"end":{"line":309,"column":39}},{"start":{"line":309,"column":44},"end":{"line":309,"column":54}}],"line":309},"38":{"loc":{"start":{"line":327,"column":20},"end":{"line":327,"column":50}},"type":"cond-expr","locations":[{"start":{"line":327,"column":27},"end":{"line":327,"column":35}},{"start":{"line":327,"column":38},"end":{"line":327,"column":50}}],"line":327},"39":{"loc":{"start":{"line":328,"column":20},"end":{"line":328,"column":57}},"type":"cond-expr","locations":[{"start":{"line":328,"column":27},"end":{"line":328,"column":38}},{"start":{"line":328,"column":41},"end":{"line":328,"column":57}}],"line":328},"40":{"loc":{"start":{"line":340,"column":17},"end":{"line":340,"column":38}},"type":"cond-expr","locations":[{"start":{"line":340,"column":24},"end":{"line":340,"column":27}},{"start":{"line":340,"column":30},"end":{"line":340,"column":38}}],"line":340}},"s":{"0":0,"1":0,"2":0,"3":0,"4":0,"5":0,"6":0,"7":0,"8":0,"9":0,"10":0,"11":0,"12":0,"13":0,"14":0,"15":0,"16":0,"17":0,"18":0,"19":0,"20":0,"21":0,"22":0,"23":0,"24":0,"25":0,"26":0,"27":0,"28":0,"29":0,"30":0,"31":0,"32":0,"33":0,"34":0,"35":0,"36":0,"37":0,"38":0,"39":0,"40":0,"41":0,"42":0,"43":0,"44":0,"45":0,"46":0,"47":0,"48":0,"49":0,"50":0,"51":0,"52":0,"53":0,"54":0,"55":0,"56":0,"57":0},"f":{"0":0,"1":0,"2":0,"3":0,"4":0,"5":0,"6":0,"7":0,"8":0,"9":0,"10":0,"11":0,"12":0,"13":0,"14":0,"15":0,"16":0,"17":0,"18":0},"b":{"0":[0,0],"1":[0,0],"2":[0,0],"3":[0,0],"4":[0,0],"5":[0,0],"6":[0,0],"7":[0,0],"8":[0,0],"9":[0,0,0],"10":[0,0],"11":[0,0],"12":[0,0],"13":[0,0],"14":[0,0],"15":[0,0],"16":[0,0],"17":[0,0],"18":[0,0],"19":[0,0],"20":[0,0],"21":[0,0],"22":[0,0],"23":[0,0],"24":[0,0],"25":[0,0],"26":[0,0],"27":[0,0],"28":[0,0],"29":[0,0],"30":[0,0],"31":[0,0,0],"32":[0,0,0],"33":[0,0],"34":[0,0],"35":[0,0],"36":[0,0],"37":[0,0,0],"38":[0,0],"39":[0,0],"40":[0,0]}}
,"C:\\Users\\DELL\\Downloads\\pfe-project\\frontend\\src\\components\\builder\\BuilderCanvas.jsx": {"path":"C:\\Users\\DELL\\Downloads\\pfe-project\\frontend\\src\\components\\builder\\BuilderCanvas.jsx","statementMap":{"0":{"start":{"line":4,"column":2},"end":{"line":4,"column":25}}},"fnMap":{"0":{"name":"BuilderCanvas","decl":{"start":{"line":3,"column":24},"end":{"line":3,"column":37}},"loc":{"start":{"line":3,"column":40},"end":{"line":5,"column":1}},"line":3}},"branchMap":{},"s":{"0":0},"f":{"0":0},"b":{}}
,"C:\\Users\\DELL\\Downloads\\pfe-project\\frontend\\src\\components\\canvas\\CanvasToolbar.jsx": {"path":"C:\\Users\\DELL\\Downloads\\pfe-project\\frontend\\src\\components\\canvas\\CanvasToolbar.jsx","statementMap":{"0":{"start":{"line":22,"column":23},"end":{"line":22,"column":35}},"1":{"start":{"line":24,"column":2},"end":{"line":78,"column":4}},"2":{"start":{"line":30,"column":31},"end":{"line":30,"column":60}},"3":{"start":{"line":34,"column":29},"end":{"line":34,"column":79}}},"fnMap":{"0":{"name":"CanvasToolbar","decl":{"start":{"line":3,"column":24},"end":{"line":3,"column":37}},"loc":{"start":{"line":21,"column":3},"end":{"line":79,"column":1}},"line":21},"1":{"name":"(anonymous_1)","decl":{"start":{"line":30,"column":25},"end":{"line":30,"column":26}},"loc":{"start":{"line":30,"column":31},"end":{"line":30,"column":60}},"line":30},"2":{"name":"(anonymous_2)","decl":{"start":{"line":34,"column":22},"end":{"line":34,"column":23}},"loc":{"start":{"line":34,"column":29},"end":{"line":34,"column":79}},"line":34}},"branchMap":{"0":{"loc":{"start":{"line":34,"column":29},"end":{"line":34,"column":79}},"type":"binary-expr","locations":[{"start":{"line":34,"column":29},"end":{"line":34,"column":48}},{"start":{"line":34,"column":52},"end":{"line":34,"column":79}}],"line":34},"1":{"loc":{"start":{"line":72,"column":30},"end":{"line":72,"column":76}},"type":"cond-expr","locations":[{"start":{"line":72,"column":44},"end":{"line":72,"column":64}},{"start":{"line":72,"column":67},"end":{"line":72,"column":76}}],"line":72},"2":{"loc":{"start":{"line":73,"column":17},"end":{"line":73,"column":48}},"type":"cond-expr","locations":[{"start":{"line":73,"column":31},"end":{"line":73,"column":40}},{"start":{"line":73,"column":43},"end":{"line":73,"column":48}}],"line":73}},"s":{"0":0,"1":0,"2":0,"3":0},"f":{"0":0,"1":0,"2":0},"b":{"0":[0,0],"1":[0,0],"2":[0,0]}}
,"C:\\Users\\DELL\\Downloads\\pfe-project\\frontend\\src\\components\\canvas\\FlowCanvas.jsx": {"path":"C:\\Users\\DELL\\Downloads\\pfe-project\\frontend\\src\\components\\canvas\\FlowCanvas.jsx","statementMap":{"0":{"start":{"line":6,"column":24},"end":{"line":16,"column":1}},"1":{"start":{"line":19,"column":20},"end":{"line":19,"column":34}},"2":{"start":{"line":20,"column":2},"end":{"line":20,"column":29}},"3":{"start":{"line":22,"column":2},"end":{"line":36,"column":9}},"4":{"start":{"line":23,"column":20},"end":{"line":33,"column":9}},"5":{"start":{"line":24,"column":28},"end":{"line":24,"column":45}},"6":{"start":{"line":25,"column":6},"end":{"line":25,"column":91}},"7":{"start":{"line":25,"column":84},"end":{"line":25,"column":91}},"8":{"start":{"line":29,"column":20},"end":{"line":29,"column":72}},"9":{"start":{"line":32,"column":6},"end":{"line":32,"column":61}},"10":{"start":{"line":35,"column":4},"end":{"line":35,"column":46}},"11":{"start":{"line":35,"column":17},"end":{"line":35,"column":45}},"12":{"start":{"line":38,"column":2},"end":{"line":61,"column":4}},"13":{"start":{"line":54,"column":24},"end":{"line":54,"column":62}},"14":{"start":{"line":55,"column":25},"end":{"line":55,"column":63}}},"fnMap":{"0":{"name":"FlowCanvas","decl":{"start":{"line":18,"column":24},"end":{"line":18,"column":34}},"loc":{"start":{"line":18,"column":47},"end":{"line":62,"column":1}},"line":18},"1":{"name":"(anonymous_1)","decl":{"start":{"line":22,"column":12},"end":{"line":22,"column":13}},"loc":{"start":{"line":22,"column":18},"end":{"line":36,"column":3}},"line":22},"2":{"name":"(anonymous_2)","decl":{"start":{"line":23,"column":38},"end":{"line":23,"column":39}},"loc":{"start":{"line":23,"column":44},"end":{"line":33,"column":5}},"line":23},"3":{"name":"(anonymous_3)","decl":{"start":{"line":35,"column":11},"end":{"line":35,"column":12}},"loc":{"start":{"line":35,"column":17},"end":{"line":35,"column":45}},"line":35},"4":{"name":"(anonymous_4)","decl":{"start":{"line":54,"column":18},"end":{"line":54,"column":19}},"loc":{"start":{"line":54,"column":24},"end":{"line":54,"column":62}},"line":54},"5":{"name":"(anonymous_5)","decl":{"start":{"line":55,"column":19},"end":{"line":55,"column":20}},"loc":{"start":{"line":55,"column":25},"end":{"line":55,"column":63}},"line":55}},"branchMap":{"0":{"loc":{"start":{"line":25,"column":6},"end":{"line":25,"column":91}},"type":"if","locations":[{"start":{"line":25,"column":6},"end":{"line":25,"column":91}},{"start":{},"end":{}}],"line":25},"1":{"loc":{"start":{"line":25,"column":10},"end":{"line":25,"column":82}},"type":"binary-expr","locations":[{"start":{"line":25,"column":10},"end":{"line":25,"column":41}},{"start":{"line":25,"column":45},"end":{"line":25,"column":82}}],"line":25},"2":{"loc":{"start":{"line":29,"column":38},"end":{"line":29,"column":71}},"type":"binary-expr","locations":[{"start":{"line":29,"column":38},"end":{"line":29,"column":62}},{"start":{"line":29,"column":66},"end":{"line":29,"column":71}}],"line":29},"3":{"loc":{"start":{"line":32,"column":35},"end":{"line":32,"column":59}},"type":"binary-expr","locations":[{"start":{"line":32,"column":35},"end":{"line":32,"column":40}},{"start":{"line":32,"column":44},"end":{"line":32,"column":59}}],"line":32}},"s":{"0":0,"1":0,"2":0,"3":0,"4":0,"5":0,"6":0,"7":0,"8":0,"9":0,"10":0,"11":0,"12":0,"13":0,"14":0},"f":{"0":0,"1":0,"2":0,"3":0,"4":0,"5":0},"b":{"0":[0,0],"1":[0,0],"2":[0,0],"3":[0,0]}}
,"C:\\Users\\DELL\\Downloads\\pfe-project\\frontend\\src\\components\\canvas\\JointPaper.jsx": {"path":"C:\\Users\\DELL\\Downloads\\pfe-project\\frontend\\src\\components\\canvas\\JointPaper.jsx","statementMap":{"0":{"start":{"line":6,"column":26},"end":{"line":6,"column":38}},"1":{"start":{"line":7,"column":20},"end":{"line":7,"column":34}},"2":{"start":{"line":8,"column":36},"end":{"line":8,"column":51}},"3":{"start":{"line":9,"column":17},"end":{"line":9,"column":29}},"4":{"start":{"line":11,"column":2},"end":{"line":11,"column":29}},"5":{"start":{"line":14,"column":2},"end":{"line":35,"column":9}},"6":{"start":{"line":15,"column":4},"end":{"line":15,"column":51}},"7":{"start":{"line":15,"column":34},"end":{"line":15,"column":51}},"8":{"start":{"line":17,"column":20},"end":{"line":19,"column":6}},"9":{"start":{"line":24,"column":18},"end":{"line":29,"column":6}},"10":{"start":{"line":25,"column":20},"end":{"line":25,"column":54}},"11":{"start":{"line":26,"column":17},"end":{"line":26,"column":40}},"12":{"start":{"line":27,"column":6},"end":{"line":27,"column":32}},"13":{"start":{"line":27,"column":25},"end":{"line":27,"column":32}},"14":{"start":{"line":28,"column":6},"end":{"line":28,"column":59}},"15":{"start":{"line":31,"column":4},"end":{"line":34,"column":6}},"16":{"start":{"line":32,"column":6},"end":{"line":32,"column":34}},"17":{"start":{"line":33,"column":6},"end":{"line":33,"column":18}},"18":{"start":{"line":38,"column":2},"end":{"line":58,"column":9}},"19":{"start":{"line":39,"column":15},"end":{"line":39,"column":38}},"20":{"start":{"line":40,"column":4},"end":{"line":40,"column":20}},"21":{"start":{"line":40,"column":13},"end":{"line":40,"column":20}},"22":{"start":{"line":42,"column":15},"end":{"line":54,"column":6}},"23":{"start":{"line":43,"column":20},"end":{"line":43,"column":54}},"24":{"start":{"line":44,"column":6},"end":{"line":44,"column":25}},"25":{"start":{"line":44,"column":18},"end":{"line":44,"column":25}},"26":{"start":{"line":45,"column":20},"end":{"line":45,"column":30}},"27":{"start":{"line":48,"column":8},"end":{"line":48,"column":63}},"28":{"start":{"line":50,"column":8},"end":{"line":50,"column":63}},"29":{"start":{"line":51,"column":6},"end":{"line":53,"column":7}},"30":{"start":{"line":52,"column":8},"end":{"line":52,"column":43}},"31":{"start":{"line":56,"column":4},"end":{"line":56,"column":19}},"32":{"start":{"line":57,"column":4},"end":{"line":57,"column":33}},"33":{"start":{"line":57,"column":17},"end":{"line":57,"column":32}},"34":{"start":{"line":61,"column":2},"end":{"line":102,"column":9}},"35":{"start":{"line":62,"column":26},"end":{"line":98,"column":5}},"36":{"start":{"line":63,"column":6},"end":{"line":67,"column":15}},"37":{"start":{"line":67,"column":8},"end":{"line":67,"column":15}},"38":{"start":{"line":69,"column":6},"end":{"line":71,"column":7}},"39":{"start":{"line":70,"column":8},"end":{"line":70,"column":47}},"40":{"start":{"line":73,"column":6},"end":{"line":76,"column":7}},"41":{"start":{"line":74,"column":8},"end":{"line":74,"column":31}},"42":{"start":{"line":75,"column":8},"end":{"line":75,"column":50}},"43":{"start":{"line":79,"column":6},"end":{"line":82,"column":7}},"44":{"start":{"line":80,"column":8},"end":{"line":80,"column":31}},"45":{"start":{"line":81,"column":8},"end":{"line":81,"column":33}},"46":{"start":{"line":85,"column":6},"end":{"line":91,"column":7}},"47":{"start":{"line":89,"column":8},"end":{"line":89,"column":31}},"48":{"start":{"line":90,"column":8},"end":{"line":90,"column":33}},"49":{"start":{"line":94,"column":6},"end":{"line":97,"column":7}},"50":{"start":{"line":95,"column":8},"end":{"line":95,"column":31}},"51":{"start":{"line":96,"column":8},"end":{"line":96,"column":40}},"52":{"start":{"line":100,"column":4},"end":{"line":100,"column":54}},"53":{"start":{"line":101,"column":4},"end":{"line":101,"column":70}},"54":{"start":{"line":101,"column":17},"end":{"line":101,"column":69}},"55":{"start":{"line":105,"column":21},"end":{"line":113,"column":3}},"56":{"start":{"line":106,"column":4},"end":{"line":106,"column":27}},"57":{"start":{"line":107,"column":17},"end":{"line":107,"column":73}},"58":{"start":{"line":108,"column":4},"end":{"line":108,"column":50}},"59":{"start":{"line":108,"column":43},"end":{"line":108,"column":50}},"60":{"start":{"line":111,"column":18},"end":{"line":111,"column":68}},"61":{"start":{"line":112,"column":4},"end":{"line":112,"column":53}},"62":{"start":{"line":116,"column":26},"end":{"line":127,"column":3}},"63":{"start":{"line":117,"column":4},"end":{"line":117,"column":76}},"64":{"start":{"line":117,"column":69},"end":{"line":117,"column":76}},"65":{"start":{"line":118,"column":4},"end":{"line":118,"column":27}},"66":{"start":{"line":119,"column":4},"end":{"line":119,"column":23}},"67":{"start":{"line":120,"column":18},"end":{"line":120,"column":41}},"68":{"start":{"line":121,"column":4},"end":{"line":126,"column":6}},"69":{"start":{"line":129,"column":26},"end":{"line":136,"column":3}},"70":{"start":{"line":130,"column":4},"end":{"line":130,"column":46}},"71":{"start":{"line":130,"column":39},"end":{"line":130,"column":46}},"72":{"start":{"line":131,"column":18},"end":{"line":131,"column":41}},"73":{"start":{"line":132,"column":4},"end":{"line":135,"column":6}},"74":{"start":{"line":138,"column":18},"end":{"line":141,"column":3}},"75":{"start":{"line":139,"column":4},"end":{"line":139,"column":24}},"76":{"start":{"line":140,"column":4},"end":{"line":140,"column":26}},"77":{"start":{"line":143,"column":2},"end":{"line":154,"column":4}},"78":{"start":{"line":146,"column":29},"end":{"line":146,"column":51}}},"fnMap":{"0":{"name":"JointPaper","decl":{"start":{"line":5,"column":24},"end":{"line":5,"column":34}},"loc":{"start":{"line":5,"column":47},"end":{"line":155,"column":1}},"line":5},"1":{"name":"(anonymous_1)","decl":{"start":{"line":14,"column":12},"end":{"line":14,"column":13}},"loc":{"start":{"line":14,"column":18},"end":{"line":35,"column":3}},"line":14},"2":{"name":"(anonymous_2)","decl":{"start":{"line":24,"column":40},"end":{"line":24,"column":41}},"loc":{"start":{"line":24,"column":46},"end":{"line":29,"column":5}},"line":24},"3":{"name":"(anonymous_3)","decl":{"start":{"line":31,"column":11},"end":{"line":31,"column":12}},"loc":{"start":{"line":31,"column":17},"end":{"line":34,"column":5}},"line":31},"4":{"name":"(anonymous_4)","decl":{"start":{"line":38,"column":12},"end":{"line":38,"column":13}},"loc":{"start":{"line":38,"column":18},"end":{"line":58,"column":3}},"line":38},"5":{"name":"(anonymous_5)","decl":{"start":{"line":42,"column":34},"end":{"line":42,"column":35}},"loc":{"start":{"line":42,"column":47},"end":{"line":54,"column":5}},"line":42},"6":{"name":"(anonymous_6)","decl":{"start":{"line":57,"column":11},"end":{"line":57,"column":12}},"loc":{"start":{"line":57,"column":17},"end":{"line":57,"column":32}},"line":57},"7":{"name":"(anonymous_7)","decl":{"start":{"line":61,"column":12},"end":{"line":61,"column":13}},"loc":{"start":{"line":61,"column":18},"end":{"line":102,"column":3}},"line":61},"8":{"name":"(anonymous_8)","decl":{"start":{"line":62,"column":26},"end":{"line":62,"column":27}},"loc":{"start":{"line":62,"column":37},"end":{"line":98,"column":5}},"line":62},"9":{"name":"(anonymous_9)","decl":{"start":{"line":101,"column":11},"end":{"line":101,"column":12}},"loc":{"start":{"line":101,"column":17},"end":{"line":101,"column":69}},"line":101},"10":{"name":"(anonymous_10)","decl":{"start":{"line":105,"column":21},"end":{"line":105,"column":22}},"loc":{"start":{"line":105,"column":32},"end":{"line":113,"column":3}},"line":105},"11":{"name":"(anonymous_11)","decl":{"start":{"line":116,"column":26},"end":{"line":116,"column":27}},"loc":{"start":{"line":116,"column":37},"end":{"line":127,"column":3}},"line":116},"12":{"name":"(anonymous_12)","decl":{"start":{"line":129,"column":26},"end":{"line":129,"column":27}},"loc":{"start":{"line":129,"column":37},"end":{"line":136,"column":3}},"line":129},"13":{"name":"(anonymous_13)","decl":{"start":{"line":138,"column":18},"end":{"line":138,"column":19}},"loc":{"start":{"line":138,"column":24},"end":{"line":141,"column":3}},"line":138},"14":{"name":"(anonymous_14)","decl":{"start":{"line":146,"column":18},"end":{"line":146,"column":19}},"loc":{"start":{"line":146,"column":29},"end":{"line":146,"column":51}},"line":146}},"branchMap":{"0":{"loc":{"start":{"line":15,"column":4},"end":{"line":15,"column":51}},"type":"if","locations":[{"start":{"line":15,"column":4},"end":{"line":15,"column":51}},{"start":{},"end":{}}],"line":15},"1":{"loc":{"start":{"line":27,"column":6},"end":{"line":27,"column":32}},"type":"if","locations":[{"start":{"line":27,"column":6},"end":{"line":27,"column":32}},{"start":{},"end":{}}],"line":27},"2":{"loc":{"start":{"line":27,"column":10},"end":{"line":27,"column":23}},"type":"binary-expr","locations":[{"start":{"line":27,"column":10},"end":{"line":27,"column":16}},{"start":{"line":27,"column":20},"end":{"line":27,"column":23}}],"line":27},"3":{"loc":{"start":{"line":40,"column":4},"end":{"line":40,"column":20}},"type":"if","locations":[{"start":{"line":40,"column":4},"end":{"line":40,"column":20}},{"start":{},"end":{}}],"line":40},"4":{"loc":{"start":{"line":44,"column":6},"end":{"line":44,"column":25}},"type":"if","locations":[{"start":{"line":44,"column":6},"end":{"line":44,"column":25}},{"start":{},"end":{}}],"line":44},"5":{"loc":{"start":{"line":48,"column":8},"end":{"line":48,"column":63}},"type":"binary-expr","locations":[{"start":{"line":48,"column":8},"end":{"line":48,"column":45}},{"start":{"line":48,"column":49},"end":{"line":48,"column":63}}],"line":48},"6":{"loc":{"start":{"line":50,"column":8},"end":{"line":50,"column":63}},"type":"binary-expr","locations":[{"start":{"line":50,"column":8},"end":{"line":50,"column":44}},{"start":{"line":50,"column":48},"end":{"line":50,"column":63}}],"line":50},"7":{"loc":{"start":{"line":51,"column":6},"end":{"line":53,"column":7}},"type":"if","locations":[{"start":{"line":51,"column":6},"end":{"line":53,"column":7}},{"start":{},"end":{}}],"line":51},"8":{"loc":{"start":{"line":51,"column":10},"end":{"line":51,"column":33}},"type":"binary-expr","locations":[{"start":{"line":51,"column":10},"end":{"line":51,"column":19}},{"start":{"line":51,"column":23},"end":{"line":51,"column":33}}],"line":51},"9":{"loc":{"start":{"line":63,"column":6},"end":{"line":67,"column":15}},"type":"if","locations":[{"start":{"line":63,"column":6},"end":{"line":67,"column":15}},{"start":{},"end":{}}],"line":63},"10":{"loc":{"start":{"line":64,"column":8},"end":{"line":65,"column":44}},"type":"binary-expr","locations":[{"start":{"line":64,"column":8},"end":{"line":64,"column":41}},{"start":{"line":65,"column":8},"end":{"line":65,"column":44}}],"line":64},"11":{"loc":{"start":{"line":69,"column":6},"end":{"line":71,"column":7}},"type":"if","locations":[{"start":{"line":69,"column":6},"end":{"line":71,"column":7}},{"start":{},"end":{}}],"line":69},"12":{"loc":{"start":{"line":69,"column":10},"end":{"line":69,"column":61}},"type":"binary-expr","locations":[{"start":{"line":69,"column":10},"end":{"line":69,"column":32}},{"start":{"line":69,"column":36},"end":{"line":69,"column":61}}],"line":69},"13":{"loc":{"start":{"line":73,"column":6},"end":{"line":76,"column":7}},"type":"if","locations":[{"start":{"line":73,"column":6},"end":{"line":76,"column":7}},{"start":{},"end":{}}],"line":73},"14":{"loc":{"start":{"line":73,"column":10},"end":{"line":73,"column":77}},"type":"binary-expr","locations":[{"start":{"line":73,"column":11},"end":{"line":73,"column":24}},{"start":{"line":73,"column":28},"end":{"line":73,"column":41}},{"start":{"line":73,"column":46},"end":{"line":73,"column":77}}],"line":73},"15":{"loc":{"start":{"line":79,"column":6},"end":{"line":82,"column":7}},"type":"if","locations":[{"start":{"line":79,"column":6},"end":{"line":82,"column":7}},{"start":{},"end":{}}],"line":79},"16":{"loc":{"start":{"line":79,"column":10},"end":{"line":79,"column":96}},"type":"binary-expr","locations":[{"start":{"line":79,"column":11},"end":{"line":79,"column":24}},{"start":{"line":79,"column":28},"end":{"line":79,"column":41}},{"start":{"line":79,"column":46},"end":{"line":79,"column":61}},{"start":{"line":79,"column":65},"end":{"line":79,"column":96}}],"line":79},"17":{"loc":{"start":{"line":85,"column":6},"end":{"line":91,"column":7}},"type":"if","locations":[{"start":{"line":85,"column":6},"end":{"line":91,"column":7}},{"start":{},"end":{}}],"line":85},"18":{"loc":{"start":{"line":86,"column":8},"end":{"line":87,"column":95}},"type":"binary-expr","locations":[{"start":{"line":86,"column":10},"end":{"line":86,"column":23}},{"start":{"line":86,"column":27},"end":{"line":86,"column":40}},{"start":{"line":86,"column":45},"end":{"line":86,"column":76}},{"start":{"line":87,"column":10},"end":{"line":87,"column":23}},{"start":{"line":87,"column":27},"end":{"line":87,"column":40}},{"start":{"line":87,"column":45},"end":{"line":87,"column":59}},{"start":{"line":87,"column":63},"end":{"line":87,"column":94}}],"line":86},"19":{"loc":{"start":{"line":94,"column":6},"end":{"line":97,"column":7}},"type":"if","locations":[{"start":{"line":94,"column":6},"end":{"line":97,"column":7}},{"start":{},"end":{}}],"line":94},"20":{"loc":{"start":{"line":94,"column":10},"end":{"line":94,"column":95}},"type":"binary-expr","locations":[{"start":{"line":94,"column":11},"end":{"line":94,"column":24}},{"start":{"line":94,"column":28},"end":{"line":94,"column":41}},{"start":{"line":94,"column":46},"end":{"line":94,"column":60}},{"start":{"line":94,"column":64},"end":{"line":94,"column":95}}],"line":94},"21":{"loc":{"start":{"line":108,"column":4},"end":{"line":108,"column":50}},"type":"if","locations":[{"start":{"line":108,"column":4},"end":{"line":108,"column":50}},{"start":{},"end":{}}],"line":108},"22":{"loc":{"start":{"line":108,"column":8},"end":{"line":108,"column":41}},"type":"binary-expr","locations":[{"start":{"line":108,"column":8},"end":{"line":108,"column":13}},{"start":{"line":108,"column":17},"end":{"line":108,"column":41}}],"line":108},"23":{"loc":{"start":{"line":117,"column":4},"end":{"line":117,"column":76}},"type":"if","locations":[{"start":{"line":117,"column":4},"end":{"line":117,"column":76}},{"start":{},"end":{}}],"line":117},"24":{"loc":{"start":{"line":117,"column":8},"end":{"line":117,"column":67}},"type":"binary-expr","locations":[{"start":{"line":117,"column":8},"end":{"line":117,"column":26}},{"start":{"line":117,"column":30},"end":{"line":117,"column":67}}],"line":117},"25":{"loc":{"start":{"line":117,"column":32},"end":{"line":117,"column":66}},"type":"binary-expr","locations":[{"start":{"line":117,"column":32},"end":{"line":117,"column":50}},{"start":{"line":117,"column":54},"end":{"line":117,"column":66}}],"line":117},"26":{"loc":{"start":{"line":130,"column":4},"end":{"line":130,"column":46}},"type":"if","locations":[{"start":{"line":130,"column":4},"end":{"line":130,"column":46}},{"start":{},"end":{}}],"line":130},"27":{"loc":{"start":{"line":130,"column":8},"end":{"line":130,"column":37}},"type":"binary-expr","locations":[{"start":{"line":130,"column":8},"end":{"line":130,"column":18}},{"start":{"line":130,"column":22},"end":{"line":130,"column":37}}],"line":130},"28":{"loc":{"start":{"line":145,"column":36},"end":{"line":145,"column":66}},"type":"cond-expr","locations":[{"start":{"line":145,"column":48},"end":{"line":145,"column":61}},{"start":{"line":145,"column":64},"end":{"line":145,"column":66}}],"line":145}},"s":{"0":0,"1":0,"2":0,"3":0,"4":0,"5":0,"6":0,"7":0,"8":0,"9":0,"10":0,"11":0,"12":0,"13":0,"14":0,"15":0,"16":0,"17":0,"18":0,"19":0,"20":0,"21":0,"22":0,"23":0,"24":0,"25":0,"26":0,"27":0,"28":0,"29":0,"30":0,"31":0,"32":0,"33":0,"34":0,"35":0,"36":0,"37":0,"38":0,"39":0,"40":0,"41":0,"42":0,"43":0,"44":0,"45":0,"46":0,"47":0,"48":0,"49":0,"50":0,"51":0,"52":0,"53":0,"54":0,"55":0,"56":0,"57":0,"58":0,"59":0,"60":0,"61":0,"62":0,"63":0,"64":0,"65":0,"66":0,"67":0,"68":0,"69":0,"70":0,"71":0,"72":0,"73":0,"74":0,"75":0,"76":0,"77":0,"78":0},"f":{"0":0,"1":0,"2":0,"3":0,"4":0,"5":0,"6":0,"7":0,"8":0,"9":0,"10":0,"11":0,"12":0,"13":0,"14":0},"b":{"0":[0,0],"1":[0,0],"2":[0,0],"3":[0,0],"4":[0,0],"5":[0,0],"6":[0,0],"7":[0,0],"8":[0,0],"9":[0,0],"10":[0,0],"11":[0,0],"12":[0,0],"13":[0,0],"14":[0,0,0],"15":[0,0],"16":[0,0,0,0],"17":[0,0],"18":[0,0,0,0,0,0,0],"19":[0,0],"20":[0,0,0,0],"21":[0,0],"22":[0,0],"23":[0,0],"24":[0,0],"25":[0,0],"26":[0,0],"27":[0,0],"28":[0,0]}}
,"C:\\Users\\DELL\\Downloads\\pfe-project\\frontend\\src\\components\\execution\\ExecutionResultPanel.jsx": {"path":"C:\\Users\\DELL\\Downloads\\pfe-project\\frontend\\src\\components\\execution\\ExecutionResultPanel.jsx","statementMap":{"0":{"start":{"line":6,"column":2},"end":{"line":6,"column":30}},"1":{"start":{"line":6,"column":18},"end":{"line":6,"column":30}},"2":{"start":{"line":7,"column":2},"end":{"line":7,"column":64}},"3":{"start":{"line":11,"column":2},"end":{"line":11,"column":23}},"4":{"start":{"line":11,"column":11},"end":{"line":11,"column":23}},"5":{"start":{"line":12,"column":2},"end":{"line":16,"column":5}},"6":{"start":{"line":21,"column":2},"end":{"line":21,"column":87}},"7":{"start":{"line":21,"column":41},"end":{"line":21,"column":87}},"8":{"start":{"line":22,"column":2},"end":{"line":25,"column":6}},"9":{"start":{"line":23,"column":4},"end":{"line":25,"column":6}},"10":{"start":{"line":26,"column":2},"end":{"line":27,"column":72}},"11":{"start":{"line":27,"column":4},"end":{"line":27,"column":72}},"12":{"start":{"line":28,"column":2},"end":{"line":28,"column":28}},"13":{"start":{"line":37,"column":2},"end":{"line":39,"column":3}},"14":{"start":{"line":38,"column":4},"end":{"line":38,"column":69}},"15":{"start":{"line":42,"column":2},"end":{"line":48,"column":3}},"16":{"start":{"line":43,"column":4},"end":{"line":47,"column":6}},"17":{"start":{"line":51,"column":2},"end":{"line":57,"column":3}},"18":{"start":{"line":52,"column":4},"end":{"line":56,"column":6}},"19":{"start":{"line":60,"column":2},"end":{"line":62,"column":3}},"20":{"start":{"line":61,"column":4},"end":{"line":61,"column":59}},"21":{"start":{"line":65,"column":2},"end":{"line":82,"column":3}},"22":{"start":{"line":66,"column":4},"end":{"line":67,"column":70}},"23":{"start":{"line":67,"column":6},"end":{"line":67,"column":70}},"24":{"start":{"line":68,"column":4},"end":{"line":81,"column":6}},"25":{"start":{"line":72,"column":12},"end":{"line":77,"column":17}},"26":{"start":{"line":85,"column":2},"end":{"line":103,"column":3}},"27":{"start":{"line":86,"column":20},"end":{"line":86,"column":74}},"28":{"start":{"line":86,"column":59},"end":{"line":86,"column":73}},"29":{"start":{"line":87,"column":4},"end":{"line":88,"column":71}},"30":{"start":{"line":88,"column":6},"end":{"line":88,"column":71}},"31":{"start":{"line":89,"column":4},"end":{"line":102,"column":6}},"32":{"start":{"line":93,"column":12},"end":{"line":98,"column":17}},"33":{"start":{"line":105,"column":2},"end":{"line":105,"column":65}},"34":{"start":{"line":110,"column":15},"end":{"line":115,"column":1}},"35":{"start":{"line":118,"column":26},"end":{"line":118,"column":41}},"36":{"start":{"line":121,"column":2},"end":{"line":123,"column":15}},"37":{"start":{"line":122,"column":4},"end":{"line":122,"column":63}},"38":{"start":{"line":122,"column":49},"end":{"line":122,"column":63}},"39":{"start":{"line":125,"column":21},"end":{"line":125,"column":60}},"40":{"start":{"line":126,"column":21},"end":{"line":126,"column":78}},"41":{"start":{"line":127,"column":21},"end":{"line":127,"column":96}},"42":{"start":{"line":128,"column":21},"end":{"line":128,"column":38}},"43":{"start":{"line":130,"column":2},"end":{"line":225,"column":4}},"44":{"start":{"line":136,"column":23},"end":{"line":136,"column":41}},"45":{"start":{"line":136,"column":38},"end":{"line":136,"column":40}}},"fnMap":{"0":{"name":"formatDuration","decl":{"start":{"line":5,"column":9},"end":{"line":5,"column":23}},"loc":{"start":{"line":5,"column":28},"end":{"line":8,"column":1}},"line":5},"1":{"name":"formatTime","decl":{"start":{"line":10,"column":9},"end":{"line":10,"column":19}},"loc":{"start":{"line":10,"column":24},"end":{"line":17,"column":1}},"line":10},"2":{"name":"CellValue","decl":{"start":{"line":20,"column":9},"end":{"line":20,"column":18}},"loc":{"start":{"line":20,"column":28},"end":{"line":29,"column":1}},"line":20},"3":{"name":"OutputDisplay","decl":{"start":{"line":35,"column":9},"end":{"line":35,"column":22}},"loc":{"start":{"line":35,"column":35},"end":{"line":106,"column":1}},"line":35},"4":{"name":"(anonymous_4)","decl":{"start":{"line":71,"column":22},"end":{"line":71,"column":23}},"loc":{"start":{"line":72,"column":12},"end":{"line":77,"column":17}},"line":72},"5":{"name":"(anonymous_5)","decl":{"start":{"line":86,"column":50},"end":{"line":86,"column":51}},"loc":{"start":{"line":86,"column":59},"end":{"line":86,"column":73}},"line":86},"6":{"name":"(anonymous_6)","decl":{"start":{"line":92,"column":23},"end":{"line":92,"column":24}},"loc":{"start":{"line":93,"column":12},"end":{"line":98,"column":17}},"line":93},"7":{"name":"ExecutionResultPanel","decl":{"start":{"line":117,"column":24},"end":{"line":117,"column":44}},"loc":{"start":{"line":117,"column":68},"end":{"line":226,"column":1}},"line":117},"8":{"name":"(anonymous_8)","decl":{"start":{"line":121,"column":12},"end":{"line":121,"column":13}},"loc":{"start":{"line":121,"column":18},"end":{"line":123,"column":3}},"line":121},"9":{"name":"(anonymous_9)","decl":{"start":{"line":136,"column":17},"end":{"line":136,"column":18}},"loc":{"start":{"line":136,"column":23},"end":{"line":136,"column":41}},"line":136},"10":{"name":"(anonymous_10)","decl":{"start":{"line":136,"column":31},"end":{"line":136,"column":32}},"loc":{"start":{"line":136,"column":38},"end":{"line":136,"column":40}},"line":136}},"branchMap":{"0":{"loc":{"start":{"line":6,"column":2},"end":{"line":6,"column":30}},"type":"if","locations":[{"start":{"line":6,"column":2},"end":{"line":6,"column":30}},{"start":{},"end":{}}],"line":6},"1":{"loc":{"start":{"line":7,"column":9},"end":{"line":7,"column":63}},"type":"cond-expr","locations":[{"start":{"line":7,"column":21},"end":{"line":7,"column":31}},{"start":{"line":7,"column":34},"end":{"line":7,"column":63}}],"line":7},"2":{"loc":{"start":{"line":11,"column":2},"end":{"line":11,"column":23}},"type":"if","locations":[{"start":{"line":11,"column":2},"end":{"line":11,"column":23}},{"start":{},"end":{}}],"line":11},"3":{"loc":{"start":{"line":21,"column":2},"end":{"line":21,"column":87}},"type":"if","locations":[{"start":{"line":21,"column":2},"end":{"line":21,"column":87}},{"start":{},"end":{}}],"line":21},"4":{"loc":{"start":{"line":21,"column":6},"end":{"line":21,"column":39}},"type":"binary-expr","locations":[{"start":{"line":21,"column":6},"end":{"line":21,"column":18}},{"start":{"line":21,"column":22},"end":{"line":21,"column":39}}],"line":21},"5":{"loc":{"start":{"line":22,"column":2},"end":{"line":25,"column":6}},"type":"if","locations":[{"start":{"line":22,"column":2},"end":{"line":25,"column":6}},{"start":{},"end":{}}],"line":22},"6":{"loc":{"start":{"line":24,"column":23},"end":{"line":24,"column":63}},"type":"cond-expr","locations":[{"start":{"line":24,"column":29},"end":{"line":24,"column":44}},{"start":{"line":24,"column":47},"end":{"line":24,"column":63}}],"line":24},"7":{"loc":{"start":{"line":26,"column":2},"end":{"line":27,"column":72}},"type":"if","locations":[{"start":{"line":26,"column":2},"end":{"line":27,"column":72}},{"start":{},"end":{}}],"line":26},"8":{"loc":{"start":{"line":37,"column":2},"end":{"line":39,"column":3}},"type":"if","locations":[{"start":{"line":37,"column":2},"end":{"line":39,"column":3}},{"start":{},"end":{}}],"line":37},"9":{"loc":{"start":{"line":37,"column":6},"end":{"line":37,"column":45}},"type":"binary-expr","locations":[{"start":{"line":37,"column":6},"end":{"line":37,"column":21}},{"start":{"line":37,"column":25},"end":{"line":37,"column":45}}],"line":37},"10":{"loc":{"start":{"line":42,"column":2},"end":{"line":48,"column":3}},"type":"if","locations":[{"start":{"line":42,"column":2},"end":{"line":48,"column":3}},{"start":{},"end":{}}],"line":42},"11":{"loc":{"start":{"line":45,"column":9},"end":{"line":45,"column":68}},"type":"cond-expr","locations":[{"start":{"line":45,"column":36},"end":{"line":45,"column":59}},{"start":{"line":45,"column":62},"end":{"line":45,"column":68}}],"line":45},"12":{"loc":{"start":{"line":51,"column":2},"end":{"line":57,"column":3}},"type":"if","locations":[{"start":{"line":51,"column":2},"end":{"line":57,"column":3}},{"start":{},"end":{}}],"line":51},"13":{"loc":{"start":{"line":53,"column":41},"end":{"line":53,"column":84}},"type":"cond-expr","locations":[{"start":{"line":53,"column":50},"end":{"line":53,"column":65}},{"start":{"line":53,"column":68},"end":{"line":53,"column":84}}],"line":53},"14":{"loc":{"start":{"line":60,"column":2},"end":{"line":62,"column":3}},"type":"if","locations":[{"start":{"line":60,"column":2},"end":{"line":62,"column":3}},{"start":{},"end":{}}],"line":60},"15":{"loc":{"start":{"line":65,"column":2},"end":{"line":82,"column":3}},"type":"if","locations":[{"start":{"line":65,"column":2},"end":{"line":82,"column":3}},{"start":{},"end":{}}],"line":65},"16":{"loc":{"start":{"line":66,"column":4},"end":{"line":67,"column":70}},"type":"if","locations":[{"start":{"line":66,"column":4},"end":{"line":67,"column":70}},{"start":{},"end":{}}],"line":66},"17":{"loc":{"start":{"line":85,"column":2},"end":{"line":103,"column":3}},"type":"if","locations":[{"start":{"line":85,"column":2},"end":{"line":103,"column":3}},{"start":{},"end":{}}],"line":85},"18":{"loc":{"start":{"line":87,"column":4},"end":{"line":88,"column":71}},"type":"if","locations":[{"start":{"line":87,"column":4},"end":{"line":88,"column":71}},{"start":{},"end":{}}],"line":87},"19":{"loc":{"start":{"line":122,"column":4},"end":{"line":122,"column":63}},"type":"if","locations":[{"start":{"line":122,"column":4},"end":{"line":122,"column":63}},{"start":{},"end":{}}],"line":122},"20":{"loc":{"start":{"line":122,"column":8},"end":{"line":122,"column":47}},"type":"binary-expr","locations":[{"start":{"line":122,"column":8},"end":{"line":122,"column":23}},{"start":{"line":122,"column":27},"end":{"line":122,"column":47}}],"line":122},"21":{"loc":{"start":{"line":125,"column":21},"end":{"line":125,"column":60}},"type":"binary-expr","locations":[{"start":{"line":125,"column":21},"end":{"line":125,"column":36}},{"start":{"line":125,"column":40},"end":{"line":125,"column":60}}],"line":125},"22":{"loc":{"start":{"line":126,"column":21},"end":{"line":126,"column":78}},"type":"binary-expr","locations":[{"start":{"line":126,"column":21},"end":{"line":126,"column":30}},{"start":{"line":126,"column":35},"end":{"line":126,"column":47}},{"start":{"line":126,"column":51},"end":{"line":126,"column":77}}],"line":126},"23":{"loc":{"start":{"line":127,"column":21},"end":{"line":127,"column":96}},"type":"cond-expr","locations":[{"start":{"line":127,"column":33},"end":{"line":127,"column":42}},{"start":{"line":127,"column":45},"end":{"line":127,"column":96}}],"line":127},"24":{"loc":{"start":{"line":127,"column":45},"end":{"line":127,"column":96}},"type":"cond-expr","locations":[{"start":{"line":127,"column":55},"end":{"line":127,"column":63}},{"start":{"line":127,"column":66},"end":{"line":127,"column":96}}],"line":127},"25":{"loc":{"start":{"line":127,"column":66},"end":{"line":127,"column":96}},"type":"cond-expr","locations":[{"start":{"line":127,"column":78},"end":{"line":127,"column":87}},{"start":{"line":127,"column":90},"end":{"line":127,"column":96}}],"line":127},"26":{"loc":{"start":{"line":131,"column":32},"end":{"line":131,"column":62}},"type":"cond-expr","locations":[{"start":{"line":131,"column":39},"end":{"line":131,"column":57}},{"start":{"line":131,"column":60},"end":{"line":131,"column":62}}],"line":131},"27":{"loc":{"start":{"line":138,"column":15},"end":{"line":138,"column":77}},"type":"cond-expr","locations":[{"start":{"line":138,"column":22},"end":{"line":138,"column":49}},{"start":{"line":138,"column":52},"end":{"line":138,"column":77}}],"line":138},"28":{"loc":{"start":{"line":142,"column":31},"end":{"line":142,"column":65}},"type":"cond-expr","locations":[{"start":{"line":142,"column":43},"end":{"line":142,"column":60}},{"start":{"line":142,"column":63},"end":{"line":142,"column":65}}],"line":142},"29":{"loc":{"start":{"line":150,"column":9},"end":{"line":155,"column":9}},"type":"binary-expr","locations":[{"start":{"line":150,"column":9},"end":{"line":150,"column":35}},{"start":{"line":151,"column":10},"end":{"line":154,"column":17}}],"line":150},"30":{"loc":{"start":{"line":158,"column":9},"end":{"line":160,"column":9}},"type":"binary-expr","locations":[{"start":{"line":158,"column":9},"end":{"line":158,"column":34}},{"start":{"line":159,"column":10},"end":{"line":159,"column":74}}],"line":158},"31":{"loc":{"start":{"line":166,"column":39},"end":{"line":166,"column":55}},"type":"cond-expr","locations":[{"start":{"line":166,"column":46},"end":{"line":166,"column":49}},{"start":{"line":166,"column":52},"end":{"line":166,"column":55}}],"line":166},"32":{"loc":{"start":{"line":170,"column":7},"end":{"line":223,"column":7}},"type":"binary-expr","locations":[{"start":{"line":170,"column":7},"end":{"line":170,"column":11}},{"start":{"line":171,"column":8},"end":{"line":222,"column":14}}],"line":170},"33":{"loc":{"start":{"line":174,"column":11},"end":{"line":178,"column":11}},"type":"binary-expr","locations":[{"start":{"line":174,"column":11},"end":{"line":174,"column":21}},{"start":{"line":174,"column":25},"end":{"line":174,"column":35}},{"start":{"line":175,"column":12},"end":{"line":177,"column":16}}],"line":174},"34":{"loc":{"start":{"line":181,"column":11},"end":{"line":186,"column":11}},"type":"binary-expr","locations":[{"start":{"line":181,"column":11},"end":{"line":181,"column":20}},{"start":{"line":182,"column":12},"end":{"line":185,"column":16}}],"line":181},"35":{"loc":{"start":{"line":189,"column":11},"end":{"line":221,"column":11}},"type":"binary-expr","locations":[{"start":{"line":189,"column":11},"end":{"line":189,"column":20}},{"start":{"line":189,"column":24},"end":{"line":189,"column":34}},{"start":{"line":190,"column":12},"end":{"line":220,"column":18}}],"line":189},"36":{"loc":{"start":{"line":193,"column":15},"end":{"line":203,"column":15}},"type":"binary-expr","locations":[{"start":{"line":193,"column":15},"end":{"line":193,"column":23}},{"start":{"line":194,"column":16},"end":{"line":202,"column":26}}],"line":193},"37":{"loc":{"start":{"line":206,"column":15},"end":{"line":218,"column":15}},"type":"binary-expr","locations":[{"start":{"line":206,"column":15},"end":{"line":206,"column":22}},{"start":{"line":207,"column":16},"end":{"line":217,"column":26}}],"line":206},"38":{"loc":{"start":{"line":214,"column":23},"end":{"line":214,"column":87}},"type":"binary-expr","locations":[{"start":{"line":214,"column":23},"end":{"line":214,"column":35}},{"start":{"line":214,"column":39},"end":{"line":214,"column":87}}],"line":214}},"s":{"0":0,"1":0,"2":0,"3":0,"4":0,"5":0,"6":0,"7":0,"8":0,"9":0,"10":0,"11":0,"12":0,"13":0,"14":0,"15":0,"16":0,"17":0,"18":0,"19":0,"20":0,"21":0,"22":0,"23":0,"24":0,"25":0,"26":0,"27":0,"28":0,"29":0,"30":0,"31":0,"32":0,"33":0,"34":0,"35":0,"36":0,"37":0,"38":0,"39":0,"40":0,"41":0,"42":0,"43":0,"44":0,"45":0},"f":{"0":0,"1":0,"2":0,"3":0,"4":0,"5":0,"6":0,"7":0,"8":0,"9":0,"10":0},"b":{"0":[0,0],"1":[0,0],"2":[0,0],"3":[0,0],"4":[0,0],"5":[0,0],"6":[0,0],"7":[0,0],"8":[0,0],"9":[0,0],"10":[0,0],"11":[0,0],"12":[0,0],"13":[0,0],"14":[0,0],"15":[0,0],"16":[0,0],"17":[0,0],"18":[0,0],"19":[0,0],"20":[0,0],"21":[0,0],"22":[0,0,0],"23":[0,0],"24":[0,0],"25":[0,0],"26":[0,0],"27":[0,0],"28":[0,0],"29":[0,0],"30":[0,0],"31":[0,0],"32":[0,0],"33":[0,0,0],"34":[0,0],"35":[0,0,0],"36":[0,0],"37":[0,0],"38":[0,0]}}
,"C:\\Users\\DELL\\Downloads\\pfe-project\\frontend\\src\\components\\nodes\\ActionNode.jsx": {"path":"C:\\Users\\DELL\\Downloads\\pfe-project\\frontend\\src\\components\\nodes\\ActionNode.jsx","statementMap":{"0":{"start":{"line":4,"column":2},"end":{"line":4,"column":33}}},"fnMap":{"0":{"name":"ActionNode","decl":{"start":{"line":3,"column":24},"end":{"line":3,"column":34}},"loc":{"start":{"line":3,"column":42},"end":{"line":5,"column":1}},"line":3}},"branchMap":{},"s":{"0":0},"f":{"0":0},"b":{}}
,"C:\\Users\\DELL\\Downloads\\pfe-project\\frontend\\src\\components\\nodes\\BaseNode.jsx": {"path":"C:\\Users\\DELL\\Downloads\\pfe-project\\frontend\\src\\components\\nodes\\BaseNode.jsx","statementMap":{"0":{"start":{"line":2,"column":2},"end":{"line":12,"column":4}}},"fnMap":{"0":{"name":"BaseNode","decl":{"start":{"line":1,"column":24},"end":{"line":1,"column":32}},"loc":{"start":{"line":1,"column":67},"end":{"line":13,"column":1}},"line":1}},"branchMap":{},"s":{"0":0},"f":{"0":0},"b":{}}
,"C:\\Users\\DELL\\Downloads\\pfe-project\\frontend\\src\\components\\nodes\\DecisionNode.jsx": {"path":"C:\\Users\\DELL\\Downloads\\pfe-project\\frontend\\src\\components\\nodes\\DecisionNode.jsx","statementMap":{"0":{"start":{"line":4,"column":2},"end":{"line":4,"column":33}}},"fnMap":{"0":{"name":"DecisionNode","decl":{"start":{"line":3,"column":24},"end":{"line":3,"column":36}},"loc":{"start":{"line":3,"column":44},"end":{"line":5,"column":1}},"line":3}},"branchMap":{},"s":{"0":0},"f":{"0":0},"b":{}}
,"C:\\Users\\DELL\\Downloads\\pfe-project\\frontend\\src\\components\\nodes\\InputNode.jsx": {"path":"C:\\Users\\DELL\\Downloads\\pfe-project\\frontend\\src\\components\\nodes\\InputNode.jsx","statementMap":{"0":{"start":{"line":4,"column":2},"end":{"line":4,"column":33}}},"fnMap":{"0":{"name":"InputNode","decl":{"start":{"line":3,"column":24},"end":{"line":3,"column":33}},"loc":{"start":{"line":3,"column":41},"end":{"line":5,"column":1}},"line":3}},"branchMap":{},"s":{"0":0},"f":{"0":0},"b":{}}
[...]
tart":{"line":1539,"column":42},"end":{"line":1539,"column":60}},"91":{"start":{"line":1557,"column":42},"end":{"line":1557,"column":60}},"92":{"start":{"line":1575,"column":42},"end":{"line":1575,"column":60}},"93":{"start":{"line":1611,"column":42},"end":{"line":1611,"column":60}},"94":{"start":{"line":1618,"column":44},"end":{"line":1618,"column":62}},"95":{"start":{"line":1624,"column":44},"end":{"line":1624,"column":62}},"96":{"start":{"line":1630,"column":44},"end":{"line":1630,"column":62}}},"fnMap":{"0":{"name":"(anonymous_0)","decl":{"start":{"line":41,"column":15},"end":{"line":41,"column":16}},"loc":{"start":{"line":41,"column":21},"end":{"line":1646,"column":1}},"line":41},"1":{"name":"(anonymous_1)","decl":{"start":{"line":72,"column":35},"end":{"line":72,"column":36}},"loc":{"start":{"line":72,"column":42},"end":{"line":72,"column":60}},"line":72},"2":{"name":"(anonymous_2)","decl":{"start":{"line":99,"column":35},"end":{"line":99,"column":36}},"loc":{"start":{"line":99,"column":42},"end":{"line":99,"column":60}},"line":99},"3":{"name":"(anonymous_3)","decl":{"start":{"line":117,"column":35},"end":{"line":117,"column":36}},"loc":{"start":{"line":117,"column":42},"end":{"line":117,"column":60}},"line":117},"4":{"name":"(anonymous_4)","decl":{"start":{"line":135,"column":35},"end":{"line":135,"column":36}},"loc":{"start":{"line":135,"column":42},"end":{"line":135,"column":60}},"line":135},"5":{"name":"(anonymous_5)","decl":{"start":{"line":153,"column":35},"end":{"line":153,"column":36}},"loc":{"start":{"line":153,"column":42},"end":{"line":153,"column":60}},"line":153},"6":{"name":"(anonymous_6)","decl":{"start":{"line":189,"column":35},"end":{"line":189,"column":36}},"loc":{"start":{"line":189,"column":42},"end":{"line":189,"column":60}},"line":189},"7":{"name":"(anonymous_7)","decl":{"start":{"line":196,"column":37},"end":{"line":196,"column":38}},"loc":{"start":{"line":196,"column":44},"end":{"line":196,"column":62}},"line":196},"8":{"name":"(anonymous_8)","decl":{"start":{"line":202,"column":37},"end":{"line":202,"column":38}},"loc":{"start":{"line":202,"column":44},"end":{"line":202,"column":62}},"line":202},"9":{"name":"(anonymous_9)","decl":{"start":{"line":208,"column":37},"end":{"line":208,"column":38}},"loc":{"start":{"line":208,"column":44},"end":{"line":208,"column":62}},"line":208},"10":{"name":"(anonymous_10)","decl":{"start":{"line":222,"column":35},"end":{"line":222,"column":36}},"loc":{"start":{"line":222,"column":42},"end":{"line":222,"column":60}},"line":222},"11":{"name":"(anonymous_11)","decl":{"start":{"line":249,"column":35},"end":{"line":249,"column":36}},"loc":{"start":{"line":249,"column":42},"end":{"line":249,"column":60}},"line":249},"12":{"name":"(anonymous_12)","decl":{"start":{"line":267,"column":35},"end":{"line":267,"column":36}},"loc":{"start":{"line":267,"column":42},"end":{"line":267,"column":60}},"line":267},"13":{"name":"(anonymous_13)","decl":{"start":{"line":285,"column":35},"end":{"line":285,"column":36}},"loc":{"start":{"line":285,"column":42},"end":{"line":285,"column":60}},"line":285},"14":{"name":"(anonymous_14)","decl":{"start":{"line":303,"column":35},"end":{"line":303,"column":36}},"loc":{"start":{"line":303,"column":42},"end":{"line":303,"column":60}},"line":303},"15":{"name":"(anonymous_15)","decl":{"start":{"line":339,"column":35},"end":{"line":339,"column":36}},"loc":{"start":{"line":339,"column":42},"end":{"line":339,"column":60}},"line":339},"16":{"name":"(anonymous_16)","decl":{"start":{"line":346,"column":37},"end":{"line":346,"column":38}},"loc":{"start":{"line":346,"column":44},"end":{"line":346,"column":62}},"line":346},"17":{"name":"(anonymous_17)","decl":{"start":{"line":352,"column":37},"end":{"line":352,"column":38}},"loc":{"start":{"line":352,"column":44},"end":{"line":352,"column":62}},"line":352},"18":{"name":"(anonymous_18)","decl":{"start":{"line":358,"column":37},"end":{"line":358,"column":38}},"loc":{"start":{"line":358,"column":44},"end":{"line":358,"column":62}},"line":358},"19":{"name":"(anonymous_19)","decl":{"start":{"line":372,"column":35},"end":{"line":372,"column":36}},"loc":{"start":{"line":372,"column":42},"end":{"line":372,"column":60}},"line":372},"20":{"name":"(anonymous_20)","decl":{"start":{"line":397,"column":35},"end":{"line":397,"column":36}},"loc":{"start":{"line":397,"column":42},"end":{"line":397,"column":60}},"line":397},"21":{"name":"(anonymous_21)","decl":{"start":{"line":415,"column":35},"end":{"line":415,"column":36}},"loc":{"start":{"line":415,"column":42},"end":{"line":415,"column":60}},"line":415},"22":{"name":"(anonymous_22)","decl":{"start":{"line":433,"column":35},"end":{"line":433,"column":36}},"loc":{"start":{"line":433,"column":42},"end":{"line":433,"column":60}},"line":433},"23":{"name":"(anonymous_23)","decl":{"start":{"line":451,"column":35},"end":{"line":451,"column":36}},"loc":{"start":{"line":451,"column":42},"end":{"line":451,"column":60}},"line":451},"24":{"name":"(anonymous_24)","decl":{"start":{"line":487,"column":35},"end":{"line":487,"column":36}},"loc":{"start":{"line":487,"column":42},"end":{"line":487,"column":60}},"line":487},"25":{"name":"(anonymous_25)","decl":{"start":{"line":494,"column":37},"end":{"line":494,"column":38}},"loc":{"start":{"line":494,"column":44},"end":{"line":494,"column":62}},"line":494},"26":{"name":"(anonymous_26)","decl":{"start":{"line":500,"column":37},"end":{"line":500,"column":38}},"loc":{"start":{"line":500,"column":44},"end":{"line":500,"column":62}},"line":500},"27":{"name":"(anonymous_27)","decl":{"start":{"line":506,"column":37},"end":{"line":506,"column":38}},"loc":{"start":{"line":506,"column":44},"end":{"line":506,"column":62}},"line":506},"28":{"name":"(anonymous_28)","decl":{"start":{"line":520,"column":35},"end":{"line":520,"column":36}},"loc":{"start":{"line":520,"column":42},"end":{"line":520,"column":60}},"line":520},"29":{"name":"(anonymous_29)","decl":{"start":{"line":547,"column":35},"end":{"line":547,"column":36}},"loc":{"start":{"line":547,"column":42},"end":{"line":547,"column":60}},"line":547},"30":{"name":"(anonymous_30)","decl":{"start":{"line":565,"column":35},"end":{"line":565,"column":36}},"loc":{"start":{"line":565,"column":42},"end":{"line":565,"column":60}},"line":565},"31":{"name":"(anonymous_31)","decl":{"start":{"line":583,"column":35},"end":{"line":583,"column":36}},"loc":{"start":{"line":583,"column":42},"end":{"line":583,"column":60}},"line":583},"32":{"name":"(anonymous_32)","decl":{"start":{"line":601,"column":35},"end":{"line":601,"column":36}},"loc":{"start":{"line":601,"column":42},"end":{"line":601,"column":60}},"line":601},"33":{"name":"(anonymous_33)","decl":{"start":{"line":637,"column":35},"end":{"line":637,"column":36}},"loc":{"start":{"line":637,"column":42},"end":{"line":637,"column":60}},"line":637},"34":{"name":"(anonymous_34)","decl":{"start":{"line":644,"column":37},"end":{"line":644,"column":38}},"loc":{"start":{"line":644,"column":44},"end":{"line":644,"column":62}},"line":644},"35":{"name":"(anonymous_35)","decl":{"start":{"line":650,"column":37},"end":{"line":650,"column":38}},"loc":{"start":{"line":650,"column":44},"end":{"line":650,"column":62}},"line":650},"36":{"name":"(anonymous_36)","decl":{"start":{"line":656,"column":37},"end":{"line":656,"column":38}},"loc":{"start":{"line":656,"column":44},"end":{"line":656,"column":62}},"line":656},"37":{"name":"(anonymous_37)","decl":{"start":{"line":670,"column":35},"end":{"line":670,"column":36}},"loc":{"start":{"line":670,"column":42},"end":{"line":670,"column":60}},"line":670},"38":{"name":"(anonymous_38)","decl":{"start":{"line":697,"column":35},"end":{"line":697,"column":36}},"loc":{"start":{"line":697,"column":42},"end":{"line":697,"column":60}},"line":697},"39":{"name":"(anonymous_39)","decl":{"start":{"line":715,"column":35},"end":{"line":715,"column":36}},"loc":{"start":{"line":715,"column":42},"end":{"line":715,"column":60}},"line":715},"40":{"name":"(anonymous_40)","decl":{"start":{"line":733,"column":35},"end":{"line":733,"column":36}},"loc":{"start":{"line":733,"column":42},"end":{"line":733,"column":60}},"line":733},"41":{"name":"(anonymous_41)","decl":{"start":{"line":751,"column":35},"end":{"line":751,"column":36}},"loc":{"start":{"line":751,"column":42},"end":{"line":751,"column":60}},"line":751},"42":{"name":"(anonymous_42)","decl":{"start":{"line":787,"column":35},"end":{"line":787,"column":36}},"loc":{"start":{"line":787,"column":42},"end":{"line":787,"column":60}},"line":787},"43":{"name":"(anonymous_43)","decl":{"start":{"line":794,"column":37},"end":{"line":794,"column":38}},"loc":{"start":{"line":794,"column":44},"end":{"line":794,"column":62}},"line":794},"44":{"name":"(anonymous_44)","decl":{"start":{"line":800,"column":37},"end":{"line":800,"column":38}},"loc":{"start":{"line":800,"column":44},"end":{"line":800,"column":62}},"line":800},"45":{"name":"(anonymous_45)","decl":{"start":{"line":806,"column":37},"end":{"line":806,"column":38}},"loc":{"start":{"line":806,"column":44},"end":{"line":806,"column":62}},"line":806},"46":{"name":"(anonymous_46)","decl":{"start":{"line":825,"column":33},"end":{"line":825,"column":34}},"loc":{"start":{"line":825,"column":40},"end":{"line":825,"column":58}},"line":825},"47":{"name":"(anonymous_47)","decl":{"start":{"line":835,"column":33},"end":{"line":835,"column":34}},"loc":{"start":{"line":835,"column":40},"end":{"line":835,"column":58}},"line":835},"48":{"name":"(anonymous_48)","decl":{"start":{"line":843,"column":33},"end":{"line":843,"column":34}},"loc":{"start":{"line":843,"column":40},"end":{"line":843,"column":58}},"line":843},"49":{"name":"(anonymous_49)","decl":{"start":{"line":851,"column":33},"end":{"line":851,"column":34}},"loc":{"start":{"line":851,"column":40},"end":{"line":851,"column":58}},"line":851},"50":{"name":"(anonymous_50)","decl":{"start":{"line":859,"column":33},"end":{"line":859,"column":34}},"loc":{"start":{"line":859,"column":40},"end":{"line":859,"column":58}},"line":859},"51":{"name":"(anonymous_51)","decl":{"start":{"line":899,"column":35},"end":{"line":899,"column":36}},"loc":{"start":{"line":899,"column":42},"end":{"line":899,"column":60}},"line":899},"52":{"name":"(anonymous_52)","decl":{"start":{"line":926,"column":35},"end":{"line":926,"column":36}},"loc":{"start":{"line":926,"column":42},"end":{"line":926,"column":60}},"line":926},"53":{"name":"(anonymous_53)","decl":{"start":{"line":944,"column":35},"end":{"line":944,"column":36}},"loc":{"start":{"line":944,"column":42},"end":{"line":944,"column":60}},"line":944},"54":{"name":"(anonymous_54)","decl":{"start":{"line":962,"column":35},"end":{"line":962,"column":36}},"loc":{"start":{"line":962,"column":42},"end":{"line":962,"column":60}},"line":962},"55":{"name":"(anonymous_55)","decl":{"start":{"line":980,"column":35},"end":{"line":980,"column":36}},"loc":{"start":{"line":980,"column":42},"end":{"line":980,"column":60}},"line":980},"56":{"name":"(anonymous_56)","decl":{"start":{"line":1016,"column":35},"end":{"line":1016,"column":36}},"loc":{"start":{"line":1016,"column":42},"end":{"line":1016,"column":60}},"line":1016},"57":{"name":"(anonymous_57)","decl":{"start":{"line":1023,"column":37},"end":{"line":1023,"column":38}},"loc":{"start":{"line":1023,"column":44},"end":{"line":1023,"column":62}},"line":1023},"58":{"name":"(anonymous_58)","decl":{"start":{"line":1029,"column":37},"end":{"line":1029,"column":38}},"loc":{"start":{"line":1029,"column":44},"end":{"line":1029,"column":62}},"line":1029},"59":{"name":"(anonymous_59)","decl":{"start":{"line":1035,"column":37},"end":{"line":1035,"column":38}},"loc":{"start":{"line":1035,"column":44},"end":{"line":1035,"column":62}},"line":1035},"60":{"name":"(anonymous_60)","decl":{"start":{"line":1049,"column":35},"end":{"line":1049,"column":36}},"loc":{"start":{"line":1049,"column":42},"end":{"line":1049,"column":60}},"line":1049},"61":{"name":"(anonymous_61)","decl":{"start":{"line":1076,"column":35},"end":{"line":1076,"column":36}},"loc":{"start":{"line":1076,"column":42},"end":{"line":1076,"column":60}},"line":1076},"62":{"name":"(anonymous_62)","decl":{"start":{"line":1094,"column":35},"end":{"line":1094,"column":36}},"loc":{"start":{"line":1094,"column":42},"end":{"line":1094,"column":60}},"line":1094},"63":{"name":"(anonymous_63)","decl":{"start":{"line":1109,"column":35},"end":{"line":1109,"column":36}},"loc":{"start":{"line":1109,"column":42},"end":{"line":1109,"column":60}},"line":1109},"64":{"name":"(anonymous_64)","decl":{"start":{"line":1127,"column":35},"end":{"line":1127,"column":36}},"loc":{"start":{"line":1127,"column":42},"end":{"line":1127,"column":60}},"line":1127},"65":{"name":"(anonymous_65)","decl":{"start":{"line":1163,"column":35},"end":{"line":1163,"column":36}},"loc":{"start":{"line":1163,"column":42},"end":{"line":1163,"column":60}},"line":1163},"66":{"name":"(anonymous_66)","decl":{"start":{"line":1170,"column":37},"end":{"line":1170,"column":38}},"loc":{"start":{"line":1170,"column":44},"end":{"line":1170,"column":62}},"line":1170},"67":{"name":"(anonymous_67)","decl":{"start":{"line":1176,"column":37},"end":{"line":1176,"column":38}},"loc":{"start":{"line":1176,"column":44},"end":{"line":1176,"column":62}},"line":1176},"68":{"name":"(anonymous_68)","decl":{"start":{"line":1182,"column":37},"end":{"line":1182,"column":38}},"loc":{"start":{"line":1182,"column":44},"end":{"line":1182,"column":62}},"line":1182},"69":{"name":"(anonymous_69)","decl":{"start":{"line":1196,"column":35},"end":{"line":1196,"column":36}},"loc":{"start":{"line":1196,"column":42},"end":{"line":1196,"column":60}},"line":1196},"70":{"name":"(anonymous_70)","decl":{"start":{"line":1221,"column":35},"end":{"line":1221,"column":36}},"loc":{"start":{"line":1221,"column":42},"end":{"line":1221,"column":60}},"line":1221},"71":{"name":"(anonymous_71)","decl":{"start":{"line":1239,"column":35},"end":{"line":1239,"column":36}},"loc":{"start":{"line":1239,"column":42},"end":{"line":1239,"column":60}},"line":1239},"72":{"name":"(anonymous_72)","decl":{"start":{"line":1257,"column":35},"end":{"line":1257,"column":36}},"loc":{"start":{"line":1257,"column":42},"end":{"line":1257,"column":60}},"line":1257},"73":{"name":"(anonymous_73)","decl":{"start":{"line":1275,"column":35},"end":{"line":1275,"column":36}},"loc":{"start":{"line":1275,"column":42},"end":{"line":1275,"column":60}},"line":1275},"74":{"name":"(anonymous_74)","decl":{"start":{"line":1311,"column":35},"end":{"line":1311,"column":36}},"loc":{"start":{"line":1311,"column":42},"end":{"line":1311,"column":60}},"line":1311},"75":{"name":"(anonymous_75)","decl":{"start":{"line":1318,"column":37},"end":{"line":1318,"column":38}},"loc":{"start":{"line":1318,"column":44},"end":{"line":1318,"column":62}},"line":1318},"76":{"name":"(anonymous_76)","decl":{"start":{"line":1324,"column":37},"end":{"line":1324,"column":38}},"loc":{"start":{"line":1324,"column":44},"end":{"line":1324,"column":62}},"line":1324},"77":{"name":"(anonymous_77)","decl":{"start":{"line":1330,"column":37},"end":{"line":1330,"column":38}},"loc":{"start":{"line":1330,"column":44},"end":{"line":1330,"column":62}},"line":1330},"78":{"name":"(anonymous_78)","decl":{"start":{"line":1344,"column":35},"end":{"line":1344,"column":36}},"loc":{"start":{"line":1344,"column":42},"end":{"line":1344,"column":60}},"line":1344},"79":{"name":"(anonymous_79)","decl":{"start":{"line":1371,"column":35},"end":{"line":1371,"column":36}},"loc":{"start":{"line":1371,"column":42},"end":{"line":1371,"column":60}},"line":1371},"80":{"name":"(anonymous_80)","decl":{"start":{"line":1389,"column":35},"end":{"line":1389,"column":36}},"loc":{"start":{"line":1389,"column":42},"end":{"line":1389,"column":60}},"line":1389},"81":{"name":"(anonymous_81)","decl":{"start":{"line":1407,"column":35},"end":{"line":1407,"column":36}},"loc":{"start":{"line":1407,"column":42},"end":{"line":1407,"column":60}},"line":1407},"82":{"name":"(anonymous_82)","decl":{"start":{"line":1425,"column":35},"end":{"line":1425,"column":36}},"loc":{"start":{"line":1425,"column":42},"end":{"line":1425,"column":60}},"line":1425},"83":{"name":"(anonymous_83)","decl":{"start":{"line":1461,"column":35},"end":{"line":1461,"column":36}},"loc":{"start":{"line":1461,"column":42},"end":{"line":1461,"column":60}},"line":1461},"84":{"name":"(anonymous_84)","decl":{"start":{"line":1468,"column":37},"end":{"line":1468,"column":38}},"loc":{"start":{"line":1468,"column":44},"end":{"line":1468,"column":62}},"line":1468},"85":{"name":"(anonymous_85)","decl":{"start":{"line":1474,"column":37},"end":{"line":1474,"column":38}},"loc":{"start":{"line":1474,"column":44},"end":{"line":1474,"column":62}},"line":1474},"86":{"name":"(anonymous_86)","decl":{"start":{"line":1480,"column":37},"end":{"line":1480,"column":38}},"loc":{"start":{"line":1480,"column":44},"end":{"line":1480,"column":62}},"line":1480},"87":{"name":"(anonymous_87)","decl":{"start":{"line":1494,"column":35},"end":{"line":1494,"column":36}},"loc":{"start":{"line":1494,"column":42},"end":{"line":1494,"column":60}},"line":1494},"88":{"name":"(anonymous_88)","decl":{"start":{"line":1521,"column":35},"end":{"line":1521,"column":36}},"loc":{"start":{"line":1521,"column":42},"end":{"line":1521,"column":60}},"line":1521},"89":{"name":"(anonymous_89)","decl":{"start":{"line":1539,"column":35},"end":{"line":1539,"column":36}},"loc":{"start":{"line":1539,"column":42},"end":{"line":1539,"column":60}},"line":1539},"90":{"name":"(anonymous_90)","decl":{"start":{"line":1557,"column":35},"end":{"line":1557,"column":36}},"loc":{"start":{"line":1557,"column":42},"end":{"line":1557,"column":60}},"line":1557},"91":{"name":"(anonymous_91)","decl":{"start":{"line":1575,"column":35},"end":{"line":1575,"column":36}},"loc":{"start":{"line":1575,"column":42},"end":{"line":1575,"column":60}},"line":1575},"92":{"name":"(anonymous_92)","decl":{"start":{"line":1611,"column":35},"end":{"line":1611,"column":36}},"loc":{"start":{"line":1611,"column":42},"end":{"line":1611,"column":60}},"line":1611},"93":{"name":"(anonymous_93)","decl":{"start":{"line":1618,"column":37},"end":{"line":1618,"column":38}},"loc":{"start":{"line":1618,"column":44},"end":{"line":1618,"column":62}},"line":1618},"94":{"name":"(anonymous_94)","decl":{"start":{"line":1624,"column":37},"end":{"line":1624,"column":38}},"loc":{"start":{"line":1624,"column":44},"end":{"line":1624,"column":62}},"line":1624},"95":{"name":"(anonymous_95)","decl":{"start":{"line":1630,"column":37},"end":{"line":1630,"column":38}},"loc":{"start":{"line":1630,"column":44},"end":{"line":1630,"column":62}},"line":1630}},"branchMap":{},"s":{"0":0,"1":0,"2":0,"3":0,"4":0,"5":0,"6":0,"7":0,"8":0,"9":0,"10":0,"11":0,"12":0,"13":0,"14":0,"15":0,"16":0,"17":0,"18":0,"19":0,"20":0,"21":0,"22":0,"23":0,"24":0,"25":0,"26":0,"27":0,"28":0,"29":0,"30":0,"31":0,"32":0,"33":0,"34":0,"35":0,"36":0,"37":0,"38":0,"39":0,"40":0,"41":0,"42":0,"43":0,"44":0,"45":0,"46":0,"47":0,"48":0,"49":0,"50":0,"51":0,"52":0,"53":0,"54":0,"55":0,"56":0,"57":0,"58":0,"59":0,"60":0,"61":0,"62":0,"63":0,"64":0,"65":0,"66":0,"67":0,"68":0,"69":0,"70":0,"71":0,"72":0,"73":0,"74":0,"75":0,"76":0,"77":0,"78":0,"79":0,"80":0,"81":0,"82":0,"83":0,"84":0,"85":0,"86":0,"87":0,"88":0,"89":0,"90":0,"91":0,"92":0,"93":0,"94":0,"95":0,"96":0},"f":{"0":0,"1":0,"2":0,"3":0,"4":0,"5":0,"6":0,"7":0,"8":0,"9":0,"10":0,"11":0,"12":0,"13":0,"14":0,"15":0,"16":0,"17":0,"18":0,"19":0,"20":0,"21":0,"22":0,"23":0,"24":0,"25":0,"26":0,"27":0,"28":0,"29":0,"30":0,"31":0,"32":0,"33":0,"34":0,"35":0,"36":0,"37":0,"38":0,"39":0,"40":0,"41":0,"42":0,"43":0,"44":0,"45":0,"46":0,"47":0,"48":0,"49":0,"50":0,"51":0,"52":0,"53":0,"54":0,"55":0,"56":0,"57":0,"58":0,"59":0,"60":0,"61":0,"62":0,"63":0,"64":0,"65":0,"66":0,"67":0,"68":0,"69":0,"70":0,"71":0,"72":0,"73":0,"74":0,"75":0,"76":0,"77":0,"78":0,"79":0,"80":0,"81":0,"82":0,"83":0,"84":0,"85":0,"86":0,"87":0,"88":0,"89":0,"90":0,"91":0,"92":0,"93":0,"94":0,"95":0},"b":{}}
}
