TN:
SF:src\App.jsx
FN:11,App
FN:16,(anonymous_1)
FN:22,(anonymous_2)
FN:23,(anonymous_3)
FN:30,(anonymous_4)
FNF:5
FNH:0
FNDA:0,App
FNDA:0,(anonymous_1)
FNDA:0,(anonymous_2)
FNDA:0,(anonymous_3)
FNDA:0,(anonymous_4)
DA:12,0
DA:13,0
DA:14,0
DA:16,0
DA:17,0
DA:18,0
DA:22,0
DA:23,0
DA:24,0
DA:25,0
DA:26,0
DA:29,0
DA:30,0
DA:31,0
DA:35,0
LF:15
LH:0
BRDA:17,0,0,0
BRDA:17,0,1,0
BRF:2
BRH:0
end_of_record
TN:
SF:src\index.js
FNF:0
FNH:0
DA:29,0
DA:31,0
LF:2
LH:0
BRF:0
BRH:0
end_of_record
TN:
SF:src\main.jsx
FNF:0
FNH:0
DA:12,0
LF:1
LH:0
BRF:0
BRH:0
end_of_record
TN:
SF:src\routes.js
FNF:0
FNH:0
DA:17,0
LF:1
LH:0
BRF:0
BRH:0
end_of_record
TN:
SF:src\components\Blocksidebar\BlockCategory.jsx
FN:1,BlockCategory
FN:6,(anonymous_1)
FN:11,(anonymous_2)
FNF:3
FNH:0
FNDA:0,BlockCategory
FNDA:0,(anonymous_1)
FNDA:0,(anonymous_2)
DA:2,0
DA:7,0
DA:12,0
DA:13,0
LF:4
LH:0
BRF:0
BRH:0
end_of_record
TN:
SF:src\components\Blocksidebar\BlockSearch.jsx
FN:1,BlockSearch
FN:7,(anonymous_1)
FNF:2
FNH:0
FNDA:0,BlockSearch
FNDA:0,(anonymous_1)
DA:2,0
DA:7,0
LF:2
LH:0
BRF:0
BRH:0
end_of_record
TN:
SF:src\components\Blocksidebar\BlockSidebar.jsx
FN:6,BlockSidebar
FN:8,(anonymous_1)
FN:19,(anonymous_2)
FN:20,(anonymous_3)
FNF:4
FNH:0
FNDA:0,BlockSidebar
FNDA:0,(anonymous_1)
FNDA:0,(anonymous_2)
FNDA:0,(anonymous_3)
DA:7,0
DA:8,0
DA:9,0
DA:11,0
DA:20,0
DA:21,0
DA:22,0
DA:24,0
DA:25,0
LF:9
LH:0
BRDA:24,0,0,0
BRDA:24,0,1,0
BRF:2
BRH:0
end_of_record
TN:
SF:src\components\Footers\AdminFooter.js
FN:23,(anonymous_0)
FNF:1
FNH:0
FNDA:0,(anonymous_0)
DA:23,0
DA:24,0
LF:2
LH:0
BRF:0
BRH:0
end_of_record
TN:
SF:src\components\Footers\AuthFooter.js
FN:23,(anonymous_0)
FNF:1
FNH:0
FNDA:0,(anonymous_0)
DA:23,0
DA:24,0
LF:2
LH:0
BRF:0
BRH:0
end_of_record
TN:
SF:src\components\Headers\Header.js
FN:4,(anonymous_0)
FNF:1
FNH:0
FNDA:0,(anonymous_0)
DA:4,0
DA:5,0
LF:2
LH:0
BRF:0
BRH:0
end_of_record
TN:
SF:src\components\Headers\UserHeader.js
FN:7,(anonymous_0)
FNF:1
FNH:0
FNDA:0,(anonymous_0)
DA:7,0
DA:8,0
DA:10,0
DA:12,0
LF:4
LH:0
BRDA:10,0,0,0
BRDA:10,0,1,0
BRF:2
BRH:0
end_of_record
TN:
SF:src\components\Navbars\AdminNavbar.js
FN:50,(anonymous_0)
FN:62,(anonymous_1)
FN:67,(anonymous_2)
FN:72,(anonymous_3)
FN:79,(anonymous_4)
FN:92,(anonymous_5)
FN:186,(anonymous_6)
FN:216,(anonymous_7)
FN:276,(anonymous_8)
FNF:9
FNH:5
FNDA:23,(anonymous_0)
FNDA:11,(anonymous_1)
FNDA:0,(anonymous_2)
FNDA:0,(anonymous_3)
FNDA:12,(anonymous_4)
FNDA:12,(anonymous_5)
FNDA:12,(anonymous_6)
FNDA:0,(anonymous_7)
FNDA:0,(anonymous_8)
DA:50,1
DA:51,23
DA:52,22
DA:53,22
DA:54,22
DA:55,22
DA:57,22
DA:62,22
DA:63,11
DA:64,11
DA:67,22
DA:68,0
DA:69,0
DA:72,22
DA:73,0
DA:74,0
DA:77,22
DA:79,22
DA:80,12
DA:82,0
DA:84,12
DA:86,0
DA:88,0
DA:92,22
DA:93,12
DA:94,12
DA:95,12
DA:96,12
DA:97,0
DA:98,0
DA:99,0
DA:100,0
DA:103,22
DA:187,12
DA:216,0
DA:277,0
DA:278,0
LF:37
LH:23
BRDA:57,0,0,22
BRDA:57,0,1,0
BRDA:58,1,0,22
BRDA:58,1,1,0
BRDA:58,2,0,22
BRDA:58,2,1,0
BRDA:58,3,0,22
BRDA:58,3,1,0
BRDA:80,4,0,0
BRDA:80,4,1,12
BRDA:80,4,2,0
BRDA:80,4,3,0
BRDA:93,5,0,0
BRDA:93,5,1,12
BRDA:96,6,0,12
BRDA:96,6,1,0
BRDA:97,7,0,0
BRDA:97,7,1,0
BRDA:99,8,0,0
BRDA:99,8,1,0
BRDA:130,9,0,22
BRDA:130,9,1,10
BRDA:145,10,0,2
BRDA:145,10,1,8
BRDA:159,11,0,22
BRDA:159,11,1,10
BRDA:165,12,0,22
BRDA:165,12,1,10
BRDA:178,13,0,14
BRDA:178,13,1,8
BRDA:189,14,0,8
BRDA:189,14,1,4
BRDA:201,15,0,4
BRDA:201,15,1,8
BRDA:205,16,0,12
BRDA:205,16,1,0
BRDA:207,17,0,12
BRDA:207,17,1,12
BRDA:212,18,0,12
BRDA:212,18,1,8
BRF:40
BRH:26
end_of_record
TN:
SF:src\components\Navbars\AuthNavbar.js
FN:32,(anonymous_0)
FNF:1
FNH:0
FNDA:0,(anonymous_0)
DA:32,0
DA:33,0
LF:2
LH:0
BRF:0
BRH:0
end_of_record
TN:
SF:src\components\Sidebar\Sidebar.js
FN:35,(anonymous_0)
FN:46,(anonymous_1)
FN:63,(anonymous_2)
FN:68,(anonymous_3)
FN:69,(anonymous_4)
FN:75,(anonymous_5)
FN:78,(anonymous_6)
FN:78,(anonymous_7)
FN:79,(anonymous_8)
FN:81,(anonymous_9)
FN:83,(anonymous_10)
FN:84,(anonymous_11)
FN:85,(anonymous_12)
FN:202,(anonymous_13)
FN:257,(anonymous_14)
FN:278,(anonymous_15)
FN:301,(anonymous_16)
FN:323,linkStyle
FN:335,iconStyle
FNF:19
FNH:0
FNDA:0,(anonymous_0)
FNDA:0,(anonymous_1)
FNDA:0,(anonymous_2)
FNDA:0,(anonymous_3)
FNDA:0,(anonymous_4)
FNDA:0,(anonymous_5)
FNDA:0,(anonymous_6)
FNDA:0,(anonymous_7)
FNDA:0,(anonymous_8)
FNDA:0,(anonymous_9)
FNDA:0,(anonymous_10)
FNDA:0,(anonymous_11)
FNDA:0,(anonymous_12)
FNDA:0,(anonymous_13)
FNDA:0,(anonymous_14)
FNDA:0,(anonymous_15)
FNDA:0,(anonymous_16)
FNDA:0,linkStyle
FNDA:0,iconStyle
DA:31,0
DA:32,0
DA:33,0
DA:35,0
DA:36,0
DA:37,0
DA:38,0
DA:39,0
DA:40,0
DA:41,0
DA:46,0
DA:47,0
DA:48,0
DA:50,0
DA:52,0
DA:53,0
DA:54,0
DA:58,0
DA:59,0
DA:63,0
DA:64,0
DA:68,0
DA:69,0
DA:70,0
DA:71,0
DA:72,0
DA:74,0
DA:75,0
DA:78,0
DA:79,0
DA:81,0
DA:82,0
DA:83,0
DA:84,0
DA:86,0
DA:100,0
DA:101,0
DA:102,0
DA:103,0
DA:105,0
DA:203,0
DA:204,0
DA:257,0
DA:279,0
DA:280,0
DA:302,0
DA:324,0
DA:336,0
DA:348,0
DA:350,0
LF:50
LH:0
BRDA:42,0,0,0
BRDA:42,0,1,0
BRDA:48,1,0,0
BRDA:48,1,1,0
BRDA:50,2,0,0
BRDA:50,2,1,0
BRDA:59,3,0,0
BRDA:59,3,1,0
BRDA:84,4,0,0
BRDA:84,4,1,0
BRDA:91,5,0,0
BRDA:91,5,1,0
BRDA:91,6,0,0
BRDA:91,6,1,0
BRDA:92,7,0,0
BRDA:92,7,1,0
BRDA:94,8,0,0
BRDA:94,8,1,0
BRDA:95,9,0,0
BRDA:95,9,1,0
BRDA:95,9,2,0
BRDA:102,10,0,0
BRDA:102,10,1,0
BRDA:103,11,0,0
BRDA:103,11,1,0
BRDA:110,12,0,0
BRDA:110,12,1,0
BRDA:111,13,0,0
BRDA:111,13,1,0
BRDA:112,14,0,0
BRDA:112,14,1,0
BRDA:113,15,0,0
BRDA:113,15,1,0
BRDA:118,16,0,0
BRDA:118,16,1,0
BRDA:126,17,0,0
BRDA:126,17,1,0
BRDA:130,18,0,0
BRDA:130,18,1,0
BRDA:132,19,0,0
BRDA:132,19,1,0
BRDA:141,20,0,0
BRDA:141,20,1,0
BRDA:141,21,0,0
BRDA:141,21,1,0
BRDA:145,22,0,0
BRDA:145,22,1,0
BRDA:146,23,0,0
BRDA:146,23,1,0
BRDA:219,24,0,0
BRDA:219,24,1,0
BRDA:221,25,0,0
BRDA:221,25,1,0
BRDA:258,26,0,0
BRDA:258,26,1,0
BRDA:282,27,0,0
BRDA:282,27,1,0
BRDA:282,28,0,0
BRDA:282,28,1,0
BRDA:283,29,0,0
BRDA:283,29,1,0
BRDA:285,30,0,0
BRDA:285,30,1,0
BRDA:286,31,0,0
BRDA:286,31,1,0
BRDA:286,31,2,0
BRDA:292,32,0,0
BRDA:292,32,1,0
BRDA:292,32,2,0
BRDA:305,33,0,0
BRDA:305,33,1,0
BRDA:305,34,0,0
BRDA:305,34,1,0
BRDA:306,35,0,0
BRDA:306,35,1,0
BRDA:308,36,0,0
BRDA:308,36,1,0
BRDA:309,37,0,0
BRDA:309,37,1,0
BRDA:309,37,2,0
BRDA:327,38,0,0
BRDA:327,38,1,0
BRDA:328,39,0,0
BRDA:328,39,1,0
BRDA:340,40,0,0
BRDA:340,40,1,0
BRF:86
BRH:0
end_of_record
TN:
SF:src\components\builder\BuilderCanvas.jsx
FN:3,BuilderCanvas
FNF:1
FNH:0
FNDA:0,BuilderCanvas
DA:4,0
LF:1
LH:0
BRF:0
BRH:0
end_of_record
TN:
SF:src\components\canvas\CanvasToolbar.jsx
FN:3,CanvasToolbar
FN:30,(anonymous_1)
FN:34,(anonymous_2)
FNF:3
FNH:0
FNDA:0,CanvasToolbar
FNDA:0,(anonymous_1)
FNDA:0,(anonymous_2)
DA:22,0
DA:24,0
DA:30,0
DA:34,0
LF:4
LH:0
BRDA:34,0,0,0
BRDA:34,0,1,0
BRDA:72,1,0,0
BRDA:72,1,1,0
BRDA:73,2,0,0
BRDA:73,2,1,0
BRF:6
BRH:0
end_of_record
TN:
SF:src\components\canvas\FlowCanvas.jsx
FN:18,FlowCanvas
FN:22,(anonymous_1)
FN:23,(anonymous_2)
FN:35,(anonymous_3)
FN:54,(anonymous_4)
FN:55,(anonymous_5)
FNF:6
FNH:0
FNDA:0,FlowCanvas
FNDA:0,(anonymous_1)
FNDA:0,(anonymous_2)
FNDA:0,(anonymous_3)
FNDA:0,(anonymous_4)
FNDA:0,(anonymous_5)
DA:6,0
DA:19,0
DA:20,0
DA:22,0
DA:23,0
DA:24,0
DA:25,0
DA:29,0
DA:32,0
DA:35,0
DA:38,0
DA:54,0
DA:55,0
LF:13
LH:0
BRDA:25,0,0,0
BRDA:25,0,1,0
BRDA:25,1,0,0
BRDA:25,1,1,0
BRDA:29,2,0,0
BRDA:29,2,1,0
BRDA:32,3,0,0
BRDA:32,3,1,0
BRF:8
BRH:0
end_of_record
TN:
SF:src\components\canvas\JointPaper.jsx
FN:5,JointPaper
FN:14,(anonymous_1)
FN:24,(anonymous_2)
FN:31,(anonymous_3)
FN:38,(anonymous_4)
FN:42,(anonymous_5)
FN:57,(anonymous_6)
FN:61,(anonymous_7)
FN:62,(anonymous_8)
FN:101,(anonymous_9)
FN:105,(anonymous_10)
FN:116,(anonymous_11)
FN:129,(anonymous_12)
FN:138,(anonymous_13)
FN:146,(anonymous_14)
FNF:15
FNH:0
FNDA:0,JointPaper
FNDA:0,(anonymous_1)
FNDA:0,(anonymous_2)
FNDA:0,(anonymous_3)
FNDA:0,(anonymous_4)
FNDA:0,(anonymous_5)
FNDA:0,(anonymous_6)
FNDA:0,(anonymous_7)
FNDA:0,(anonymous_8)
FNDA:0,(anonymous_9)
FNDA:0,(anonymous_10)
FNDA:0,(anonymous_11)
FNDA:0,(anonymous_12)
FNDA:0,(anonymous_13)
FNDA:0,(anonymous_14)
DA:6,0
DA:7,0
DA:8,0
DA:9,0
DA:11,0
DA:14,0
DA:15,0
DA:17,0
DA:24,0
DA:25,0
DA:26,0
DA:27,0
DA:28,0
DA:31,0
DA:32,0
DA:33,0
DA:38,0
DA:39,0
DA:40,0
DA:42,0
DA:43,0
DA:44,0
DA:45,0
DA:48,0
DA:50,0
DA:51,0
DA:52,0
DA:56,0
DA:57,0
DA:61,0
DA:62,0
DA:63,0
DA:67,0
DA:69,0
DA:70,0
DA:73,0
DA:74,0
DA:75,0
DA:79,0
DA:80,0
DA:81,0
DA:85,0
DA:89,0
DA:90,0
DA:94,0
DA:95,0
DA:96,0
DA:100,0
DA:101,0
DA:105,0
DA:106,0
DA:107,0
DA:108,0
DA:111,0
DA:112,0
DA:116,0
DA:117,0
DA:118,0
DA:119,0
DA:120,0
DA:121,0
DA:129,0
DA:130,0
DA:131,0
DA:132,0
DA:138,0
DA:139,0
DA:140,0
DA:143,0
DA:146,0
LF:70
LH:0
BRDA:15,0,0,0
BRDA:15,0,1,0
BRDA:27,1,0,0
BRDA:27,1,1,0
BRDA:27,2,0,0
BRDA:27,2,1,0
BRDA:40,3,0,0
BRDA:40,3,1,0
BRDA:44,4,0,0
BRDA:44,4,1,0
BRDA:48,5,0,0
BRDA:48,5,1,0
BRDA:50,6,0,0
BRDA:50,6,1,0
BRDA:51,7,0,0
BRDA:51,7,1,0
BRDA:51,8,0,0
BRDA:51,8,1,0
BRDA:63,9,0,0
BRDA:63,9,1,0
BRDA:64,10,0,0
BRDA:64,10,1,0
BRDA:69,11,0,0
BRDA:69,11,1,0
BRDA:69,12,0,0
BRDA:69,12,1,0
BRDA:73,13,0,0
BRDA:73,13,1,0
BRDA:73,14,0,0
BRDA:73,14,1,0
BRDA:73,14,2,0
BRDA:79,15,0,0
BRDA:79,15,1,0
BRDA:79,16,0,0
BRDA:79,16,1,0
BRDA:79,16,2,0
BRDA:79,16,3,0
BRDA:85,17,0,0
BRDA:85,17,1,0
BRDA:86,18,0,0
BRDA:86,18,1,0
BRDA:86,18,2,0
BRDA:86,18,3,0
BRDA:86,18,4,0
BRDA:86,18,5,0
BRDA:86,18,6,0
BRDA:94,19,0,0
BRDA:94,19,1,0
BRDA:94,20,0,0
BRDA:94,20,1,0
BRDA:94,20,2,0
BRDA:94,20,3,0
BRDA:108,21,0,0
BRDA:108,21,1,0
BRDA:108,22,0,0
BRDA:108,22,1,0
BRDA:117,23,0,0
BRDA:117,23,1,0
BRDA:117,24,0,0
BRDA:117,24,1,0
BRDA:117,25,0,0
BRDA:117,25,1,0
BRDA:130,26,0,0
BRDA:130,26,1,0
BRDA:130,27,0,0
BRDA:130,27,1,0
BRDA:145,28,0,0
BRDA:145,28,1,0
BRF:68
BRH:0
end_of_record
TN:
SF:src\components\execution\ExecutionResultPanel.jsx
FN:5,formatDuration
FN:10,formatTime
FN:20,CellValue
FN:35,OutputDisplay
FN:71,(anonymous_4)
FN:86,(anonymous_5)
FN:92,(anonymous_6)
FN:117,ExecutionResultPanel
FN:121,(anonymous_8)
FN:136,(anonymous_9)
FN:136,(anonymous_10)
FNF:11
FNH:0
FNDA:0,formatDuration
FNDA:0,formatTime
FNDA:0,CellValue
FNDA:0,OutputDisplay
FNDA:0,(anonymous_4)
FNDA:0,(anonymous_5)
FNDA:0,(anonymous_6)
FNDA:0,ExecutionResultPanel
FNDA:0,(anonymous_8)
FNDA:0,(anonymous_9)
FNDA:0,(anonymous_10)
DA:6,0
DA:7,0
DA:11,0
DA:12,0
DA:21,0
DA:22,0
DA:23,0
DA:26,0
DA:27,0
DA:28,0
DA:37,0
DA:38,0
DA:42,0
DA:43,0
DA:51,0
DA:52,0
DA:60,0
DA:61,0
DA:65,0
DA:66,0
DA:67,0
DA:68,0
DA:72,0
DA:85,0
DA:86,0
DA:87,0
DA:88,0
DA:89,0
DA:93,0
DA:105,0
DA:110,0
DA:118,0
DA:121,0
DA:122,0
DA:125,0
DA:126,0
DA:127,0
DA:128,0
DA:130,0
DA:136,0
LF:40
LH:0
BRDA:6,0,0,0
BRDA:6,0,1,0
BRDA:7,1,0,0
BRDA:7,1,1,0
BRDA:11,2,0,0
BRDA:11,2,1,0
BRDA:21,3,0,0
BRDA:21,3,1,0
BRDA:21,4,0,0
BRDA:21,4,1,0
BRDA:22,5,0,0
BRDA:22,5,1,0
BRDA:24,6,0,0
BRDA:24,6,1,0
BRDA:26,7,0,0
BRDA:26,7,1,0
BRDA:37,8,0,0
BRDA:37,8,1,0
BRDA:37,9,0,0
BRDA:37,9,1,0
BRDA:42,10,0,0
BRDA:42,10,1,0
BRDA:45,11,0,0
BRDA:45,11,1,0
BRDA:51,12,0,0
BRDA:51,12,1,0
BRDA:53,13,0,0
BRDA:53,13,1,0
BRDA:60,14,0,0
BRDA:60,14,1,0
BRDA:65,15,0,0
BRDA:65,15,1,0
BRDA:66,16,0,0
BRDA:66,16,1,0
BRDA:85,17,0,0
BRDA:85,17,1,0
BRDA:87,18,0,0
BRDA:87,18,1,0
BRDA:122,19,0,0
BRDA:122,19,1,0
BRDA:122,20,0,0
BRDA:122,20,1,0
BRDA:125,21,0,0
BRDA:125,21,1,0
BRDA:126,22,0,0
BRDA:126,22,1,0
BRDA:126,22,2,0
BRDA:127,23,0,0
BRDA:127,23,1,0
BRDA:127,24,0,0
BRDA:127,24,1,0
BRDA:127,25,0,0
BRDA:127,25,1,0
BRDA:131,26,0,0
BRDA:131,26,1,0
BRDA:138,27,0,0
BRDA:138,27,1,0
BRDA:142,28,0,0
BRDA:142,28,1,0
BRDA:150,29,0,0
BRDA:150,29,1,0
BRDA:158,30,0,0
BRDA:158,30,1,0
BRDA:166,31,0,0
BRDA:166,31,1,0
BRDA:170,32,0,0
BRDA:170,32,1,0
BRDA:174,33,0,0
BRDA:174,33,1,0
BRDA:174,33,2,0
BRDA:181,34,0,0
BRDA:181,34,1,0
BRDA:189,35,0,0
BRDA:189,35,1,0
BRDA:189,35,2,0
BRDA:193,36,0,0
BRDA:193,36,1,0
BRDA:206,37,0,0
BRDA:206,37,1,0
BRDA:214,38,0,0
BRDA:214,38,1,0
BRF:81
BRH:0
end_of_record
TN:
SF:src\components\nodes\ActionNode.jsx
FN:3,ActionNode
FNF:1
FNH:0
FNDA:0,ActionNode
DA:4,0
LF:1
LH:0
BRF:0
BRH:0
end_of_record
TN:
SF:src\components\nodes\BaseNode.jsx
FN:1,BaseNode
FNF:1
FNH:0
FNDA:0,BaseNode
DA:2,0
LF:1
LH:0
BRF:0
BRH:0
end_of_record
TN:
SF:src\components\nodes\DecisionNode.jsx
FN:3,DecisionNode
FNF:1
FNH:0
FNDA:0,DecisionNode
DA:4,0
LF:1
LH:0
BRF:0
BRH:0
end_of_record
TN:
SF:src\components\nodes\InputNode.jsx
FN:3,InputNode
FNF:1
FNH:0
FNDA:0,InputNode
DA:4,0
LF:1
LH:0
BRF:0
BRH:0
end_of_record
TN:
SF:src\components\nodes\OutputNode.jsx
FN:3,OutputNode
FNF:1
FNH:0
FNDA:0,OutputNode
DA:4,0
LF:1
LH:0
BRF:0
BRH:0
end_of_record
TN:
SF:src\components\nodes\index.js
FNF:0
FNH:0
LF:0
LH:0
BRF:0
BRH:0
end_of_record
TN:
SF:src\components\properties\NodeEditorModal.jsx
FN:5,NodeEditorModal
FN:10,(anonymous_1)
FN:30,(anonymous_2)
FN:34,(anonymous_3)
FN:40,(anonymous_4)
FN:45,(anonymous_5)
FN:49,(anonymous_6)
FN:49,(anonymous_7)
FN:59,(anonymous_8)
FNF:9
FNH:0
FNDA:0,NodeEditorModal
FNDA:0,(anonymous_1)
FNDA:0,(anonymous_2)
FNDA:0,(anonymous_3)
FNDA:0,(anonymous_4)
FNDA:0,(anonymous_5)
FNDA:0,(anonymous_6)
FNDA:0,(anonymous_7)
FNDA:0,(anonymous_8)
DA:6,0
DA:7,0
DA:8,0
DA:10,0
DA:11,0
DA:14,0
DA:16,0
DA:32,0
DA:33,0
DA:34,0
DA:35,0
DA:38,0
DA:39,0
DA:40,0
DA:41,0
DA:43,0
DA:46,0
DA:49,0
DA:60,0
DA:61,0
LF:20
LH:0
BRDA:7,0,0,0
BRDA:7,0,1,0
BRDA:11,1,0,0
BRDA:11,1,1,0
BRDA:14,2,0,0
BRDA:14,2,1,0
BRDA:14,3,0,0
BRDA:14,3,1,0
BRDA:32,4,0,0
BRDA:32,4,1,0
BRDA:33,5,0,0
BRDA:33,5,1,0
BRDA:35,6,0,0
BRDA:35,6,1,0
BRDA:38,7,0,0
BRDA:38,7,1,0
BRDA:39,8,0,0
BRDA:39,8,1,0
BRDA:41,9,0,0
BRDA:41,9,1,0
BRF:20
BRH:0
end_of_record
TN:
SF:src\components\properties\PropertiesPanel.jsx
FN:4,PropertiesPanel
FN:8,(anonymous_1)
FN:36,(anonymous_2)
FN:41,(anonymous_3)
FN:47,(anonymous_4)
FN:52,(anonymous_5)
FNF:6
FNH:0
FNDA:0,PropertiesPanel
FNDA:0,(anonymous_1)
FNDA:0,(anonymous_2)
FNDA:0,(anonymous_3)
FNDA:0,(anonymous_4)
FNDA:0,(anonymous_5)
DA:5,0
DA:6,0
DA:8,0
DA:9,0
DA:12,0
DA:37,0
DA:39,0
DA:40,0
DA:41,0
DA:42,0
DA:45,0
DA:46,0
DA:47,0
DA:48,0
DA:50,0
DA:53,0
LF:16
LH:0
BRDA:6,0,0,0
BRDA:6,0,1,0
BRDA:16,1,0,0
BRDA:16,1,1,0
BRDA:18,2,0,0
BRDA:18,2,1,0
BRDA:23,3,0,0
BRDA:23,3,1,0
BRDA:23,3,2,0
BRDA:37,4,0,0
BRDA:37,4,1,0
BRDA:39,5,0,0
BRDA:39,5,1,0
BRDA:40,6,0,0
BRDA:40,6,1,0
BRDA:42,7,0,0
BRDA:42,7,1,0
BRDA:45,8,0,0
BRDA:45,8,1,0
BRDA:46,9,0,0
BRDA:46,9,1,0
BRDA:48,10,0,0
BRDA:48,10,1,0
BRF:23
BRH:0
end_of_record
TN:
SF:src\components\properties\PropertyField.jsx
FN:18,PropertyField
FN:50,(anonymous_1)
FN:62,(anonymous_2)
FNF:3
FNH:0
FNDA:0,PropertyField
FNDA:0,(anonymous_1)
FNDA:0,(anonymous_2)
DA:21,0
DA:22,0
DA:31,0
DA:33,0
DA:34,0
DA:46,0
DA:51,0
DA:57,0
DA:63,0
LF:9
LH:0
BRDA:21,0,0,0
BRDA:21,0,1,0
BRDA:31,1,0,0
BRDA:31,1,1,0
BRDA:33,2,0,0
BRDA:33,2,1,0
BRDA:49,3,0,0
BRDA:49,3,1,0
BRDA:53,4,0,0
BRDA:53,4,1,0
BRDA:60,5,0,0
BRDA:60,5,1,0
BRDA:68,6,0,0
BRDA:68,6,1,0
BRDA:70,7,0,0
BRDA:70,7,1,0
BRDA:73,8,0,0
BRDA:73,8,1,0
BRF:18
BRH:0
end_of_record
TN:
SF:src\components\properties\SmartSelectField.jsx
FN:8,toArray
FN:19,StationSelectField
FN:24,(anonymous_2)
FN:27,(anonymous_3)
FN:28,(anonymous_4)
FN:29,(anonymous_5)
FN:39,(anonymous_6)
FN:52,(anonymous_7)
FN:58,(anonymous_8)
FN:79,SensorSelectField
FN:88,(anonymous_10)
FN:106,(anonymous_11)
FN:107,(anonymous_12)
FN:108,(anonymous_13)
FN:119,(anonymous_14)
FN:140,(anonymous_15)
FN:144,(anonymous_16)
FNF:17
FNH:0
FNDA:0,toArray
FNDA:0,StationSelectField
FNDA:0,(anonymous_2)
FNDA:0,(anonymous_3)
FNDA:0,(anonymous_4)
FNDA:0,(anonymous_5)
FNDA:0,(anonymous_6)
FNDA:0,(anonymous_7)
FNDA:0,(anonymous_8)
FNDA:0,SensorSelectField
FNDA:0,(anonymous_10)
FNDA:0,(anonymous_11)
FNDA:0,(anonymous_12)
FNDA:0,(anonymous_13)
FNDA:0,(anonymous_14)
FNDA:0,(anonymous_15)
FNDA:0,(anonymous_16)
DA:9,0
DA:10,0
DA:11,0
DA:20,0
DA:21,0
DA:22,0
DA:24,0
DA:25,0
DA:27,0
DA:28,0
DA:29,0
DA:32,0
DA:33,0
DA:39,0
DA:47,0
DA:52,0
DA:59,0
DA:80,0
DA:81,0
DA:82,0
DA:86,0
DA:88,0
DA:90,0
DA:91,0
DA:93,0
DA:95,0
DA:96,0
DA:97,0
DA:100,0
DA:101,0
DA:104,0
DA:106,0
DA:107,0
DA:108,0
DA:112,0
DA:113,0
DA:119,0
DA:127,0
DA:135,0
DA:140,0
DA:145,0
LF:41
LH:0
BRDA:9,0,0,0
BRDA:9,0,1,0
BRDA:10,1,0,0
BRDA:10,1,1,0
BRDA:32,2,0,0
BRDA:32,2,1,0
BRDA:38,3,0,0
BRDA:38,3,1,0
BRDA:51,4,0,0
BRDA:51,4,1,0
BRDA:56,5,0,0
BRDA:56,5,1,0
BRDA:90,6,0,0
BRDA:90,6,1,0
BRDA:90,7,0,0
BRDA:90,7,1,0
BRDA:95,8,0,0
BRDA:95,8,1,0
BRDA:112,9,0,0
BRDA:112,9,1,0
BRDA:118,10,0,0
BRDA:118,10,1,0
BRDA:127,11,0,0
BRDA:127,11,1,0
BRDA:129,12,0,0
BRDA:129,12,1,0
BRDA:131,13,0,0
BRDA:131,13,1,0
BRDA:139,14,0,0
BRDA:139,14,1,0
BRDA:141,15,0,0
BRDA:141,15,1,0
BRDA:147,16,0,0
BRDA:147,16,1,0
BRDA:148,17,0,0
BRDA:148,17,1,0
BRF:36
BRH:0
end_of_record
TN:
SF:src\components\workflow\ExecutionHistoryModal.jsx
FN:35,formatDuration
FN:41,formatDate
FN:46,ExecutionHistoryModal
FN:55,(anonymous_3)
FN:62,(anonymous_4)
FN:63,(anonymous_5)
FN:66,(anonymous_6)
FN:67,(anonymous_7)
FN:113,(anonymous_8)
FN:123,(anonymous_9)
FN:179,(anonymous_10)
FNF:11
FNH:0
FNDA:0,formatDuration
FNDA:0,formatDate
FNDA:0,ExecutionHistoryModal
FNDA:0,(anonymous_3)
FNDA:0,(anonymous_4)
FNDA:0,(anonymous_5)
FNDA:0,(anonymous_6)
FNDA:0,(anonymous_7)
FNDA:0,(anonymous_8)
FNDA:0,(anonymous_9)
FNDA:0,(anonymous_10)
DA:27,0
DA:36,0
DA:37,0
DA:38,0
DA:42,0
DA:43,0
DA:47,0
DA:48,0
DA:49,0
DA:50,0
DA:52,0
DA:55,0
DA:56,0
DA:57,0
DA:58,0
DA:59,0
DA:60,0
DA:62,0
DA:63,0
DA:66,0
DA:67,0
DA:69,0
DA:114,0
DA:115,0
DA:117,0
DA:123,0
DA:180,0
LF:27
LH:0
BRDA:36,0,0,0
BRDA:36,0,1,0
BRDA:36,1,0,0
BRDA:36,1,1,0
BRDA:37,2,0,0
BRDA:37,2,1,0
BRDA:42,3,0,0
BRDA:42,3,1,0
BRDA:52,4,0,0
BRDA:52,4,1,0
BRDA:56,5,0,0
BRDA:56,5,1,0
BRDA:56,6,0,0
BRDA:56,6,1,0
BRDA:67,7,0,0
BRDA:67,7,1,0
BRDA:74,8,0,0
BRDA:74,8,1,0
BRDA:84,9,0,0
BRDA:84,9,1,0
BRDA:91,10,0,0
BRDA:91,10,1,0
BRDA:91,10,2,0
BRDA:99,11,0,0
BRDA:99,11,1,0
BRDA:99,11,2,0
BRDA:99,11,3,0
BRDA:104,12,0,0
BRDA:104,12,1,0
BRDA:104,12,2,0
BRDA:104,12,3,0
BRDA:104,12,4,0
BRDA:111,13,0,0
BRDA:111,13,1,0
BRDA:111,13,2,0
BRDA:111,13,3,0
BRDA:111,13,4,0
BRDA:115,14,0,0
BRDA:115,14,1,0
BRDA:128,15,0,0
BRDA:128,15,1,0
BRDA:143,16,0,0
BRDA:143,16,1,0
BRDA:147,17,0,0
BRDA:147,17,1,0
BRDA:151,18,0,0
BRDA:151,18,1,0
BRDA:157,19,0,0
BRDA:157,19,1,0
BRDA:165,20,0,0
BRDA:165,20,1,0
BRDA:167,21,0,0
BRDA:167,21,1,0
BRF:53
BRH:0
end_of_record
TN:
SF:src\components\workflow\SaveNameModal.jsx
FN:14,SaveNameModal
FN:20,(anonymous_1)
FN:25,(anonymous_2)
FN:34,(anonymous_3)
FN:45,(anonymous_4)
FN:52,(anonymous_5)
FN:85,(anonymous_6)
FNF:7
FNH:0
FNDA:0,SaveNameModal
FNDA:0,(anonymous_1)
FNDA:0,(anonymous_2)
FNDA:0,(anonymous_3)
FNDA:0,(anonymous_4)
FNDA:0,(anonymous_5)
FNDA:0,(anonymous_6)
DA:15,0
DA:16,0
DA:17,0
DA:20,0
DA:21,0
DA:22,0
DA:23,0
DA:25,0
DA:26,0
DA:27,0
DA:32,0
DA:34,0
DA:35,0
DA:36,0
DA:37,0
DA:38,0
DA:39,0
DA:40,0
DA:42,0
DA:45,0
DA:46,0
DA:49,0
DA:52,0
DA:85,0
LF:24
LH:0
BRDA:14,0,0,0
BRDA:21,1,0,0
BRDA:21,1,1,0
BRDA:22,2,0,0
BRDA:22,2,1,0
BRDA:32,3,0,0
BRDA:32,3,1,0
BRDA:37,4,0,0
BRDA:37,4,1,0
BRDA:46,5,0,0
BRDA:46,5,1,0
BRDA:52,6,0,0
BRDA:52,6,1,0
BRDA:83,7,0,0
BRDA:83,7,1,0
BRDA:90,8,0,0
BRDA:90,8,1,0
BRF:17
BRH:0
end_of_record
TN:
SF:src\components\workflow\WorkflowLibrary.jsx
FN:9,fmt
FN:17,fmtDuration
FN:22,fmtRelative
FN:35,StatusBadge
FN:50,OutputPreview
FN:62,(anonymous_5)
FN:67,(anonymous_6)
FN:78,(anonymous_7)
FN:86,HistoryRow
FN:91,(anonymous_9)
FN:91,(anonymous_10)
FN:133,WorkflowCard
FN:145,(anonymous_12)
FN:181,(anonymous_13)
FN:185,(anonymous_14)
FN:240,(anonymous_15)
FN:265,WorkflowLibrary
FN:284,(anonymous_17)
FN:297,(anonymous_18)
FN:309,(anonymous_19)
FN:313,(anonymous_20)
FN:316,(anonymous_21)
FN:319,(anonymous_22)
FN:323,(anonymous_23)
FN:334,(anonymous_24)
FN:339,(anonymous_25)
FN:343,(anonymous_26)
FN:350,(anonymous_27)
FN:350,(anonymous_28)
FN:362,(anonymous_29)
FN:366,(anonymous_30)
FN:382,(anonymous_31)
FN:406,(anonymous_32)
FN:408,(anonymous_33)
FN:410,(anonymous_34)
FN:454,(anonymous_35)
FN:457,(anonymous_36)
FN:464,(anonymous_37)
FN:491,(anonymous_38)
FN:492,(anonymous_39)
FN:505,(anonymous_40)
FN:545,(anonymous_41)
FN:565,(anonymous_42)
FN:571,(anonymous_43)
FN:573,(anonymous_44)
FN:574,(anonymous_45)
FN:577,(anonymous_46)
FN:578,(anonymous_47)
FNF:48
FNH:0
FNDA:0,fmt
FNDA:0,fmtDuration
FNDA:0,fmtRelative
FNDA:0,StatusBadge
FNDA:0,OutputPreview
FNDA:0,(anonymous_5)
FNDA:0,(anonymous_6)
FNDA:0,(anonymous_7)
FNDA:0,HistoryRow
FNDA:0,(anonymous_9)
FNDA:0,(anonymous_10)
FNDA:0,WorkflowCard
FNDA:0,(anonymous_12)
FNDA:0,(anonymous_13)
FNDA:0,(anonymous_14)
FNDA:0,(anonymous_15)
FNDA:0,WorkflowLibrary
FNDA:0,(anonymous_17)
FNDA:0,(anonymous_18)
FNDA:0,(anonymous_19)
FNDA:0,(anonymous_20)
FNDA:0,(anonymous_21)
FNDA:0,(anonymous_22)
FNDA:0,(anonymous_23)
FNDA:0,(anonymous_24)
FNDA:0,(anonymous_25)
FNDA:0,(anonymous_26)
FNDA:0,(anonymous_27)
FNDA:0,(anonymous_28)
FNDA:0,(anonymous_29)
FNDA:0,(anonymous_30)
FNDA:0,(anonymous_31)
FNDA:0,(anonymous_32)
FNDA:0,(anonymous_33)
FNDA:0,(anonymous_34)
FNDA:0,(anonymous_35)
FNDA:0,(anonymous_36)
FNDA:0,(anonymous_37)
FNDA:0,(anonymous_38)
FNDA:0,(anonymous_39)
FNDA:0,(anonymous_40)
FNDA:0,(anonymous_41)
FNDA:0,(anonymous_42)
FNDA:0,(anonymous_43)
FNDA:0,(anonymous_44)
FNDA:0,(anonymous_45)
FNDA:0,(anonymous_46)
FNDA:0,(anonymous_47)
DA:10,0
DA:11,0
DA:18,0
DA:19,0
DA:23,0
DA:24,0
DA:25,0
DA:26,0
DA:27,0
DA:28,0
DA:29,0
DA:30,0
DA:36,0
DA:43,0
DA:44,0
DA:51,0
DA:52,0
DA:53,0
DA:54,0
DA:55,0
DA:56,0
DA:57,0
DA:58,0
DA:59,0
DA:61,0
DA:62,0
DA:63,0
DA:64,0
DA:68,0
DA:78,0
DA:79,0
DA:81,0
DA:87,0
DA:89,0
DA:91,0
DA:145,0
DA:146,0
DA:147,0
DA:148,0
DA:150,0
DA:181,0
DA:185,0
DA:241,0
DA:266,0
DA:267,0
DA:268,0
DA:269,0
DA:270,0
DA:271,0
DA:272,0
DA:273,0
DA:276,0
DA:277,0
DA:278,0
DA:279,0
DA:280,0
DA:284,0
DA:285,0
DA:286,0
DA:287,0
DA:288,0
DA:289,0
DA:291,0
DA:293,0
DA:297,0
DA:298,0
DA:299,0
DA:300,0
DA:301,0
DA:302,0
DA:303,0
DA:309,0
DA:310,0
DA:311,0
DA:312,0
DA:313,0
DA:315,0
DA:316,0
DA:317,0
DA:318,0
DA:319,0
DA:321,0
DA:322,0
DA:323,0
DA:324,0
DA:325,0
DA:326,0
DA:329,0
DA:334,0
DA:335,0
DA:336,0
DA:339,0
DA:340,0
DA:343,0
DA:344,0
DA:345,0
DA:346,0
DA:347,0
DA:348,0
DA:349,0
DA:350,0
DA:351,0
DA:352,0
DA:354,0
DA:356,0
DA:362,0
DA:363,0
DA:364,0
DA:365,0
DA:366,0
DA:367,0
DA:368,0
DA:369,0
DA:370,0
DA:371,0
DA:372,0
DA:374,0
DA:375,0
DA:378,0
DA:379,0
DA:382,0
DA:383,0
DA:384,0
DA:385,0
DA:386,0
DA:387,0
DA:393,0
DA:394,0
DA:395,0
DA:396,0
DA:398,0
DA:400,0
DA:406,0
DA:407,0
DA:408,0
DA:409,0
DA:410,0
DA:415,0
DA:417,0
DA:454,0
DA:457,0
DA:464,0
DA:491,0
DA:492,0
DA:505,0
DA:545,0
DA:566,0
DA:571,0
DA:573,0
DA:574,0
DA:578,0
LF:151
LH:0
BRDA:10,0,0,0
BRDA:10,0,1,0
BRDA:18,1,0,0
BRDA:18,1,1,0
BRDA:19,2,0,0
BRDA:19,2,1,0
BRDA:23,3,0,0
BRDA:23,3,1,0
BRDA:26,4,0,0
BRDA:26,4,1,0
BRDA:27,5,0,0
BRDA:27,5,1,0
BRDA:29,6,0,0
BRDA:29,6,1,0
BRDA:43,7,0,0
BRDA:43,7,1,0
BRDA:51,8,0,0
BRDA:51,8,1,0
BRDA:51,9,0,0
BRDA:51,9,1,0
BRDA:53,10,0,0
BRDA:53,10,1,0
BRDA:55,11,0,0
BRDA:55,11,1,0
BRDA:56,12,0,0
BRDA:56,12,1,0
BRDA:57,13,0,0
BRDA:57,13,1,0
BRDA:58,14,0,0
BRDA:58,14,1,0
BRDA:58,15,0,0
BRDA:58,15,1,0
BRDA:61,16,0,0
BRDA:61,16,1,0
BRDA:63,17,0,0
BRDA:63,17,1,0
BRDA:70,18,0,0
BRDA:70,18,1,0
BRDA:79,19,0,0
BRDA:79,19,1,0
BRDA:98,20,0,0
BRDA:98,20,1,0
BRDA:98,20,2,0
BRDA:98,20,3,0
BRDA:103,21,0,0
BRDA:103,21,1,0
BRDA:103,21,2,0
BRDA:106,22,0,0
BRDA:106,22,1,0
BRDA:109,23,0,0
BRDA:109,23,1,0
BRDA:111,24,0,0
BRDA:111,24,1,0
BRDA:119,25,0,0
BRDA:119,25,1,0
BRDA:119,25,2,0
BRDA:146,26,0,0
BRDA:146,26,1,0
BRDA:147,27,0,0
BRDA:147,27,1,0
BRDA:148,28,0,0
BRDA:148,28,1,0
BRDA:158,29,0,0
BRDA:158,29,1,0
BRDA:160,30,0,0
BRDA:160,30,1,0
BRDA:161,31,0,0
BRDA:161,31,1,0
BRDA:161,32,0,0
BRDA:161,32,1,0
BRDA:162,33,0,0
BRDA:162,33,1,0
BRDA:163,34,0,0
BRDA:163,34,1,0
BRDA:167,35,0,0
BRDA:167,35,1,0
BRDA:171,36,0,0
BRDA:171,36,1,0
BRDA:179,37,0,0
BRDA:179,37,1,0
BRDA:190,38,0,0
BRDA:190,38,1,0
BRDA:195,39,0,0
BRDA:195,39,1,0
BRDA:214,40,0,0
BRDA:214,40,1,0
BRDA:224,41,0,0
BRDA:224,41,1,0
BRDA:229,42,0,0
BRDA:229,42,1,0
BRDA:231,43,0,0
BRDA:231,43,1,0
BRDA:234,44,0,0
BRDA:234,44,1,0
BRDA:298,45,0,0
BRDA:298,45,1,0
BRDA:311,46,0,0
BRDA:311,46,1,0
BRDA:313,47,0,0
BRDA:313,47,1,0
BRDA:315,48,0,0
BRDA:315,48,1,0
BRDA:316,49,0,0
BRDA:316,49,1,0
BRDA:316,50,0,0
BRDA:316,50,1,0
BRDA:317,51,0,0
BRDA:317,51,1,0
BRDA:319,52,0,0
BRDA:319,52,1,0
BRDA:319,53,0,0
BRDA:319,53,1,0
BRDA:321,54,0,0
BRDA:321,54,1,0
BRDA:324,55,0,0
BRDA:324,55,1,0
BRDA:325,56,0,0
BRDA:325,56,1,0
BRDA:326,57,0,0
BRDA:326,57,1,0
BRDA:326,58,0,0
BRDA:326,58,1,0
BRDA:340,59,0,0
BRDA:340,59,1,0
BRDA:352,60,0,0
BRDA:352,60,1,0
BRDA:364,61,0,0
BRDA:364,61,1,0
BRDA:369,62,0,0
BRDA:369,62,1,0
BRDA:371,63,0,0
BRDA:371,63,1,0
BRDA:371,64,0,0
BRDA:371,64,1,0
BRDA:384,65,0,0
BRDA:384,65,1,0
BRDA:389,66,0,0
BRDA:389,66,1,0
BRDA:390,67,0,0
BRDA:390,67,1,0
BRDA:407,68,0,0
BRDA:407,68,1,0
BRDA:408,69,0,0
BRDA:408,69,1,0
BRDA:415,70,0,0
BRDA:415,70,1,0
BRDA:456,71,0,0
BRDA:456,71,1,0
BRDA:472,72,0,0
BRDA:472,72,1,0
BRDA:476,73,0,0
BRDA:476,73,1,0
BRDA:481,74,0,0
BRDA:481,74,1,0
BRDA:492,75,0,0
BRDA:492,75,1,0
BRDA:495,76,0,0
BRDA:495,76,1,0
BRDA:501,77,0,0
BRDA:501,77,1,0
BRDA:512,78,0,0
BRDA:512,78,1,0
BRDA:512,78,2,0
BRDA:520,79,0,0
BRDA:520,79,1,0
BRDA:528,80,0,0
BRDA:528,80,1,0
BRDA:528,80,2,0
BRDA:539,81,0,0
BRDA:539,81,1,0
BRDA:539,81,2,0
BRDA:539,81,3,0
BRDA:541,82,0,0
BRDA:541,82,1,0
BRDA:563,83,0,0
BRDA:563,83,1,0
BRDA:563,83,2,0
BRDA:563,83,3,0
BRDA:578,84,0,0
BRDA:578,84,1,0
BRF:180
BRH:0
end_of_record
TN:
SF:src\components\workflow\WorkflowPickerModal.jsx
FN:25,WorkflowPickerModal
FN:31,(anonymous_1)
FN:37,(anonymous_2)
FN:38,(anonymous_3)
FN:41,(anonymous_4)
FN:77,(anonymous_5)
FN:85,(anonymous_6)
FNF:7
FNH:0
FNDA:0,WorkflowPickerModal
FNDA:0,(anonymous_1)
FNDA:0,(anonymous_2)
FNDA:0,(anonymous_3)
FNDA:0,(anonymous_4)
FNDA:0,(anonymous_5)
FNDA:0,(anonymous_6)
DA:26,0
DA:27,0
DA:28,0
DA:31,0
DA:32,0
DA:33,0
DA:34,0
DA:35,0
DA:37,0
DA:38,0
DA:41,0
DA:42,0
DA:43,0
DA:46,0
DA:78,0
DA:79,0
DA:81,0
DA:85,0
LF:18
LH:0
BRDA:32,0,0,0
BRDA:32,0,1,0
BRDA:55,1,0,0
BRDA:55,1,1,0
BRDA:63,2,0,0
BRDA:63,2,1,0
BRDA:63,2,2,0
BRDA:68,3,0,0
BRDA:68,3,1,0
BRDA:68,3,2,0
BRDA:68,3,3,0
BRDA:75,4,0,0
BRDA:75,4,1,0
BRDA:75,4,2,0
BRDA:75,4,3,0
BRDA:78,5,0,0
BRDA:78,5,1,0
BRDA:79,6,0,0
BRDA:79,6,1,0
BRDA:95,7,0,0
BRDA:95,7,1,0
BRDA:101,8,0,0
BRDA:101,8,1,0
BRDA:106,9,0,0
BRDA:106,9,1,0
BRDA:108,10,0,0
BRDA:108,10,1,0
BRF:27
BRH:0
end_of_record
TN:
SF:src\components\workflow\WorkflowSettingsModal.jsx
FN:33,defaultForm
FN:48,formToCronValue
FN:64,WorkflowSettingsModal
FN:70,(anonymous_3)
FN:79,(anonymous_4)
FN:95,(anonymous_5)
FN:100,(anonymous_6)
FN:101,(anonymous_7)
FN:102,(anonymous_8)
FN:105,(anonymous_9)
FN:107,(anonymous_10)
FN:110,(anonymous_11)
FN:185,(anonymous_12)
FN:230,(anonymous_13)
FNF:14
FNH:0
FNDA:0,defaultForm
FNDA:0,formToCronValue
FNDA:0,WorkflowSettingsModal
FNDA:0,(anonymous_3)
FNDA:0,(anonymous_4)
FNDA:0,(anonymous_5)
FNDA:0,(anonymous_6)
FNDA:0,(anonymous_7)
FNDA:0,(anonymous_8)
FNDA:0,(anonymous_9)
FNDA:0,(anonymous_10)
FNDA:0,(anonymous_11)
FNDA:0,(anonymous_12)
FNDA:0,(anonymous_13)
DA:20,0
DA:34,0
DA:49,0
DA:50,0
DA:65,0
DA:66,0
DA:67,0
DA:70,0
DA:71,0
DA:73,0
DA:74,0
DA:77,0
DA:78,0
DA:79,0
DA:82,0
DA:95,0
DA:96,0
DA:97,0
DA:98,0
DA:100,0
DA:101,0
DA:102,0
DA:105,0
DA:106,0
DA:107,0
DA:110,0
DA:111,0
DA:113,0
DA:115,0
DA:116,0
DA:117,0
DA:118,0
DA:119,0
DA:120,0
DA:121,0
DA:128,0
DA:134,0
DA:137,0
DA:186,0
DA:231,0
LF:40
LH:0
BRDA:49,0,0,0
BRDA:49,0,1,0
BRDA:64,1,0,0
BRDA:71,2,0,0
BRDA:71,2,1,0
BRDA:73,3,0,0
BRDA:73,3,1,0
BRDA:74,4,0,0
BRDA:74,4,1,0
BRDA:77,5,0,0
BRDA:77,5,1,0
BRDA:79,6,0,0
BRDA:79,6,1,0
BRDA:83,7,0,0
BRDA:83,7,1,0
BRDA:85,8,0,0
BRDA:85,8,1,0
BRDA:86,9,0,0
BRDA:86,9,1,0
BRDA:87,10,0,0
BRDA:87,10,1,0
BRDA:88,11,0,0
BRDA:88,11,1,0
BRDA:89,12,0,0
BRDA:89,12,1,0
BRDA:90,13,0,0
BRDA:90,13,1,0
BRDA:96,14,0,0
BRDA:96,14,1,0
BRDA:96,15,0,0
BRDA:96,15,1,0
BRDA:100,16,0,0
BRDA:100,16,1,0
BRDA:107,17,0,0
BRDA:107,17,1,0
BRDA:115,18,0,0
BRDA:115,18,1,0
BRDA:117,19,0,0
BRDA:117,19,1,0
BRDA:119,20,0,0
BRDA:119,20,1,0
BRDA:120,21,0,0
BRDA:120,21,1,0
BRDA:124,22,0,0
BRDA:124,22,1,0
BRDA:129,23,0,0
BRDA:129,23,1,0
BRDA:175,24,0,0
BRDA:175,24,1,0
BRDA:191,25,0,0
BRDA:191,25,1,0
BRDA:209,26,0,0
BRDA:209,26,1,0
BRDA:215,27,0,0
BRDA:215,27,1,0
BRDA:219,28,0,0
BRDA:219,28,1,0
BRDA:232,29,0,0
BRDA:232,29,1,0
BRDA:291,30,0,0
BRDA:291,30,1,0
BRDA:291,30,2,0
BRF:62
BRH:0
end_of_record
TN:
SF:src\data\blocks.js
FNF:0
FNH:0
DA:1,0
LF:1
LH:0
BRF:0
BRH:0
end_of_record
TN:
SF:src\engine\autosaveManager.js
FN:18,(anonymous_0)
FN:23,(anonymous_1)
FN:29,saveTriggerSettings
FN:41,loadTriggerSettings
FN:56,clearTriggerSettings
FN:62,saveWorkflowDraft
FN:72,loadWorkflowDraft
FN:96,clearWorkflowDraft
FNF:8
FNH:0
FNDA:0,(anonymous_0)
FNDA:0,(anonymous_1)
FNDA:0,saveTriggerSettings
FNDA:0,loadTriggerSettings
FNDA:0,clearTriggerSettings
FNDA:0,saveWorkflowDraft
FNDA:0,loadWorkflowDraft
FNDA:0,clearWorkflowDraft
DA:15,0
DA:16,0
DA:18,0
DA:22,0
DA:23,0
DA:30,0
DA:31,0
DA:42,0
DA:43,0
DA:44,0
DA:46,0
DA:48,0
DA:57,0
DA:63,0
DA:64,0
DA:74,0
DA:75,0
DA:76,0
DA:78,0
DA:82,0
DA:83,0
DA:84,0
DA:85,0
DA:87,0
DA:91,0
DA:97,0
DA:99,0
DA:100,0
LF:28
LH:0
BRDA:29,0,0,0
BRDA:41,1,0,0
BRDA:44,2,0,0
BRDA:44,2,1,0
BRDA:56,3,0,0
BRDA:62,4,0,0
BRDA:72,5,0,0
BRDA:76,6,0,0
BRDA:76,6,1,0
BRDA:82,7,0,0
BRDA:82,7,1,0
BRDA:85,8,0,0
BRDA:85,8,1,0
BRDA:96,9,0,0
BRDA:99,10,0,0
BRDA:99,10,1,0
BRF:16
BRH:0
end_of_record
TN:
SF:src\engine\executionHistoryManager.js
FN:27,historyKey
FN:36,truncateOutput
FN:60,saveExecutionRecord
FN:76,loadExecutionHistory
FN:91,clearExecutionHistory
FNF:5
FNH:0
FNDA:0,historyKey
FNDA:0,truncateOutput
FNDA:0,saveExecutionRecord
FNDA:0,loadExecutionHistory
FNDA:0,clearExecutionHistory
DA:23,0
DA:24,0
DA:25,0
DA:28,0
DA:37,0
DA:38,0
DA:40,0
DA:41,0
DA:44,0
DA:45,0
DA:46,0
DA:47,0
DA:50,0
DA:61,0
DA:62,0
DA:63,0
DA:64,0
DA:65,0
DA:66,0
DA:77,0
DA:78,0
DA:79,0
DA:80,0
DA:82,0
DA:83,0
DA:92,0
DA:93,0
LF:27
LH:0
BRDA:37,0,0,0
BRDA:37,0,1,0
BRDA:37,1,0,0
BRDA:37,1,1,0
BRDA:38,2,0,0
BRDA:38,2,1,0
BRDA:38,3,0,0
BRDA:38,3,1,0
BRDA:40,4,0,0
BRDA:40,4,1,0
BRDA:41,5,0,0
BRDA:41,5,1,0
BRDA:44,6,0,0
BRDA:44,6,1,0
BRDA:46,7,0,0
BRDA:46,7,1,0
BRDA:61,8,0,0
BRDA:61,8,1,0
BRDA:61,9,0,0
BRDA:61,9,1,0
BRDA:77,10,0,0
BRDA:77,10,1,0
BRDA:77,11,0,0
BRDA:77,11,1,0
BRDA:80,12,0,0
BRDA:80,12,1,0
BRDA:92,13,0,0
BRDA:92,13,1,0
BRF:28
BRH:0
end_of_record
TN:
SF:src\engine\graphDeserializer.js
FN:21,resolveNodeType
FN:25,deserializeGraph
FN:33,(anonymous_2)
FN:46,(anonymous_3)
FNF:4
FNH:0
FNDA:0,resolveNodeType
FNDA:0,deserializeGraph
FNDA:0,(anonymous_2)
FNDA:0,(anonymous_3)
DA:16,0
DA:22,0
DA:26,0
DA:27,0
DA:30,0
DA:31,0
DA:33,0
DA:35,0
DA:37,0
DA:42,0
DA:43,0
DA:46,0
DA:47,0
DA:48,0
DA:49,0
DA:51,0
LF:16
LH:0
BRDA:22,0,0,0
BRDA:22,0,1,0
BRDA:26,1,0,0
BRDA:26,1,1,0
BRDA:26,2,0,0
BRDA:26,2,1,0
BRDA:37,3,0,0
BRDA:37,3,1,0
BRDA:39,4,0,0
BRDA:39,4,1,0
BRDA:39,4,2,0
BRDA:46,5,0,0
BRDA:46,5,1,0
BRDA:49,6,0,0
BRDA:49,6,1,0
BRDA:49,7,0,0
BRDA:49,7,1,0
BRDA:52,8,0,0
BRDA:52,8,1,0
BRDA:53,9,0,0
BRDA:53,9,1,0
BRF:21
BRH:0
end_of_record
TN:
SF:src\engine\graphSerializer.js
FN:12,serializeGraph
FN:15,(anonymous_1)
FN:28,(anonymous_2)
FN:30,(anonymous_3)
FN:57,downloadWorkflowJson
FNF:5
FNH:0
FNDA:0,serializeGraph
FNDA:0,(anonymous_1)
FNDA:0,(anonymous_2)
FNDA:0,(anonymous_3)
FNDA:0,downloadWorkflowJson
DA:13,0
DA:16,0
DA:17,0
DA:18,0
DA:20,0
DA:28,0
DA:30,0
DA:31,0
DA:32,0
DA:34,0
DA:45,0
DA:47,0
DA:58,0
DA:61,0
DA:62,0
DA:63,0
DA:64,0
DA:65,0
DA:66,0
LF:19
LH:0
BRDA:16,0,0,0
BRDA:16,0,1,0
BRDA:25,1,0,0
BRDA:25,1,1,0
BRDA:36,2,0,0
BRDA:36,2,1,0
BRDA:37,3,0,0
BRDA:37,3,1,0
BRDA:38,4,0,0
BRDA:38,4,1,0
BRDA:39,5,0,0
BRDA:39,5,1,0
BRDA:45,6,0,0
BRDA:45,6,1,0
BRDA:45,6,2,0
BRDA:48,7,0,0
BRDA:48,7,1,0
BRDA:64,8,0,0
BRDA:64,8,1,0
BRF:19
BRH:0
end_of_record
TN:
SF:src\engine\workflowExecutorClient.js
FN:3,executeWorkflowGraph
FNF:1
FNH:0
FNDA:0,executeWorkflowGraph
DA:4,0
LF:1
LH:0
BRF:0
BRH:0
end_of_record
TN:
SF:src\hooks\useAutosave.js
FN:12,useAutosave
FN:16,(anonymous_1)
FN:23,(anonymous_2)
FN:29,(anonymous_3)
FNF:4
FNH:0
FNDA:0,useAutosave
FNDA:0,(anonymous_1)
FNDA:0,(anonymous_2)
FNDA:0,(anonymous_3)
DA:13,0
DA:14,0
DA:16,0
DA:17,0
DA:19,0
DA:20,0
DA:22,0
DA:23,0
DA:24,0
DA:25,0
DA:26,0
DA:29,0
DA:32,0
LF:13
LH:0
BRDA:12,0,0,0
BRDA:12,1,0,0
BRDA:17,2,0,0
BRDA:17,2,1,0
BRDA:17,3,0,0
BRDA:17,3,1,0
BRDA:20,4,0,0
BRDA:20,4,1,0
BRF:8
BRH:0
end_of_record
TN:
SF:src\hooks\useExecutionFeedback.js
FN:35,applyStroke
FN:45,(anonymous_1)
FN:57,resetAllStrokes
FN:58,(anonymous_3)
FN:60,(anonymous_4)
FN:62,(anonymous_5)
FN:70,useExecutionFeedback
FN:77,(anonymous_7)
FN:91,(anonymous_8)
FN:98,(anonymous_9)
FN:108,(anonymous_10)
FN:115,(anonymous_11)
FN:125,(anonymous_12)
FN:131,(anonymous_13)
FN:134,(anonymous_14)
FN:137,(anonymous_15)
FN:148,(anonymous_16)
FN:149,(anonymous_17)
FNF:18
FNH:0
FNDA:0,applyStroke
FNDA:0,(anonymous_1)
FNDA:0,resetAllStrokes
FNDA:0,(anonymous_3)
FNDA:0,(anonymous_4)
FNDA:0,(anonymous_5)
FNDA:0,useExecutionFeedback
FNDA:0,(anonymous_7)
FNDA:0,(anonymous_8)
FNDA:0,(anonymous_9)
FNDA:0,(anonymous_10)
FNDA:0,(anonymous_11)
FNDA:0,(anonymous_12)
FNDA:0,(anonymous_13)
FNDA:0,(anonymous_14)
FNDA:0,(anonymous_15)
FNDA:0,(anonymous_16)
FNDA:0,(anonymous_17)
DA:26,0
DA:28,0
DA:36,0
DA:39,0
DA:41,0
DA:42,0
DA:44,0
DA:45,0
DA:47,0
DA:48,0
DA:49,0
DA:50,0
DA:52,0
DA:58,0
DA:59,0
DA:60,0
DA:61,0
DA:62,0
DA:63,0
DA:64,0
DA:65,0
DA:71,0
DA:74,0
DA:75,0
DA:77,0
DA:78,0
DA:80,0
DA:88,0
DA:91,0
DA:92,0
DA:93,0
DA:94,0
DA:98,0
DA:99,0
DA:102,0
DA:103,0
DA:104,0
DA:108,0
DA:109,0
DA:110,0
DA:111,0
DA:115,0
DA:116,0
DA:117,0
DA:118,0
DA:119,0
DA:121,0
DA:125,0
DA:126,0
DA:127,0
DA:131,0
DA:132,0
DA:134,0
DA:135,0
DA:136,0
DA:137,0
DA:138,0
DA:139,0
DA:140,0
DA:141,0
DA:142,0
DA:148,0
DA:149,0
DA:150,0
DA:151,0
LF:65
LH:0
BRDA:26,0,0,0
BRDA:26,0,1,0
BRDA:39,1,0,0
BRDA:39,1,1,0
BRDA:44,2,0,0
BRDA:44,2,1,0
BRDA:47,3,0,0
BRDA:47,3,1,0
BRDA:59,4,0,0
BRDA:59,4,1,0
BRDA:63,5,0,0
BRDA:63,5,1,0
BRDA:78,6,0,0
BRDA:78,6,1,0
BRDA:93,7,0,0
BRDA:93,7,1,0
BRDA:94,8,0,0
BRDA:94,8,1,0
BRDA:102,9,0,0
BRDA:102,9,1,0
BRDA:102,10,0,0
BRDA:102,10,1,0
BRDA:103,11,0,0
BRDA:103,11,1,0
BRDA:109,12,0,0
BRDA:109,12,1,0
BRDA:111,13,0,0
BRDA:111,13,1,0
BRDA:116,14,0,0
BRDA:116,14,1,0
BRDA:118,15,0,0
BRDA:118,15,1,0
BRDA:119,16,0,0
BRDA:119,16,1,0
BRDA:126,17,0,0
BRDA:126,17,1,0
BRDA:132,18,0,0
BRDA:132,18,1,0
BRDA:136,19,0,0
BRDA:136,19,1,0
BRDA:139,20,0,0
BRDA:139,20,1,0
BRDA:140,21,0,0
BRDA:140,21,1,0
BRF:44
BRH:0
end_of_record
TN:
SF:src\hooks\useJointGraph.js
FN:30,(anonymous_0)
FN:38,(anonymous_1)
FN:52,(anonymous_2)
FN:55,(anonymous_3)
FN:63,(anonymous_4)
FN:68,(anonymous_5)
FN:69,(anonymous_6)
FN:72,(anonymous_7)
FN:79,(anonymous_8)
FN:89,(anonymous_9)
FN:101,(anonymous_10)
FN:102,(anonymous_11)
FN:107,useJointGraph
FN:122,(anonymous_13)
FN:132,(anonymous_14)
FN:140,(anonymous_15)
FN:158,(anonymous_16)
FN:162,(anonymous_17)
FN:183,(anonymous_18)
FN:217,(anonymous_19)
FN:227,(anonymous_20)
FN:231,(anonymous_21)
FN:238,(anonymous_22)
FN:241,(anonymous_23)
FN:244,(anonymous_24)
FN:246,(anonymous_25)
FN:261,(anonymous_26)
FN:271,(anonymous_27)
FN:280,(anonymous_28)
FN:287,(anonymous_29)
FN:302,(anonymous_30)
FN:324,(anonymous_31)
FN:341,(anonymous_32)
FN:356,(anonymous_33)
FN:362,(anonymous_34)
FN:376,(anonymous_35)
FNF:36
FNH:0
FNDA:0,(anonymous_0)
FNDA:0,(anonymous_1)
FNDA:0,(anonymous_2)
FNDA:0,(anonymous_3)
FNDA:0,(anonymous_4)
FNDA:0,(anonymous_5)
FNDA:0,(anonymous_6)
FNDA:0,(anonymous_7)
FNDA:0,(anonymous_8)
FNDA:0,(anonymous_9)
FNDA:0,(anonymous_10)
FNDA:0,(anonymous_11)
FNDA:0,useJointGraph
FNDA:0,(anonymous_13)
FNDA:0,(anonymous_14)
FNDA:0,(anonymous_15)
FNDA:0,(anonymous_16)
FNDA:0,(anonymous_17)
FNDA:0,(anonymous_18)
FNDA:0,(anonymous_19)
FNDA:0,(anonymous_20)
FNDA:0,(anonymous_21)
FNDA:0,(anonymous_22)
FNDA:0,(anonymous_23)
FNDA:0,(anonymous_24)
FNDA:0,(anonymous_25)
FNDA:0,(anonymous_26)
FNDA:0,(anonymous_27)
FNDA:0,(anonymous_28)
FNDA:0,(anonymous_29)
FNDA:0,(anonymous_30)
FNDA:0,(anonymous_31)
FNDA:0,(anonymous_32)
FNDA:0,(anonymous_33)
FNDA:0,(anonymous_34)
FNDA:0,(anonymous_35)
DA:31,0
DA:32,0
DA:33,0
DA:34,0
DA:39,0
DA:40,0
DA:41,0
DA:42,0
DA:53,0
DA:54,0
DA:55,0
DA:56,0
DA:57,0
DA:58,0
DA:64,0
DA:65,0
DA:68,0
DA:69,0
DA:73,0
DA:74,0
DA:75,0
DA:80,0
DA:81,0
DA:82,0
DA:90,0
DA:91,0
DA:92,0
DA:93,0
DA:95,0
DA:96,0
DA:101,0
DA:102,0
DA:108,0
DA:109,0
DA:110,0
DA:111,0
DA:112,0
DA:119,0
DA:120,0
DA:122,0
DA:123,0
DA:124,0
DA:128,0
DA:129,0
DA:130,0
DA:132,0
DA:133,0
DA:134,0
DA:135,0
DA:136,0
DA:139,0
DA:143,0
DA:144,0
DA:146,0
DA:147,0
DA:158,0
DA:169,0
DA:170,0
DA:173,0
DA:176,0
DA:181,0
DA:182,0
DA:183,0
DA:184,0
DA:185,0
DA:187,0
DA:193,0
DA:194,0
DA:199,0
DA:200,0
DA:204,0
DA:205,0
DA:217,0
DA:218,0
DA:219,0
DA:220,0
DA:221,0
DA:222,0
DA:223,0
DA:227,0
DA:228,0
DA:229,0
DA:230,0
DA:231,0
DA:232,0
DA:233,0
DA:238,0
DA:239,0
DA:241,0
DA:242,0
DA:244,0
DA:246,0
DA:247,0
DA:248,0
DA:249,0
DA:251,0
DA:252,0
DA:253,0
DA:254,0
DA:260,0
DA:262,0
DA:263,0
DA:264,0
DA:265,0
DA:270,0
DA:272,0
DA:273,0
DA:274,0
DA:275,0
DA:280,0
DA:281,0
DA:282,0
DA:283,0
DA:284,0
DA:287,0
DA:288,0
DA:289,0
DA:290,0
DA:291,0
DA:296,0
DA:297,0
DA:298,0
DA:301,0
DA:303,0
DA:306,0
DA:307,0
DA:308,0
DA:310,0
DA:311,0
DA:315,0
DA:316,0
DA:317,0
DA:318,0
DA:324,0
DA:325,0
DA:326,0
DA:328,0
DA:329,0
DA:330,0
DA:332,0
DA:333,0
DA:334,0
DA:335,0
DA:336,0
DA:337,0
DA:338,0
DA:341,0
DA:342,0
DA:343,0
DA:344,0
DA:345,0
DA:346,0
DA:347,0
DA:348,0
DA:349,0
DA:350,0
DA:351,0
DA:352,0
DA:353,0
DA:356,0
DA:357,0
DA:358,0
DA:359,0
DA:362,0
DA:363,0
DA:364,0
DA:365,0
DA:376,0
DA:377,0
DA:378,0
DA:379,0
DA:386,0
DA:389,0
LF:173
LH:0
BRDA:39,0,0,0
BRDA:39,0,1,0
BRDA:53,1,0,0
BRDA:53,1,1,0
BRDA:73,2,0,0
BRDA:73,2,1,0
BRDA:80,3,0,0
BRDA:80,3,1,0
BRDA:91,4,0,0
BRDA:91,4,1,0
BRDA:133,5,0,0
BRDA:133,5,1,0
BRDA:140,6,0,0
BRDA:143,7,0,0
BRDA:143,7,1,0
BRDA:143,7,2,0
BRDA:144,8,0,0
BRDA:144,8,1,0
BRDA:144,8,2,0
BRDA:169,9,0,0
BRDA:169,9,1,0
BRDA:169,10,0,0
BRDA:169,10,1,0
BRDA:169,10,2,0
BRDA:173,11,0,0
BRDA:173,11,1,0
BRDA:174,12,0,0
BRDA:174,12,1,0
BRDA:185,13,0,0
BRDA:185,13,1,0
BRDA:218,14,0,0
BRDA:218,14,1,0
BRDA:220,15,0,0
BRDA:220,15,1,0
BRDA:228,16,0,0
BRDA:228,16,1,0
BRDA:230,17,0,0
BRDA:230,17,1,0
BRDA:247,18,0,0
BRDA:247,18,1,0
BRDA:272,19,0,0
BRDA:272,19,1,0
BRDA:281,20,0,0
BRDA:281,20,1,0
BRDA:288,21,0,0
BRDA:288,21,1,0
BRDA:294,22,0,0
BRDA:294,22,1,0
BRDA:306,23,0,0
BRDA:306,23,1,0
BRDA:308,24,0,0
BRDA:308,24,1,0
BRDA:315,25,0,0
BRDA:315,25,1,0
BRDA:315,26,0,0
BRDA:315,26,1,0
BRDA:326,27,0,0
BRDA:326,27,1,0
BRDA:330,28,0,0
BRDA:330,28,1,0
BRDA:343,29,0,0
BRDA:343,29,1,0
BRDA:346,30,0,0
BRDA:346,30,1,0
BRDA:378,31,0,0
BRDA:378,31,1,0
BRF:66
BRH:0
end_of_record
TN:
SF:src\hooks\useLogout.js
FN:7,useLogout
FN:11,(anonymous_1)
FNF:2
FNH:0
FNDA:0,useLogout
FNDA:0,(anonymous_1)
DA:8,0
DA:9,0
DA:11,0
DA:12,0
DA:13,0
DA:14,0
LF:6
LH:0
BRF:0
BRH:0
end_of_record
TN:
SF:src\hooks\useSocket.js
FN:27,useSocket
FN:33,(anonymous_1)
FN:47,(anonymous_2)
FN:55,(anonymous_3)
FN:59,(anonymous_4)
FN:65,(anonymous_5)
FN:71,(anonymous_6)
FN:77,(anonymous_7)
FN:81,(anonymous_8)
FN:85,(anonymous_9)
FN:92,(anonymous_10)
FN:94,(anonymous_11)
FN:95,(anonymous_12)
FN:96,(anonymous_13)
FNF:14
FNH:13
FNDA:19,useSocket
FNDA:19,(anonymous_1)
FNDA:2,(anonymous_2)
FNDA:1,(anonymous_3)
FNDA:1,(anonymous_4)
FNDA:1,(anonymous_5)
FNDA:1,(anonymous_6)
FNDA:1,(anonymous_7)
FNDA:1,(anonymous_8)
FNDA:15,(anonymous_9)
FNDA:19,(anonymous_10)
FNDA:0,(anonymous_11)
FNDA:1,(anonymous_12)
FNDA:1,(anonymous_13)
DA:25,1
DA:28,19
DA:29,19
DA:30,19
DA:31,19
DA:33,19
DA:34,19
DA:36,15
DA:45,15
DA:47,15
DA:48,2
DA:49,2
DA:50,2
DA:51,2
DA:52,2
DA:55,15
DA:56,1
DA:59,15
DA:60,1
DA:61,1
DA:62,1
DA:65,15
DA:66,1
DA:67,1
DA:68,1
DA:71,15
DA:72,1
DA:73,1
DA:74,1
DA:77,15
DA:78,1
DA:81,15
DA:82,1
DA:85,15
DA:86,15
DA:87,15
DA:91,19
DA:92,19
DA:94,0
DA:95,1
DA:96,1
LF:41
LH:40
BRDA:25,0,0,1
BRDA:25,0,1,0
BRDA:27,1,0,0
BRDA:34,2,0,4
BRDA:34,2,1,15
BRDA:34,3,0,19
BRDA:34,3,1,18
BRDA:38,4,0,15
BRDA:38,4,1,0
BRF:9
BRH:6
end_of_record
TN:
SF:src\hooks\useWorkflowEditor.js
FN:10,useWorkflowEditor
FN:22,(anonymous_1)
FN:27,(anonymous_2)
FN:29,(anonymous_3)
FN:40,(anonymous_4)
FN:48,(anonymous_5)
FNF:6
FNH:0
FNDA:0,useWorkflowEditor
FNDA:0,(anonymous_1)
FNDA:0,(anonymous_2)
FNDA:0,(anonymous_3)
FNDA:0,(anonymous_4)
FNDA:0,(anonymous_5)
DA:11,0
DA:12,0
DA:13,0
DA:14,0
DA:15,0
DA:16,0
DA:20,0
DA:22,0
DA:23,0
DA:24,0
DA:27,0
DA:28,0
DA:29,0
DA:30,0
DA:31,0
DA:32,0
DA:34,0
DA:37,0
DA:40,0
DA:41,0
DA:42,0
DA:43,0
DA:44,0
DA:48,0
DA:49,0
DA:50,0
DA:52,0
DA:53,0
DA:54,0
DA:55,0
DA:56,0
DA:57,0
DA:58,0
DA:59,0
DA:62,0
DA:72,0
DA:73,0
DA:74,0
DA:75,0
DA:85,0
DA:89,0
LF:41
LH:0
BRDA:24,0,0,0
BRDA:24,0,1,0
BRDA:42,1,0,0
BRDA:42,1,1,0
BRDA:50,2,0,0
BRDA:50,2,1,0
BRF:6
BRH:0
end_of_record
TN:
SF:src\layouts\Admin.js
FN:13,(anonymous_0)
FN:17,(anonymous_1)
FN:23,(anonymous_2)
FN:24,(anonymous_3)
FN:30,(anonymous_4)
FNF:5
FNH:0
FNDA:0,(anonymous_0)
FNDA:0,(anonymous_1)
FNDA:0,(anonymous_2)
FNDA:0,(anonymous_3)
FNDA:0,(anonymous_4)
DA:13,0
DA:14,0
DA:15,0
DA:17,0
DA:18,0
DA:19,0
DA:20,0
DA:23,0
DA:24,0
DA:25,0
DA:30,0
DA:31,0
DA:32,0
DA:37,0
DA:39,0
DA:43,0
DA:45,0
DA:46,0
DA:64,0
LF:19
LH:0
BRDA:25,0,0,0
BRDA:25,0,1,0
BRDA:32,1,0,0
BRDA:32,1,1,0
BRDA:45,2,0,0
BRDA:45,2,1,0
BRF:6
BRH:0
end_of_record
TN:
SF:src\layouts\Auth.js
FN:11,(anonymous_0)
FN:15,(anonymous_1)
FN:17,(anonymous_2)
FN:21,(anonymous_3)
FN:27,(anonymous_4)
FN:28,(anonymous_5)
FNF:6
FNH:0
FNDA:0,(anonymous_0)
FNDA:0,(anonymous_1)
FNDA:0,(anonymous_2)
FNDA:0,(anonymous_3)
FNDA:0,(anonymous_4)
FNDA:0,(anonymous_5)
DA:11,0
DA:12,0
DA:13,0
DA:15,0
DA:16,0
DA:17,0
DA:18,0
DA:21,0
DA:22,0
DA:23,0
DA:24,0
DA:27,0
DA:28,0
DA:29,0
DA:30,0
DA:34,0
DA:39,0
LF:17
LH:0
BRDA:29,0,0,0
BRDA:29,0,1,0
BRF:2
BRH:0
end_of_record
TN:
SF:src\modules\alerts\index.js
FNF:0
FNH:0
LF:0
LH:0
BRF:0
BRH:0
end_of_record
TN:
SF:src\modules\alerts\pages\AlertsPage.jsx
FN:46,DetailRow
FN:56,AlertsPage
FN:71,(anonymous_2)
FN:78,(anonymous_3)
FN:100,(anonymous_4)
FN:102,(anonymous_5)
FN:105,(anonymous_6)
FN:107,(anonymous_7)
FN:137,(anonymous_8)
FN:151,(anonymous_9)
FN:165,(anonymous_10)
FN:208,(anonymous_11)
FN:211,(anonymous_12)
FN:213,(anonymous_13)
FN:235,(anonymous_14)
FN:243,(anonymous_15)
FN:253,(anonymous_16)
FN:277,(anonymous_17)
FN:280,(anonymous_18)
FN:345,(anonymous_19)
FN:353,(anonymous_20)
FN:359,(anonymous_21)
FNF:22
FNH:0
FNDA:0,DetailRow
FNDA:0,AlertsPage
FNDA:0,(anonymous_2)
FNDA:0,(anonymous_3)
FNDA:0,(anonymous_4)
FNDA:0,(anonymous_5)
FNDA:0,(anonymous_6)
FNDA:0,(anonymous_7)
FNDA:0,(anonymous_8)
FNDA:0,(anonymous_9)
FNDA:0,(anonymous_10)
FNDA:0,(anonymous_11)
FNDA:0,(anonymous_12)
FNDA:0,(anonymous_13)
FNDA:0,(anonymous_14)
FNDA:0,(anonymous_15)
FNDA:0,(anonymous_16)
FNDA:0,(anonymous_17)
FNDA:0,(anonymous_18)
FNDA:0,(anonymous_19)
FNDA:0,(anonymous_20)
FNDA:0,(anonymous_21)
DA:32,0
DA:39,0
DA:47,0
DA:48,0
DA:57,0
DA:58,0
DA:59,0
DA:60,0
DA:61,0
DA:62,0
DA:64,0
DA:65,0
DA:66,0
DA:67,0
DA:69,0
DA:71,0
DA:72,0
DA:73,0
DA:74,0
DA:75,0
DA:78,0
DA:79,0
DA:80,0
DA:81,0
DA:82,0
DA:83,0
DA:84,0
DA:85,0
DA:86,0
DA:87,0
DA:88,0
DA:89,0
DA:90,0
DA:91,0
DA:92,0
DA:94,0
DA:96,0
DA:100,0
DA:101,0
DA:102,0
DA:105,0
DA:106,0
DA:107,0
DA:110,0
DA:137,0
DA:151,0
DA:165,0
DA:209,0
DA:211,0
DA:213,0
DA:235,0
DA:243,0
DA:253,0
DA:277,0
DA:280,0
DA:345,0
DA:353,0
DA:359,0
LF:58
LH:0
BRDA:47,0,0,0
BRDA:47,0,1,0
BRDA:47,1,0,0
BRDA:47,1,1,0
BRDA:73,2,0,0
BRDA:73,2,1,0
BRDA:74,3,0,0
BRDA:74,3,1,0
BRDA:82,4,0,0
BRDA:82,4,1,0
BRDA:83,5,0,0
BRDA:83,5,1,0
BRDA:102,6,0,0
BRDA:102,6,1,0
BRDA:107,7,0,0
BRDA:107,7,1,0
BRDA:159,8,0,0
BRDA:159,8,1,0
BRDA:159,8,2,0
BRDA:179,9,0,0
BRDA:179,9,1,0
BRDA:185,10,0,0
BRDA:185,10,1,0
BRDA:201,11,0,0
BRDA:201,11,1,0
BRDA:207,12,0,0
BRDA:207,12,1,0
BRDA:214,13,0,0
BRDA:214,13,1,0
BRDA:222,14,0,0
BRDA:222,14,1,0
BRDA:225,15,0,0
BRDA:225,15,1,0
BRDA:228,16,0,0
BRDA:228,16,1,0
BRDA:231,17,0,0
BRDA:231,17,1,0
BRDA:236,18,0,0
BRDA:236,18,1,0
BRDA:278,19,0,0
BRDA:278,19,1,0
BRDA:283,20,0,0
BRDA:283,20,1,0
BRDA:298,21,0,0
BRDA:298,21,1,0
BRDA:303,22,0,0
BRDA:303,22,1,0
BRDA:311,23,0,0
BRDA:311,23,1,0
BRDA:315,24,0,0
BRDA:315,24,1,0
BRDA:319,25,0,0
BRDA:319,25,1,0
BRDA:322,26,0,0
BRDA:322,26,1,0
BRDA:322,26,2,0
BRDA:339,27,0,0
BRDA:339,27,1,0
BRF:58
BRH:0
end_of_record
TN:
SF:src\modules\analytics\pages\AnalyticsPage.jsx
FN:49,isoOffset
FN:61,fmtNum
FN:68,buildStatusChart
FN:69,(anonymous_3)
FN:70,(anonymous_4)
FN:71,(anonymous_5)
FN:75,buildSeverityChart
FN:76,(anonymous_7)
FN:77,(anonymous_8)
FN:78,(anonymous_9)
FN:82,buildSensorLineChart
FN:84,(anonymous_11)
FN:91,(anonymous_12)
FN:92,(anonymous_13)
FN:93,(anonymous_14)
FN:98,buildAnomalyChart
FN:101,(anonymous_16)
FN:102,(anonymous_17)
FN:115,buildThroughputChart
FN:118,(anonymous_19)
FN:121,(anonymous_20)
FN:154,PipelineHealthPanel
FN:167,(anonymous_22)
FN:184,KpiSummaryPanel
FN:199,(anonymous_24)
FN:215,AnalyticsPage
FN:238,(anonymous_26)
FN:246,(anonymous_27)
FN:251,(anonymous_28)
FN:264,(anonymous_29)
FN:295,(anonymous_30)
FN:342,(anonymous_31)
FN:369,(anonymous_32)
FN:391,(anonymous_33)
FN:412,(anonymous_34)
FN:413,(anonymous_35)
FN:461,(anonymous_36)
FN:494,(anonymous_37)
FN:496,(anonymous_38)
FN:509,(anonymous_39)
FN:510,(anonymous_40)
FN:514,(anonymous_41)
FN:525,(anonymous_42)
FN:529,(anonymous_43)
FN:556,(anonymous_44)
FNF:45
FNH:0
FNDA:0,isoOffset
FNDA:0,fmtNum
FNDA:0,buildStatusChart
FNDA:0,(anonymous_3)
FNDA:0,(anonymous_4)
FNDA:0,(anonymous_5)
FNDA:0,buildSeverityChart
FNDA:0,(anonymous_7)
FNDA:0,(anonymous_8)
FNDA:0,(anonymous_9)
FNDA:0,buildSensorLineChart
FNDA:0,(anonymous_11)
FNDA:0,(anonymous_12)
FNDA:0,(anonymous_13)
FNDA:0,(anonymous_14)
FNDA:0,buildAnomalyChart
FNDA:0,(anonymous_16)
FNDA:0,(anonymous_17)
FNDA:0,buildThroughputChart
FNDA:0,(anonymous_19)
FNDA:0,(anonymous_20)
FNDA:0,PipelineHealthPanel
FNDA:0,(anonymous_22)
FNDA:0,KpiSummaryPanel
FNDA:0,(anonymous_24)
FNDA:0,AnalyticsPage
FNDA:0,(anonymous_26)
FNDA:0,(anonymous_27)
FNDA:0,(anonymous_28)
FNDA:0,(anonymous_29)
FNDA:0,(anonymous_30)
FNDA:0,(anonymous_31)
FNDA:0,(anonymous_32)
FNDA:0,(anonymous_33)
FNDA:0,(anonymous_34)
FNDA:0,(anonymous_35)
FNDA:0,(anonymous_36)
FNDA:0,(anonymous_37)
FNDA:0,(anonymous_38)
FNDA:0,(anonymous_39)
FNDA:0,(anonymous_40)
FNDA:0,(anonymous_41)
FNDA:0,(anonymous_42)
FNDA:0,(anonymous_43)
FNDA:0,(anonymous_44)
DA:42,0
DA:45,0
DA:50,0
DA:51,0
DA:52,0
DA:55,0
DA:62,0
DA:63,0
DA:69,0
DA:70,0
DA:71,0
DA:72,0
DA:76,0
DA:77,0
DA:78,0
DA:79,0
DA:83,0
DA:84,0
DA:85,0
DA:86,0
DA:88,0
DA:91,0
DA:92,0
DA:93,0
DA:99,0
DA:100,0
DA:101,0
DA:102,0
DA:103,0
DA:116,0
DA:117,0
DA:118,0
DA:121,0
DA:129,0
DA:134,0
DA:143,0
DA:155,0
DA:156,0
DA:158,0
DA:165,0
DA:168,0
DA:185,0
DA:186,0
DA:188,0
DA:192,0
DA:200,0
DA:216,0
DA:218,0
DA:219,0
DA:220,0
DA:221,0
DA:222,0
DA:223,0
DA:224,0
DA:225,0
DA:226,0
DA:227,0
DA:228,0
DA:230,0
DA:231,0
DA:232,0
DA:233,0
DA:234,0
DA:235,0
DA:238,0
DA:239,0
DA:240,0
DA:241,0
DA:242,0
DA:246,0
DA:247,0
DA:251,0
DA:252,0
DA:253,0
DA:254,0
DA:255,0
DA:256,0
DA:258,0
DA:259,0
DA:261,0
DA:264,0
DA:265,0
DA:266,0
DA:267,0
DA:268,0
DA:272,0
DA:273,0
DA:274,0
DA:275,0
DA:276,0
DA:278,0
DA:296,0
DA:343,0
DA:370,0
DA:391,0
DA:413,0
DA:461,0
DA:494,0
DA:497,0
DA:510,0
DA:514,0
DA:525,0
DA:529,0
DA:557,0
LF:104
LH:0
BRDA:61,0,0,0
BRDA:62,1,0,0
BRDA:62,1,1,0
BRDA:71,2,0,0
BRDA:71,2,1,0
BRDA:78,3,0,0
BRDA:78,3,1,0
BRDA:83,4,0,0
BRDA:83,4,1,0
BRDA:83,5,0,0
BRDA:83,5,1,0
BRDA:91,6,0,0
BRDA:91,6,1,0
BRDA:91,7,0,0
BRDA:91,7,1,0
BRDA:91,8,0,0
BRDA:91,8,1,0
BRDA:100,9,0,0
BRDA:100,9,1,0
BRDA:101,10,0,0
BRDA:101,10,1,0
BRDA:116,11,0,0
BRDA:116,11,1,0
BRDA:116,12,0,0
BRDA:116,12,1,0
BRDA:155,13,0,0
BRDA:155,13,1,0
BRDA:156,14,0,0
BRDA:156,14,1,0
BRDA:160,15,0,0
BRDA:160,15,1,0
BRDA:161,16,0,0
BRDA:161,16,1,0
BRDA:161,17,0,0
BRDA:161,17,1,0
BRDA:162,18,0,0
BRDA:162,18,1,0
BRDA:185,19,0,0
BRDA:185,19,1,0
BRDA:186,20,0,0
BRDA:186,20,1,0
BRDA:186,21,0,0
BRDA:186,21,1,0
BRDA:188,22,0,0
BRDA:188,22,1,0
BRDA:196,23,0,0
BRDA:196,23,1,0
BRDA:252,24,0,0
BRDA:252,24,1,0
BRDA:254,25,0,0
BRDA:254,25,1,0
BRDA:255,26,0,0
BRDA:255,26,1,0
BRDA:256,27,0,0
BRDA:256,27,1,0
BRDA:272,28,0,0
BRDA:272,28,1,0
BRDA:273,29,0,0
BRDA:273,29,1,0
BRDA:274,30,0,0
BRDA:274,30,1,0
BRDA:275,31,0,0
BRDA:275,31,1,0
BRDA:276,32,0,0
BRDA:276,32,1,0
BRDA:284,33,0,0
BRDA:284,33,1,0
BRDA:286,34,0,0
BRDA:286,34,1,0
BRDA:288,35,0,0
BRDA:288,35,1,0
BRDA:293,36,0,0
BRDA:293,36,1,0
BRDA:302,37,0,0
BRDA:302,37,1,0
BRDA:333,38,0,0
BRDA:333,38,1,0
BRDA:340,39,0,0
BRDA:340,39,1,0
BRDA:344,40,0,0
BRDA:344,40,1,0
BRDA:360,41,0,0
BRDA:360,41,1,0
BRDA:367,42,0,0
BRDA:367,42,1,0
BRDA:371,43,0,0
BRDA:371,43,1,0
BRDA:413,44,0,0
BRDA:413,44,1,0
BRDA:432,45,0,0
BRDA:432,45,1,0
BRDA:434,46,0,0
BRDA:434,46,1,0
BRDA:455,47,0,0
BRDA:455,47,1,0
BRDA:456,48,0,0
BRDA:456,48,1,0
BRDA:466,49,0,0
BRDA:466,49,1,0
BRDA:498,50,0,0
BRDA:498,50,1,0
BRDA:510,51,0,0
BRDA:510,51,1,0
BRDA:510,52,0,0
BRDA:510,52,1,0
BRDA:514,53,0,0
BRDA:514,53,1,0
BRDA:521,54,0,0
BRDA:521,54,1,0
BRDA:525,55,0,0
BRDA:525,55,1,0
BRDA:529,56,0,0
BRDA:529,56,1,0
BRDA:537,57,0,0
BRDA:537,57,1,0
BRDA:540,58,0,0
BRDA:540,58,1,0
BRDA:540,58,2,0
BRDA:543,59,0,0
BRDA:543,59,1,0
BRDA:543,59,2,0
BRDA:547,60,0,0
BRDA:547,60,1,0
BRDA:547,60,2,0
BRDA:547,60,3,0
BRDA:562,61,0,0
BRDA:562,61,1,0
BRDA:563,62,0,0
BRDA:563,62,1,0
BRDA:563,63,0,0
BRDA:563,63,1,0
BRDA:571,64,0,0
BRDA:571,64,1,0
BRDA:585,65,0,0
BRDA:585,65,1,0
BRDA:588,66,0,0
BRDA:588,66,1,0
BRDA:591,67,0,0
BRDA:591,67,1,0
BRDA:594,68,0,0
BRDA:594,68,1,0
BRF:141
BRH:0
end_of_record
TN:
SF:src\modules\auth\components\ProtectedRoute.jsx
FN:11,ProtectedRoute
FNF:1
FNH:0
FNDA:0,ProtectedRoute
DA:12,0
DA:13,0
DA:14,0
DA:16,0
DA:17,0
DA:22,0
DA:23,0
DA:30,0
LF:8
LH:0
BRDA:16,0,0,0
BRDA:16,0,1,0
BRDA:22,1,0,0
BRDA:22,1,1,0
BRDA:22,2,0,0
BRDA:22,2,1,0
BRF:6
BRH:0
end_of_record
TN:
SF:src\modules\auth\pages\Login.jsx
FN:30,Login
FN:43,(anonymous_1)
FN:49,(anonymous_2)
FN:52,(anonymous_3)
FN:62,(anonymous_4)
FN:176,(anonymous_5)
FNF:6
FNH:0
FNDA:0,Login
FNDA:0,(anonymous_1)
FNDA:0,(anonymous_2)
FNDA:0,(anonymous_3)
FNDA:0,(anonymous_4)
FNDA:0,(anonymous_5)
DA:31,0
DA:32,0
DA:34,0
DA:35,0
DA:36,0
DA:38,0
DA:43,0
DA:44,0
DA:45,0
DA:49,0
DA:50,0
DA:52,0
DA:57,0
DA:58,0
DA:62,0
DA:63,0
DA:65,0
DA:66,0
DA:67,0
DA:70,0
DA:72,0
DA:73,0
DA:77,0
DA:176,0
LF:24
LH:0
BRDA:44,0,0,0
BRDA:44,0,1,0
BRDA:57,1,0,0
BRDA:57,1,1,0
BRDA:65,2,0,0
BRDA:65,2,1,0
BRDA:65,3,0,0
BRDA:65,3,1,0
BRDA:72,4,0,0
BRDA:72,4,1,0
BRDA:86,5,0,0
BRDA:86,5,1,0
BRDA:157,6,0,0
BRDA:157,6,1,0
BRF:14
BRH:0
end_of_record
TN:
SF:src\modules\auth\pages\Register.jsx
FN:30,Register
FN:46,(anonymous_1)
FN:52,(anonymous_2)
FN:55,(anonymous_3)
FN:65,(anonymous_4)
FNF:5
FNH:0
FNDA:0,Register
FNDA:0,(anonymous_1)
FNDA:0,(anonymous_2)
FNDA:0,(anonymous_3)
FNDA:0,(anonymous_4)
DA:31,0
DA:32,0
DA:34,0
DA:35,0
DA:36,0
DA:38,0
DA:46,0
DA:47,0
DA:48,0
DA:52,0
DA:53,0
DA:55,0
DA:60,0
DA:61,0
DA:65,0
DA:66,0
DA:68,0
DA:69,0
DA:70,0
DA:73,0
DA:82,0
DA:83,0
DA:87,0
LF:23
LH:0
BRDA:47,0,0,0
BRDA:47,0,1,0
BRDA:60,1,0,0
BRDA:60,1,1,0
BRDA:68,2,0,0
BRDA:68,2,1,0
BRDA:82,3,0,0
BRDA:82,3,1,0
BRDA:96,4,0,0
BRDA:96,4,1,0
BRDA:224,5,0,0
BRDA:224,5,1,0
BRF:12
BRH:0
end_of_record
TN:
SF:src\modules\dashboard\index.js
FNF:0
FNH:0
LF:0
LH:0
BRF:0
BRH:0
end_of_record
TN:
SF:src\modules\dashboard\components\AlertsFeed.jsx
FN:13,AlertsFeed
FN:22,(anonymous_1)
FNF:2
FNH:0
FNDA:0,AlertsFeed
FNDA:0,(anonymous_1)
DA:3,0
DA:14,0
DA:23,0
LF:3
LH:0
BRDA:26,0,0,0
BRDA:26,0,1,0
BRDA:36,1,0,0
BRDA:36,1,1,0
BRF:4
BRH:0
end_of_record
TN:
SF:src\modules\dashboard\components\KPISection.jsx
FN:10,KPISection
FN:13,(anonymous_1)
FNF:2
FNH:0
FNDA:0,KPISection
FNDA:0,(anonymous_1)
DA:3,0
DA:11,0
DA:14,0
LF:3
LH:0
BRDA:22,0,0,0
BRDA:22,0,1,0
BRDA:26,1,0,0
BRDA:26,1,1,0
BRDA:32,2,0,0
BRDA:32,2,1,0
BRDA:33,3,0,0
BRDA:33,3,1,0
BRF:8
BRH:0
end_of_record
TN:
SF:src\modules\dashboard\components\RealtimeStats.jsx
FN:3,RealtimeStats
FN:17,(anonymous_1)
FNF:2
FNH:0
FNDA:0,RealtimeStats
FNDA:0,(anonymous_1)
DA:4,0
DA:18,0
LF:2
LH:0
BRDA:8,0,0,0
BRDA:8,0,1,0
BRDA:9,1,0,0
BRDA:9,1,1,0
BRDA:27,2,0,0
BRDA:27,2,1,0
BRF:6
BRH:0
end_of_record
TN:
SF:src\modules\dashboard\components\StationOverview.jsx
FN:10,StationOverview
FN:28,(anonymous_1)
FNF:2
FNH:0
FNDA:0,StationOverview
FNDA:0,(anonymous_1)
DA:3,0
DA:11,0
DA:29,0
DA:32,0
LF:4
LH:0
BRDA:29,0,0,0
BRDA:29,0,1,0
BRDA:39,1,0,0
BRDA:39,1,1,0
BRDA:41,2,0,0
BRDA:41,2,1,0
BRDA:42,3,0,0
BRDA:42,3,1,0
BRDA:47,4,0,0
BRDA:47,4,1,0
BRDA:54,5,0,0
BRDA:54,5,1,0
BRF:12
BRH:0
end_of_record
TN:
SF:src\modules\dashboard\components\TrendCharts.jsx
FN:30,buildChartData
FN:37,(anonymous_1)
FN:48,(anonymous_2)
FN:50,(anonymous_3)
FN:70,TrendCharts
FN:78,(anonymous_5)
FN:85,(anonymous_6)
FN:97,(anonymous_7)
FN:100,(anonymous_8)
FN:103,(anonymous_9)
FN:107,(anonymous_10)
FN:111,(anonymous_11)
FN:136,(anonymous_12)
FN:141,(anonymous_13)
FN:150,(anonymous_14)
FN:155,(anonymous_15)
FN:215,(anonymous_16)
FNF:17
FNH:0
FNDA:0,buildChartData
FNDA:0,(anonymous_1)
FNDA:0,(anonymous_2)
FNDA:0,(anonymous_3)
FNDA:0,TrendCharts
FNDA:0,(anonymous_5)
FNDA:0,(anonymous_6)
FNDA:0,(anonymous_7)
FNDA:0,(anonymous_8)
FNDA:0,(anonymous_9)
FNDA:0,(anonymous_10)
FNDA:0,(anonymous_11)
FNDA:0,(anonymous_12)
FNDA:0,(anonymous_13)
FNDA:0,(anonymous_14)
FNDA:0,(anonymous_15)
FNDA:0,(anonymous_16)
DA:18,0
DA:22,0
DA:31,0
DA:34,0
DA:35,0
DA:37,0
DA:38,0
DA:40,0
DA:48,0
DA:50,0
DA:59,0
DA:71,0
DA:72,0
DA:73,0
DA:74,0
DA:75,0
DA:78,0
DA:79,0
DA:80,0
DA:85,0
DA:86,0
DA:88,0
DA:89,0
DA:90,0
DA:92,0
DA:93,0
DA:95,0
DA:98,0
DA:101,0
DA:104,0
DA:107,0
DA:110,0
DA:111,0
DA:113,0
DA:137,0
DA:138,0
DA:142,0
DA:151,0
DA:155,0
DA:216,0
DA:217,0
LF:41
LH:0
BRDA:31,0,0,0
BRDA:31,0,1,0
BRDA:35,1,0,0
BRDA:35,1,1,0
BRDA:43,2,0,0
BRDA:43,2,1,0
BRDA:43,3,0,0
BRDA:43,3,1,0
BRDA:44,4,0,0
BRDA:44,4,1,0
BRDA:55,5,0,0
BRDA:55,5,1,0
BRDA:70,6,0,0
BRDA:79,7,0,0
BRDA:79,7,1,0
BRDA:79,8,0,0
BRDA:79,8,1,0
BRDA:86,9,0,0
BRDA:86,9,1,0
BRDA:98,10,0,0
BRDA:98,10,1,0
BRDA:101,11,0,0
BRDA:101,11,1,0
BRDA:104,12,0,0
BRDA:104,12,1,0
BRDA:110,13,0,0
BRDA:110,13,1,0
BRDA:120,14,0,0
BRDA:120,14,1,0
BRDA:130,15,0,0
BRDA:130,15,1,0
BRDA:153,16,0,0
BRDA:153,16,1,0
BRDA:167,17,0,0
BRDA:167,17,1,0
BRDA:171,18,0,0
BRDA:171,18,1,0
BRDA:175,19,0,0
BRDA:175,19,1,0
BRDA:177,20,0,0
BRDA:177,20,1,0
BRDA:213,21,0,0
BRDA:213,21,1,0
BRDA:213,21,2,0
BRDA:220,22,0,0
BRDA:220,22,1,0
BRF:46
BRH:0
end_of_record
TN:
SF:src\modules\dashboard\pages\DashboardPage.jsx
FN:15,DashboardPage
FN:24,(anonymous_1)
FN:31,(anonymous_2)
FN:31,(anonymous_3)
FN:35,(anonymous_4)
FN:36,(anonymous_5)
FN:37,(anonymous_6)
FN:38,(anonymous_7)
FN:40,(anonymous_8)
FN:42,(anonymous_9)
FN:78,(anonymous_10)
FN:85,(anonymous_11)
FN:86,(anonymous_12)
FN:87,(anonymous_13)
FN:88,(anonymous_14)
FN:89,(anonymous_15)
FN:90,(anonymous_16)
FN:107,(anonymous_17)
FN:108,(anonymous_18)
FNF:19
FNH:0
FNDA:0,DashboardPage
FNDA:0,(anonymous_1)
FNDA:0,(anonymous_2)
FNDA:0,(anonymous_3)
FNDA:0,(anonymous_4)
FNDA:0,(anonymous_5)
FNDA:0,(anonymous_6)
FNDA:0,(anonymous_7)
FNDA:0,(anonymous_8)
FNDA:0,(anonymous_9)
FNDA:0,(anonymous_10)
FNDA:0,(anonymous_11)
FNDA:0,(anonymous_12)
FNDA:0,(anonymous_13)
FNDA:0,(anonymous_14)
FNDA:0,(anonymous_15)
FNDA:0,(anonymous_16)
FNDA:0,(anonymous_17)
FNDA:0,(anonymous_18)
DA:16,0
DA:17,0
DA:19,0
DA:20,0
DA:21,0
DA:22,0
DA:24,0
DA:25,0
DA:26,0
DA:27,0
DA:30,0
DA:31,0
DA:35,0
DA:36,0
DA:37,0
DA:38,0
DA:39,0
DA:40,0
DA:42,0
DA:44,0
DA:78,0
DA:84,0
DA:86,0
DA:87,0
DA:88,0
DA:89,0
DA:90,0
DA:92,0
DA:106,0
DA:108,0
DA:118,0
LF:31
LH:0
BRDA:37,0,0,0
BRDA:37,0,1,0
BRDA:38,1,0,0
BRDA:38,1,1,0
BRDA:39,2,0,0
BRDA:39,2,1,0
BRDA:40,3,0,0
BRDA:40,3,1,0
BRDA:42,4,0,0
BRDA:42,4,1,0
BRDA:51,5,0,0
BRDA:51,5,1,0
BRDA:57,6,0,0
BRDA:57,6,1,0
BRDA:60,7,0,0
BRDA:60,7,1,0
BRDA:60,8,0,0
BRDA:60,8,1,0
BRDA:78,9,0,0
BRDA:78,9,1,0
BRDA:97,10,0,0
BRDA:97,10,1,0
BRDA:98,11,0,0
BRDA:98,11,1,0
BRDA:110,12,0,0
BRDA:110,12,1,0
BRDA:113,13,0,0
BRDA:113,13,1,0
BRF:28
BRH:0
end_of_record
TN:
SF:src\modules\maintenance\index.js
FNF:0
FNH:0
LF:0
LH:0
BRF:0
BRH:0
end_of_record
TN:
SF:src\modules\maintenance\pages\MaintenancePage.jsx
FN:64,MaintenancePage
FN:85,(anonymous_1)
FN:90,(anonymous_2)
FN:93,(anonymous_3)
FN:100,(anonymous_4)
FN:106,(anonymous_5)
FN:121,(anonymous_6)
FN:123,(anonymous_7)
FN:126,(anonymous_8)
FN:143,(anonymous_9)
FN:147,(anonymous_10)
FN:187,(anonymous_11)
FN:202,(anonymous_12)
FN:217,(anonymous_13)
FN:246,(anonymous_14)
FN:283,(anonymous_15)
FN:294,(anonymous_16)
FN:317,(anonymous_17)
FN:318,(anonymous_18)
FN:341,(anonymous_19)
FN:350,(anonymous_20)
FN:352,(anonymous_21)
FN:410,(anonymous_22)
FN:430,(anonymous_23)
FN:466,(anonymous_24)
FNF:25
FNH:0
FNDA:0,MaintenancePage
FNDA:0,(anonymous_1)
FNDA:0,(anonymous_2)
FNDA:0,(anonymous_3)
FNDA:0,(anonymous_4)
FNDA:0,(anonymous_5)
FNDA:0,(anonymous_6)
FNDA:0,(anonymous_7)
FNDA:0,(anonymous_8)
FNDA:0,(anonymous_9)
FNDA:0,(anonymous_10)
FNDA:0,(anonymous_11)
FNDA:0,(anonymous_12)
FNDA:0,(anonymous_13)
FNDA:0,(anonymous_14)
FNDA:0,(anonymous_15)
FNDA:0,(anonymous_16)
FNDA:0,(anonymous_17)
FNDA:0,(anonymous_18)
FNDA:0,(anonymous_19)
FNDA:0,(anonymous_20)
FNDA:0,(anonymous_21)
FNDA:0,(anonymous_22)
FNDA:0,(anonymous_23)
FNDA:0,(anonymous_24)
DA:38,0
DA:45,0
DA:53,0
DA:65,0
DA:66,0
DA:67,0
DA:68,0
DA:69,0
DA:70,0
DA:71,0
DA:73,0
DA:74,0
DA:75,0
DA:77,0
DA:78,0
DA:79,0
DA:80,0
DA:81,0
DA:82,0
DA:83,0
DA:85,0
DA:86,0
DA:90,0
DA:93,0
DA:94,0
DA:95,0
DA:96,0
DA:97,0
DA:100,0
DA:101,0
DA:102,0
DA:103,0
DA:106,0
DA:107,0
DA:108,0
DA:118,0
DA:121,0
DA:122,0
DA:123,0
DA:126,0
DA:127,0
DA:128,0
DA:135,0
DA:136,0
DA:138,0
DA:140,0
DA:143,0
DA:144,0
DA:147,0
DA:148,0
DA:149,0
DA:152,0
DA:187,0
DA:202,0
DA:217,0
DA:247,0
DA:283,0
DA:294,0
DA:317,0
DA:318,0
DA:341,0
DA:350,0
DA:352,0
DA:411,0
DA:431,0
DA:466,0
LF:66
LH:0
BRDA:95,0,0,0
BRDA:95,0,1,0
BRDA:96,1,0,0
BRDA:96,1,1,0
BRDA:102,2,0,0
BRDA:102,2,1,0
BRDA:109,3,0,0
BRDA:109,3,1,0
BRDA:110,4,0,0
BRDA:110,4,1,0
BRDA:111,5,0,0
BRDA:111,5,1,0
BRDA:112,6,0,0
BRDA:112,6,1,0
BRDA:113,7,0,0
BRDA:113,7,1,0
BRDA:114,8,0,0
BRDA:114,8,1,0
BRDA:115,9,0,0
BRDA:115,9,1,0
BRDA:116,10,0,0
BRDA:116,10,1,0
BRDA:130,11,0,0
BRDA:130,11,1,0
BRDA:132,12,0,0
BRDA:132,12,1,0
BRDA:135,13,0,0
BRDA:135,13,1,0
BRDA:162,14,0,0
BRDA:162,14,1,0
BRDA:211,15,0,0
BRDA:211,15,1,0
BRDA:211,15,2,0
BRDA:224,16,0,0
BRDA:224,16,1,0
BRDA:239,17,0,0
BRDA:239,17,1,0
BRDA:245,18,0,0
BRDA:245,18,1,0
BRDA:252,19,0,0
BRDA:252,19,1,0
BRDA:255,20,0,0
BRDA:255,20,1,0
BRDA:263,21,0,0
BRDA:263,21,1,0
BRDA:268,22,0,0
BRDA:268,22,1,0
BRDA:273,23,0,0
BRDA:273,23,1,0
BRDA:278,24,0,0
BRDA:278,24,1,0
BRDA:288,25,0,0
BRDA:288,25,1,0
BRDA:299,26,0,0
BRDA:299,26,1,0
BRDA:299,26,2,0
BRDA:331,27,0,0
BRDA:331,27,1,0
BRDA:345,28,0,0
BRDA:345,28,1,0
BRDA:353,29,0,0
BRDA:353,29,1,0
BRDA:436,30,0,0
BRDA:436,30,1,0
BRDA:470,31,0,0
BRDA:470,31,1,0
BRDA:470,32,0,0
BRDA:470,32,1,0
BRF:68
BRH:0
end_of_record
TN:
SF:src\modules\monitoring\index.js
FNF:0
FNH:0
LF:0
LH:0
BRF:0
BRH:0
end_of_record
TN:
SF:src\modules\monitoring\pages\MonitoringPage.jsx
FN:60,MonitoringPage
FN:81,(anonymous_1)
FN:85,(anonymous_2)
FN:92,(anonymous_3)
FN:98,(anonymous_4)
FN:116,(anonymous_5)
FN:118,(anonymous_6)
FN:124,(anonymous_7)
FN:140,(anonymous_8)
FN:179,(anonymous_9)
FN:182,(anonymous_10)
FN:192,(anonymous_11)
FN:211,(anonymous_12)
FN:239,(anonymous_13)
FN:261,(anonymous_14)
FN:266,(anonymous_15)
FN:270,(anonymous_16)
FN:288,(anonymous_17)
FN:289,(anonymous_18)
FN:304,(anonymous_19)
FN:312,(anonymous_20)
FN:314,(anonymous_21)
FN:330,(anonymous_22)
FN:413,(anonymous_23)
FNF:24
FNH:0
FNDA:0,MonitoringPage
FNDA:0,(anonymous_1)
FNDA:0,(anonymous_2)
FNDA:0,(anonymous_3)
FNDA:0,(anonymous_4)
FNDA:0,(anonymous_5)
FNDA:0,(anonymous_6)
FNDA:0,(anonymous_7)
FNDA:0,(anonymous_8)
FNDA:0,(anonymous_9)
FNDA:0,(anonymous_10)
FNDA:0,(anonymous_11)
FNDA:0,(anonymous_12)
FNDA:0,(anonymous_13)
FNDA:0,(anonymous_14)
FNDA:0,(anonymous_15)
FNDA:0,(anonymous_16)
FNDA:0,(anonymous_17)
FNDA:0,(anonymous_18)
FNDA:0,(anonymous_19)
FNDA:0,(anonymous_20)
FNDA:0,(anonymous_21)
FNDA:0,(anonymous_22)
FNDA:0,(anonymous_23)
DA:39,0
DA:46,0
DA:61,0
DA:62,0
DA:63,0
DA:64,0
DA:65,0
DA:66,0
DA:67,0
DA:68,0
DA:69,0
DA:70,0
DA:72,0
DA:73,0
DA:74,0
DA:75,0
DA:76,0
DA:77,0
DA:79,0
DA:81,0
DA:82,0
DA:85,0
DA:86,0
DA:87,0
DA:88,0
DA:89,0
DA:92,0
DA:93,0
DA:94,0
DA:95,0
DA:98,0
DA:99,0
DA:100,0
DA:113,0
DA:116,0
DA:117,0
DA:118,0
DA:124,0
DA:125,0
DA:126,0
DA:132,0
DA:133,0
DA:135,0
DA:137,0
DA:140,0
DA:141,0
DA:142,0
DA:145,0
DA:179,0
DA:183,0
DA:192,0
DA:211,0
DA:240,0
DA:261,0
DA:266,0
DA:270,0
DA:288,0
DA:289,0
DA:304,0
DA:312,0
DA:314,0
DA:331,0
DA:413,0
LF:63
LH:0
BRDA:87,0,0,0
BRDA:87,0,1,0
BRDA:88,1,0,0
BRDA:88,1,1,0
BRDA:94,2,0,0
BRDA:94,2,1,0
BRDA:101,3,0,0
BRDA:101,3,1,0
BRDA:102,4,0,0
BRDA:102,4,1,0
BRDA:103,5,0,0
BRDA:103,5,1,0
BRDA:104,6,0,0
BRDA:104,6,1,0
BRDA:105,7,0,0
BRDA:105,7,1,0
BRDA:106,8,0,0
BRDA:106,8,1,0
BRDA:107,9,0,0
BRDA:107,9,1,0
BRDA:108,10,0,0
BRDA:108,10,1,0
BRDA:109,11,0,0
BRDA:109,11,1,0
BRDA:110,12,0,0
BRDA:110,12,1,0
BRDA:111,13,0,0
BRDA:111,13,1,0
BRDA:120,14,0,0
BRDA:120,14,1,0
BRDA:128,15,0,0
BRDA:128,15,1,0
BRDA:129,16,0,0
BRDA:129,16,1,0
BRDA:132,17,0,0
BRDA:132,17,1,0
BRDA:155,18,0,0
BRDA:155,18,1,0
BRDA:205,19,0,0
BRDA:205,19,1,0
BRDA:205,19,2,0
BRDA:218,20,0,0
BRDA:218,20,1,0
BRDA:221,21,0,0
BRDA:221,21,1,0
BRDA:236,22,0,0
BRDA:236,22,1,0
BRDA:238,23,0,0
BRDA:238,23,1,0
BRDA:242,24,0,0
BRDA:242,24,1,0
BRDA:245,25,0,0
BRDA:245,25,1,0
BRDA:250,26,0,0
BRDA:250,26,1,0
BRDA:250,27,0,0
BRDA:250,27,1,0
BRDA:259,28,0,0
BRDA:259,28,1,0
BRDA:259,29,0,0
BRDA:259,29,1,0
BRDA:264,30,0,0
BRDA:264,30,1,0
BRDA:269,31,0,0
BRDA:269,31,1,0
BRDA:298,32,0,0
BRDA:298,32,1,0
BRDA:306,33,0,0
BRDA:306,33,1,0
BRDA:315,34,0,0
BRDA:315,34,1,0
BRDA:417,35,0,0
BRDA:417,35,1,0
BRDA:417,36,0,0
BRDA:417,36,1,0
BRF:75
BRH:0
end_of_record
TN:
SF:src\modules\monitoring\pages\SensorDetailsPage.jsx
FN:29,buildChartData
FN:33,(anonymous_1)
FN:38,(anonymous_2)
FN:56,(anonymous_3)
FN:68,(anonymous_4)
FN:106,(anonymous_5)
FN:121,buildLiveChartData
FN:125,(anonymous_7)
FN:132,(anonymous_8)
FN:159,SensorDetailsPage
FN:173,(anonymous_10)
FN:176,(anonymous_11)
FN:179,(anonymous_12)
FN:201,(anonymous_13)
FN:205,(anonymous_14)
FN:212,(anonymous_15)
FN:218,(anonymous_16)
FN:221,(anonymous_17)
FN:252,(anonymous_18)
FN:261,(anonymous_19)
FN:264,(anonymous_20)
FN:267,(anonymous_21)
FN:280,(anonymous_22)
FN:326,(anonymous_23)
FN:409,(anonymous_24)
FN:415,(anonymous_25)
FN:461,(anonymous_26)
FNF:27
FNH:21
FNDA:38,buildChartData
FNDA:40,(anonymous_1)
FNDA:40,(anonymous_2)
FNDA:38,(anonymous_3)
FNDA:40,(anonymous_4)
FNDA:0,(anonymous_5)
FNDA:19,buildLiveChartData
FNDA:20,(anonymous_7)
FNDA:20,(anonymous_8)
FNDA:66,SensorDetailsPage
FNDA:90,(anonymous_10)
FNDA:24,(anonymous_11)
FNDA:24,(anonymous_12)
FNDA:24,(anonymous_13)
FNDA:44,(anonymous_14)
FNDA:24,(anonymous_15)
FNDA:0,(anonymous_16)
FNDA:0,(anonymous_17)
FNDA:0,(anonymous_18)
FNDA:40,(anonymous_19)
FNDA:40,(anonymous_20)
FNDA:40,(anonymous_21)
FNDA:0,(anonymous_22)
FNDA:156,(anonymous_23)
FNDA:156,(anonymous_24)
FNDA:0,(anonymous_25)
FNDA:234,(anonymous_26)
DA:20,1
DA:27,1
DA:31,38
DA:33,38
DA:34,40
DA:35,40
DA:38,40
DA:40,38
DA:53,38
DA:54,36
DA:56,38
DA:65,38
DA:66,38
DA:68,40
DA:77,38
DA:80,1
DA:107,0
DA:108,0
DA:119,1
DA:123,19
DA:124,19
DA:126,20
DA:127,20
DA:132,20
DA:144,1
DA:160,66
DA:161,66
DA:163,66
DA:164,66
DA:165,66
DA:166,66
DA:167,66
DA:168,66
DA:171,66
DA:172,66
DA:173,90
DA:174,66
DA:176,66
DA:177,24
DA:179,24
DA:180,24
DA:181,24
DA:182,24
DA:183,24
DA:187,20
DA:188,20
DA:189,20
DA:192,3
DA:193,3
DA:196,23
DA:200,24
DA:201,24
DA:205,66
DA:206,44
DA:207,19
DA:212,66
DA:213,24
DA:214,0
DA:218,0
DA:221,66
DA:222,0
DA:223,0
DA:224,0
DA:225,0
DA:226,0
DA:227,0
DA:228,0
DA:229,0
DA:230,0
DA:231,0
DA:232,0
DA:234,0
DA:236,0
DA:240,66
DA:241,24
DA:248,42
DA:249,3
DA:252,0
DA:257,39
DA:259,39
DA:260,39
DA:261,40
DA:263,39
DA:264,40
DA:266,39
DA:267,40
DA:270,39
DA:280,0
DA:327,156
DA:410,156
DA:415,0
DA:462,234
LF:92
LH:72
BRDA:47,0,0,0
BRDA:47,0,1,38
BRDA:53,1,0,36
BRDA:53,1,1,2
BRDA:65,2,0,38
BRDA:65,2,1,0
BRDA:131,3,0,19
BRDA:131,3,1,0
BRDA:131,4,0,19
BRDA:131,4,1,0
BRDA:187,5,0,20
BRDA:187,5,1,0
BRDA:189,6,0,20
BRDA:189,6,1,0
BRDA:192,7,0,3
BRDA:192,7,1,0
BRDA:193,8,0,3
BRDA:193,8,1,2
BRDA:196,9,0,23
BRDA:196,9,1,0
BRDA:206,10,0,19
BRDA:206,10,1,25
BRDA:213,11,0,24
BRDA:213,11,1,0
BRDA:213,12,0,24
BRDA:213,12,1,0
BRDA:216,13,0,0
BRDA:216,13,1,0
BRDA:240,14,0,24
BRDA:240,14,1,42
BRDA:248,15,0,3
BRDA:248,15,1,39
BRDA:257,16,0,38
BRDA:257,16,1,1
BRDA:257,17,0,39
BRDA:257,17,1,39
BRDA:260,18,0,38
BRDA:260,18,1,1
BRDA:263,19,0,38
BRDA:263,19,1,1
BRDA:266,20,0,38
BRDA:266,20,1,1
BRDA:287,21,0,39
BRDA:287,21,1,0
BRDA:302,22,0,38
BRDA:302,22,1,1
BRDA:310,23,0,38
BRDA:310,23,1,1
BRDA:316,24,0,37
BRDA:316,24,1,2
BRDA:322,25,0,39
BRDA:322,25,1,0
BRDA:354,26,0,2
BRDA:354,26,1,37
BRDA:365,27,0,21
BRDA:365,27,1,18
BRDA:368,28,0,39
BRDA:368,28,1,19
BRDA:368,28,2,19
BRDA:379,29,0,19
BRDA:379,29,1,20
BRDA:379,30,0,39
BRDA:379,30,1,19
BRDA:385,31,0,1
BRDA:385,31,1,19
BRDA:399,32,0,39
BRDA:399,32,1,38
BRDA:401,33,0,2
BRDA:401,33,1,36
BRDA:413,34,0,39
BRDA:413,34,1,117
BRDA:424,35,0,39
BRDA:424,35,1,39
BRDA:428,36,0,0
BRDA:428,36,1,39
BRDA:435,37,0,38
BRDA:435,37,1,1
BRDA:455,38,0,39
BRDA:455,38,1,2
BRDA:456,39,0,39
BRDA:456,39,1,2
BRDA:457,40,0,39
BRDA:457,40,1,2
BRDA:458,41,0,39
BRDA:458,41,1,0
BRDA:459,42,0,38
BRDA:459,42,1,1
BRDA:460,43,0,39
BRDA:460,43,1,0
BRF:89
BRH:72
end_of_record
TN:
SF:src\modules\notifications\pages\NotificationDetailsPage.jsx
FN:38,DetailRow
FN:48,formatDate
FN:53,NotificationDetailsPage
FN:61,(anonymous_3)
FN:65,(anonymous_4)
FN:71,(anonymous_5)
FN:94,(anonymous_6)
FN:117,(anonymous_7)
FNF:8
FNH:0
FNDA:0,DetailRow
FNDA:0,formatDate
FNDA:0,NotificationDetailsPage
FNDA:0,(anonymous_3)
FNDA:0,(anonymous_4)
FNDA:0,(anonymous_5)
FNDA:0,(anonymous_6)
FNDA:0,(anonymous_7)
DA:23,0
DA:30,0
DA:39,0
DA:40,0
DA:49,0
DA:50,0
DA:54,0
DA:55,0
DA:56,0
DA:58,0
DA:59,0
DA:61,0
DA:62,0
DA:65,0
DA:66,0
DA:67,0
DA:71,0
DA:72,0
DA:76,0
DA:77,0
DA:88,0
DA:89,0
DA:94,0
DA:104,0
DA:106,0
DA:117,0
LF:26
LH:0
BRDA:39,0,0,0
BRDA:39,0,1,0
BRDA:39,1,0,0
BRDA:39,1,1,0
BRDA:49,2,0,0
BRDA:49,2,1,0
BRDA:66,3,0,0
BRDA:66,3,1,0
BRDA:76,4,0,0
BRDA:76,4,1,0
BRDA:76,5,0,0
BRDA:76,5,1,0
BRDA:88,6,0,0
BRDA:88,6,1,0
BRDA:128,7,0,0
BRDA:128,7,1,0
BRDA:135,8,0,0
BRDA:135,8,1,0
BRDA:163,9,0,0
BRDA:163,9,1,0
BRDA:175,10,0,0
BRDA:175,10,1,0
BRDA:186,11,0,0
BRDA:186,11,1,0
BRDA:189,12,0,0
BRDA:189,12,1,0
BRDA:192,13,0,0
BRDA:192,13,1,0
BRDA:207,14,0,0
BRDA:207,14,1,0
BRDA:218,15,0,0
BRDA:218,15,1,0
BRF:32
BRH:0
end_of_record
TN:
SF:src\modules\notifications\pages\NotificationsPage.jsx
FN:34,formatDate
FN:39,NotificationsPage
FN:49,(anonymous_2)
FN:53,(anonymous_3)
FN:57,(anonymous_4)
FN:61,(anonymous_5)
FN:127,(anonymous_6)
FN:133,(anonymous_7)
FN:157,(anonymous_8)
FN:164,(anonymous_9)
FN:184,(anonymous_10)
FN:195,(anonymous_11)
FNF:12
FNH:0
FNDA:0,formatDate
FNDA:0,NotificationsPage
FNDA:0,(anonymous_2)
FNDA:0,(anonymous_3)
FNDA:0,(anonymous_4)
FNDA:0,(anonymous_5)
FNDA:0,(anonymous_6)
FNDA:0,(anonymous_7)
FNDA:0,(anonymous_8)
FNDA:0,(anonymous_9)
FNDA:0,(anonymous_10)
FNDA:0,(anonymous_11)
DA:27,0
DA:35,0
DA:36,0
DA:40,0
DA:41,0
DA:42,0
DA:43,0
DA:44,0
DA:45,0
DA:47,0
DA:49,0
DA:50,0
DA:53,0
DA:54,0
DA:57,0
DA:58,0
DA:61,0
DA:62,0
DA:65,0
DA:128,0
DA:129,0
DA:133,0
DA:157,0
DA:164,0
DA:184,0
DA:195,0
LF:26
LH:0
BRDA:35,0,0,0
BRDA:35,0,1,0
BRDA:74,1,0,0
BRDA:74,1,1,0
BRDA:81,2,0,0
BRDA:81,2,1,0
BRDA:99,3,0,0
BRDA:99,3,1,0
BRDA:120,4,0,0
BRDA:120,4,1,0
BRDA:120,4,2,0
BRDA:132,5,0,0
BRDA:132,5,1,0
BRDA:137,6,0,0
BRDA:137,6,1,0
BRDA:141,7,0,0
BRDA:141,7,1,0
BRDA:151,8,0,0
BRDA:151,8,1,0
BRDA:158,9,0,0
BRDA:158,9,1,0
BRDA:176,10,0,0
BRDA:176,10,1,0
BRF:23
BRH:0
end_of_record
TN:
SF:src\modules\stations\index.js
FNF:0
FNH:0
LF:0
LH:0
BRF:0
BRH:0
end_of_record
TN:
SF:src\modules\stations\components\StationsMap.jsx
FN:33,hasValidCoords
FN:40,makeMarkerIcon
FN:59,BoundsFitter
FN:62,(anonymous_3)
FN:64,(anonymous_4)
FN:83,StationsMap
FN:105,(anonymous_6)
FN:138,(anonymous_7)
FN:172,(anonymous_8)
FNF:9
FNH:0
FNDA:0,hasValidCoords
FNDA:0,makeMarkerIcon
FNDA:0,BoundsFitter
FNDA:0,(anonymous_3)
FNDA:0,(anonymous_4)
FNDA:0,StationsMap
FNDA:0,(anonymous_6)
FNDA:0,(anonymous_7)
FNDA:0,(anonymous_8)
DA:12,0
DA:19,0
DA:27,0
DA:28,0
DA:34,0
DA:35,0
DA:36,0
DA:41,0
DA:42,0
DA:60,0
DA:62,0
DA:63,0
DA:64,0
DA:65,0
DA:66,0
DA:68,0
DA:72,0
DA:84,0
DA:86,0
DA:88,0
DA:106,0
DA:139,0
DA:172,0
LF:23
LH:0
BRDA:36,0,0,0
BRDA:36,0,1,0
BRDA:36,0,2,0
BRDA:36,0,3,0
BRDA:41,1,0,0
BRDA:41,1,1,0
BRDA:63,2,0,0
BRDA:63,2,1,0
BRDA:65,3,0,0
BRDA:65,3,1,0
BRDA:83,4,0,0
BRDA:136,5,0,0
BRDA:136,5,1,0
BRDA:149,6,0,0
BRDA:149,6,1,0
BRDA:156,7,0,0
BRDA:156,7,1,0
BRDA:163,8,0,0
BRDA:163,8,1,0
BRDA:165,9,0,0
BRDA:165,9,1,0
BRDA:183,10,0,0
BRDA:183,10,1,0
BRDA:187,11,0,0
BRDA:187,11,1,0
BRDA:193,12,0,0
BRDA:193,12,1,0
BRDA:193,12,2,0
BRF:28
BRH:0
end_of_record
TN:
SF:src\modules\stations\pages\StationDetailsPage.jsx
FN:51,buildHistoryChart
FN:55,(anonymous_1)
FN:60,(anonymous_2)
FN:67,(anonymous_3)
FN:69,(anonymous_4)
FN:80,StationDetailsPage
FN:94,(anonymous_6)
FN:103,(anonymous_7)
FN:108,(anonymous_8)
FN:112,(anonymous_9)
FN:116,(anonymous_10)
FN:119,(anonymous_11)
FN:127,(anonymous_12)
FN:131,(anonymous_13)
FN:135,(anonymous_14)
FN:139,(anonymous_15)
FN:154,(anonymous_16)
FN:164,(anonymous_17)
FN:255,(anonymous_18)
FN:328,(anonymous_19)
FN:373,(anonymous_20)
FN:376,(anonymous_21)
FN:382,(anonymous_22)
FN:387,(anonymous_23)
FN:452,(anonymous_24)
FNF:25
FNH:0
FNDA:0,buildHistoryChart
FNDA:0,(anonymous_1)
FNDA:0,(anonymous_2)
FNDA:0,(anonymous_3)
FNDA:0,(anonymous_4)
FNDA:0,StationDetailsPage
FNDA:0,(anonymous_6)
FNDA:0,(anonymous_7)
FNDA:0,(anonymous_8)
FNDA:0,(anonymous_9)
FNDA:0,(anonymous_10)
FNDA:0,(anonymous_11)
FNDA:0,(anonymous_12)
FNDA:0,(anonymous_13)
FNDA:0,(anonymous_14)
FNDA:0,(anonymous_15)
FNDA:0,(anonymous_16)
FNDA:0,(anonymous_17)
FNDA:0,(anonymous_18)
FNDA:0,(anonymous_19)
FNDA:0,(anonymous_20)
FNDA:0,(anonymous_21)
FNDA:0,(anonymous_22)
FNDA:0,(anonymous_23)
FNDA:0,(anonymous_24)
DA:22,0
DA:29,0
DA:35,0
DA:41,0
DA:45,0
DA:52,0
DA:54,0
DA:55,0
DA:58,0
DA:60,0
DA:61,0
DA:62,0
DA:67,0
DA:69,0
DA:77,0
DA:81,0
DA:82,0
DA:84,0
DA:85,0
DA:86,0
DA:87,0
DA:88,0
DA:89,0
DA:91,0
DA:92,0
DA:94,0
DA:95,0
DA:96,0
DA:97,0
DA:99,0
DA:104,0
DA:105,0
DA:106,0
DA:109,0
DA:110,0
DA:113,0
DA:116,0
DA:119,0
DA:120,0
DA:121,0
DA:122,0
DA:124,0
DA:125,0
DA:128,0
DA:129,0
DA:132,0
DA:133,0
DA:136,0
DA:139,0
DA:142,0
DA:143,0
DA:150,0
DA:151,0
DA:154,0
DA:161,0
DA:163,0
DA:164,0
DA:165,0
DA:167,0
DA:255,0
DA:329,0
DA:373,0
DA:377,0
DA:383,0
DA:387,0
DA:453,0
LF:66
LH:0
BRDA:52,0,0,0
BRDA:52,0,1,0
BRDA:54,1,0,0
BRDA:54,1,1,0
BRDA:58,2,0,0
BRDA:58,2,1,0
BRDA:58,3,0,0
BRDA:58,3,1,0
BRDA:73,4,0,0
BRDA:73,4,1,0
BRDA:104,5,0,0
BRDA:104,5,1,0
BRDA:106,6,0,0
BRDA:106,6,1,0
BRDA:109,7,0,0
BRDA:109,7,1,0
BRDA:110,8,0,0
BRDA:110,8,1,0
BRDA:113,9,0,0
BRDA:113,9,1,0
BRDA:128,10,0,0
BRDA:128,10,1,0
BRDA:132,11,0,0
BRDA:132,11,1,0
BRDA:136,12,0,0
BRDA:136,12,1,0
BRDA:142,13,0,0
BRDA:142,13,1,0
BRDA:150,14,0,0
BRDA:150,14,1,0
BRDA:161,15,0,0
BRDA:161,15,1,0
BRDA:163,16,0,0
BRDA:163,16,1,0
BRDA:183,17,0,0
BRDA:183,17,1,0
BRDA:219,18,0,0
BRDA:219,18,1,0
BRDA:268,19,0,0
BRDA:268,19,1,0
BRDA:279,20,0,0
BRDA:279,20,1,0
BRDA:282,21,0,0
BRDA:282,21,1,0
BRDA:285,22,0,0
BRDA:285,22,1,0
BRDA:292,23,0,0
BRDA:292,23,1,0
BRDA:301,24,0,0
BRDA:301,24,1,0
BRDA:314,25,0,0
BRDA:314,25,1,0
BRDA:333,26,0,0
BRDA:333,26,1,0
BRDA:334,27,0,0
BRDA:334,27,1,0
BRDA:338,28,0,0
BRDA:338,28,1,0
BRDA:343,29,0,0
BRDA:343,29,1,0
BRDA:367,30,0,0
BRDA:367,30,1,0
BRDA:385,31,0,0
BRDA:385,31,1,0
BRDA:398,32,0,0
BRDA:398,32,1,0
BRDA:400,33,0,0
BRDA:400,33,1,0
BRDA:439,34,0,0
BRDA:439,34,1,0
BRDA:455,35,0,0
BRDA:455,35,1,0
BRDA:461,36,0,0
BRDA:461,36,1,0
BRDA:466,37,0,0
BRDA:466,37,1,0
BRF:76
BRH:0
end_of_record
TN:
SF:src\modules\stations\pages\StationsPage.jsx
FN:63,StationsPage
FN:80,(anonymous_1)
FN:84,(anonymous_2)
FN:86,(anonymous_3)
FN:95,(anonymous_4)
FN:101,(anonymous_5)
FN:117,(anonymous_6)
FN:126,(anonymous_7)
FN:127,(anonymous_8)
FN:133,(anonymous_9)
FN:151,(anonymous_10)
FN:168,(anonymous_11)
FN:208,(anonymous_12)
FN:216,(anonymous_13)
FN:287,(anonymous_14)
FN:300,(anonymous_15)
FN:305,(anonymous_16)
FN:309,(anonymous_17)
FN:351,(anonymous_18)
FN:353,(anonymous_19)
FN:427,(anonymous_20)
FNF:21
FNH:0
FNDA:0,StationsPage
FNDA:0,(anonymous_1)
FNDA:0,(anonymous_2)
FNDA:0,(anonymous_3)
FNDA:0,(anonymous_4)
FNDA:0,(anonymous_5)
FNDA:0,(anonymous_6)
FNDA:0,(anonymous_7)
FNDA:0,(anonymous_8)
FNDA:0,(anonymous_9)
FNDA:0,(anonymous_10)
FNDA:0,(anonymous_11)
FNDA:0,(anonymous_12)
FNDA:0,(anonymous_13)
FNDA:0,(anonymous_14)
FNDA:0,(anonymous_15)
FNDA:0,(anonymous_16)
FNDA:0,(anonymous_17)
FNDA:0,(anonymous_18)
FNDA:0,(anonymous_19)
FNDA:0,(anonymous_20)
DA:44,0
DA:51,0
DA:64,0
DA:65,0
DA:66,0
DA:67,0
DA:68,0
DA:69,0
DA:70,0
DA:71,0
DA:72,0
DA:73,0
DA:74,0
DA:75,0
DA:76,0
DA:77,0
DA:78,0
DA:80,0
DA:81,0
DA:84,0
DA:85,0
DA:87,0
DA:88,0
DA:92,0
DA:95,0
DA:96,0
DA:97,0
DA:98,0
DA:101,0
DA:102,0
DA:103,0
DA:114,0
DA:117,0
DA:118,0
DA:122,0
DA:123,0
DA:126,0
DA:127,0
DA:133,0
DA:134,0
DA:135,0
DA:142,0
DA:143,0
DA:145,0
DA:148,0
DA:151,0
DA:152,0
DA:153,0
DA:157,0
DA:169,0
DA:208,0
DA:216,0
DA:288,0
DA:300,0
DA:305,0
DA:309,0
DA:351,0
DA:353,0
DA:427,0
LF:59
LH:0
BRDA:87,0,0,0
BRDA:87,0,1,0
BRDA:104,1,0,0
BRDA:104,1,1,0
BRDA:105,2,0,0
BRDA:105,2,1,0
BRDA:106,3,0,0
BRDA:106,3,1,0
BRDA:107,4,0,0
BRDA:107,4,1,0
BRDA:108,5,0,0
BRDA:108,5,1,0
BRDA:109,6,0,0
BRDA:109,6,1,0
BRDA:110,7,0,0
BRDA:110,7,1,0
BRDA:111,8,0,0
BRDA:111,8,1,0
BRDA:112,9,0,0
BRDA:112,9,1,0
BRDA:142,10,0,0
BRDA:142,10,1,0
BRDA:152,11,0,0
BRDA:152,11,1,0
BRDA:175,12,0,0
BRDA:175,12,1,0
BRDA:206,13,0,0
BRDA:206,13,1,0
BRDA:214,14,0,0
BRDA:214,14,1,0
BRDA:222,15,0,0
BRDA:222,15,1,0
BRDA:233,16,0,0
BRDA:233,16,1,0
BRDA:266,17,0,0
BRDA:266,17,1,0
BRDA:280,18,0,0
BRDA:280,18,1,0
BRDA:286,19,0,0
BRDA:286,19,1,0
BRDA:295,20,0,0
BRDA:295,20,1,0
BRDA:298,21,0,0
BRDA:298,21,1,0
BRDA:303,22,0,0
BRDA:303,22,1,0
BRDA:308,23,0,0
BRDA:308,23,1,0
BRDA:337,24,0,0
BRDA:337,24,1,0
BRDA:338,25,0,0
BRDA:338,25,1,0
BRDA:354,26,0,0
BRDA:354,26,1,0
BRDA:431,27,0,0
BRDA:431,27,1,0
BRF:56
BRH:0
end_of_record
TN:
SF:src\modules\users\pages\UsersPage.jsx
FN:48,UsersPage
FN:71,(anonymous_1)
FN:80,(anonymous_2)
FN:85,(anonymous_3)
FN:90,(anonymous_4)
FN:95,(anonymous_5)
FN:103,(anonymous_6)
FN:109,(anonymous_7)
FN:111,(anonymous_8)
FN:117,(anonymous_9)
FN:127,(anonymous_10)
FN:230,(anonymous_11)
FN:262,(anonymous_12)
FN:272,(anonymous_13)
FN:304,(anonymous_14)
FN:304,(anonymous_15)
FN:313,(anonymous_16)
FN:313,(anonymous_17)
FN:325,(anonymous_18)
FN:327,(anonymous_19)
FN:364,(anonymous_20)
FNF:21
FNH:0
FNDA:0,UsersPage
FNDA:0,(anonymous_1)
FNDA:0,(anonymous_2)
FNDA:0,(anonymous_3)
FNDA:0,(anonymous_4)
FNDA:0,(anonymous_5)
FNDA:0,(anonymous_6)
FNDA:0,(anonymous_7)
FNDA:0,(anonymous_8)
FNDA:0,(anonymous_9)
FNDA:0,(anonymous_10)
FNDA:0,(anonymous_11)
FNDA:0,(anonymous_12)
FNDA:0,(anonymous_13)
FNDA:0,(anonymous_14)
FNDA:0,(anonymous_15)
FNDA:0,(anonymous_16)
FNDA:0,(anonymous_17)
FNDA:0,(anonymous_18)
FNDA:0,(anonymous_19)
FNDA:0,(anonymous_20)
DA:36,0
DA:43,0
DA:49,0
DA:50,0
DA:51,0
DA:52,0
DA:53,0
DA:54,0
DA:55,0
DA:56,0
DA:59,0
DA:61,0
DA:62,0
DA:63,0
DA:64,0
DA:66,0
DA:67,0
DA:68,0
DA:71,0
DA:72,0
DA:73,0
DA:74,0
DA:75,0
DA:76,0
DA:80,0
DA:81,0
DA:82,0
DA:85,0
DA:86,0
DA:87,0
DA:90,0
DA:91,0
DA:92,0
DA:95,0
DA:96,0
DA:97,0
DA:98,0
DA:99,0
DA:100,0
DA:103,0
DA:104,0
DA:105,0
DA:106,0
DA:109,0
DA:110,0
DA:111,0
DA:117,0
DA:118,0
DA:119,0
DA:123,0
DA:124,0
DA:127,0
DA:129,0
DA:130,0
DA:133,0
DA:231,0
DA:262,0
DA:272,0
DA:304,0
DA:313,0
DA:325,0
DA:327,0
DA:364,0
LF:63
LH:0
BRDA:73,0,0,0
BRDA:73,0,1,0
BRDA:74,1,0,0
BRDA:74,1,1,0
BRDA:75,2,0,0
BRDA:75,2,1,0
BRDA:113,3,0,0
BRDA:113,3,1,0
BRDA:121,4,0,0
BRDA:121,4,1,0
BRDA:129,5,0,0
BRDA:129,5,1,0
BRDA:195,6,0,0
BRDA:195,6,1,0
BRDA:195,6,2,0
BRDA:195,6,3,0
BRDA:208,7,0,0
BRDA:208,7,1,0
BRDA:219,8,0,0
BRDA:219,8,1,0
BRDA:223,9,0,0
BRDA:223,9,1,0
BRDA:225,10,0,0
BRDA:225,10,1,0
BRDA:229,11,0,0
BRDA:229,11,1,0
BRDA:235,12,0,0
BRDA:235,12,1,0
BRDA:242,13,0,0
BRDA:242,13,1,0
BRDA:247,14,0,0
BRDA:247,14,1,0
BRDA:248,15,0,0
BRDA:248,15,1,0
BRDA:252,16,0,0
BRDA:252,16,1,0
BRDA:256,17,0,0
BRDA:256,17,1,0
BRDA:268,18,0,0
BRDA:268,18,1,0
BRDA:271,19,0,0
BRDA:271,19,1,0
BRDA:271,20,0,0
BRDA:271,20,1,0
BRDA:274,21,0,0
BRDA:274,21,1,0
BRDA:282,22,0,0
BRDA:282,22,1,0
BRDA:291,23,0,0
BRDA:291,23,1,0
BRDA:358,24,0,0
BRDA:358,24,1,0
BRDA:368,25,0,0
BRDA:368,25,1,0
BRF:54
BRH:0
end_of_record
TN:
SF:src\pages\BuilderPage.jsx
FN:29,BuilderPage
FN:41,(anonymous_1)
FN:52,(anonymous_2)
FN:55,(anonymous_3)
FN:83,(anonymous_4)
FN:108,(anonymous_5)
FN:154,(anonymous_6)
FN:163,(anonymous_7)
FN:172,(anonymous_8)
FN:182,(anonymous_9)
FN:215,(anonymous_10)
FN:233,(anonymous_11)
FN:242,(anonymous_12)
FN:248,(anonymous_13)
FN:256,(anonymous_14)
FN:263,(anonymous_15)
FNF:16
FNH:0
FNDA:0,BuilderPage
FNDA:0,(anonymous_1)
FNDA:0,(anonymous_2)
FNDA:0,(anonymous_3)
FNDA:0,(anonymous_4)
FNDA:0,(anonymous_5)
FNDA:0,(anonymous_6)
FNDA:0,(anonymous_7)
FNDA:0,(anonymous_8)
FNDA:0,(anonymous_9)
FNDA:0,(anonymous_10)
FNDA:0,(anonymous_11)
FNDA:0,(anonymous_12)
FNDA:0,(anonymous_13)
FNDA:0,(anonymous_14)
FNDA:0,(anonymous_15)
DA:30,0
DA:33,0
DA:34,0
DA:35,0
DA:36,0
DA:37,0
DA:41,0
DA:42,0
DA:52,0
DA:55,0
DA:56,0
DA:59,0
DA:60,0
DA:62,0
DA:63,0
DA:64,0
DA:66,0
DA:67,0
DA:68,0
DA:71,0
DA:72,0
DA:73,0
DA:74,0
DA:75,0
DA:83,0
DA:85,0
DA:86,0
DA:90,0
DA:91,0
DA:95,0
DA:96,0
DA:102,0
DA:104,0
DA:108,0
DA:109,0
DA:112,0
DA:113,0
DA:114,0
DA:115,0
DA:116,0
DA:117,0
DA:126,0
DA:132,0
DA:154,0
DA:163,0
DA:172,0
DA:182,0
DA:215,0
DA:233,0
DA:242,0
DA:248,0
DA:256,0
DA:263,0
LF:53
LH:0
BRDA:42,0,0,0
BRDA:42,0,1,0
BRDA:63,1,0,0
BRDA:63,1,1,0
BRDA:71,2,0,0
BRDA:71,2,1,0
BRDA:71,3,0,0
BRDA:71,3,1,0
BRDA:85,4,0,0
BRDA:85,4,1,0
BRDA:90,5,0,0
BRDA:90,5,1,0
BRDA:95,6,0,0
BRDA:95,6,1,0
BRDA:96,7,0,0
BRDA:96,7,1,0
BRDA:97,8,0,0
BRDA:97,8,1,0
BRDA:98,9,0,0
BRDA:98,9,1,0
BRDA:99,10,0,0
BRDA:99,10,1,0
BRDA:100,11,0,0
BRDA:100,11,1,0
BRDA:104,12,0,0
BRDA:104,12,1,0
BRDA:114,13,0,0
BRDA:114,13,1,0
BRDA:126,14,0,0
BRDA:126,14,1,0
BRDA:127,15,0,0
BRDA:127,15,1,0
BRDA:128,16,0,0
BRDA:128,16,1,0
BRDA:173,17,0,0
BRDA:173,17,1,0
BRDA:189,18,0,0
BRDA:189,18,1,0
BRDA:197,19,0,0
BRDA:197,19,1,0
BRDA:203,20,0,0
BRDA:203,20,1,0
BRDA:218,21,0,0
BRDA:218,21,1,0
BRF:44
BRH:0
end_of_record
TN:
SF:src\registry\blockFactory.js
FN:6,createPorts
FN:47,(anonymous_1)
FN:52,(anonymous_2)
FN:61,createWorkflowNode
FN:113,createWorkflowLink
FN:136,updateNodeProperties
FNF:6
FNH:0
FNDA:0,createPorts
FNDA:0,(anonymous_1)
FNDA:0,(anonymous_2)
FNDA:0,createWorkflowNode
FNDA:0,createWorkflowLink
FNDA:0,updateNodeProperties
DA:4,0
DA:7,0
DA:47,0
DA:52,0
DA:62,0
DA:63,0
DA:64,0
DA:70,0
DA:75,0
DA:101,0
DA:109,0
DA:110,0
DA:114,0
DA:132,0
DA:133,0
DA:137,0
DA:138,0
DA:139,0
DA:140,0
LF:19
LH:0
BRDA:61,0,0,0
BRDA:61,1,0,0
BRDA:63,2,0,0
BRDA:63,2,1,0
BRDA:72,3,0,0
BRDA:72,3,1,0
BRDA:77,4,0,0
BRDA:77,4,1,0
BRDA:92,5,0,0
BRDA:92,5,1,0
BRDA:109,6,0,0
BRDA:109,6,1,0
BRDA:137,7,0,0
BRDA:137,7,1,0
BRDA:138,8,0,0
BRDA:138,8,1,0
BRDA:140,9,0,0
BRDA:140,9,1,0
BRDA:140,9,2,0
BRF:19
BRH:0
end_of_record
TN:
SF:src\registry\blockRegistry.js
FN:3,(anonymous_0)
FN:5,getBlockDefinition
FN:9,getBlockTypes
FN:13,getBlockCategories
FN:14,(anonymous_4)
FN:22,getDefaultProperties
FN:26,(anonymous_6)
FNF:7
FNH:0
FNDA:0,(anonymous_0)
FNDA:0,getBlockDefinition
FNDA:0,getBlockTypes
FNDA:0,getBlockCategories
FNDA:0,(anonymous_4)
FNDA:0,getDefaultProperties
FNDA:0,(anonymous_6)
DA:3,0
DA:6,0
DA:10,0
DA:14,0
DA:15,0
DA:16,0
DA:17,0
DA:18,0
DA:23,0
DA:24,0
DA:26,0
DA:27,0
DA:28,0
LF:13
LH:0
BRDA:15,0,0,0
BRDA:15,0,1,0
BRDA:16,1,0,0
BRDA:16,1,1,0
BRDA:24,2,0,0
BRDA:24,2,1,0
BRDA:27,3,0,0
BRDA:27,3,1,0
BRF:8
BRH:0
end_of_record
TN:
SF:src\services\alertService.js
FN:4,(anonymous_0)
FN:9,(anonymous_1)
FN:14,(anonymous_2)
FN:19,(anonymous_3)
FN:24,(anonymous_4)
FNF:5
FNH:0
FNDA:0,(anonymous_0)
FNDA:0,(anonymous_1)
FNDA:0,(anonymous_2)
FNDA:0,(anonymous_3)
FNDA:0,(anonymous_4)
DA:3,2
DA:5,0
DA:6,0
DA:10,0
DA:11,0
DA:15,0
DA:16,0
DA:20,0
DA:21,0
DA:25,0
DA:29,0
LF:11
LH:1
BRDA:4,0,0,0
BRDA:24,1,0,0
BRF:2
BRH:0
end_of_record
TN:
SF:src\services\analyticsService.js
FN:4,(anonymous_0)
FN:9,(anonymous_1)
FN:14,(anonymous_2)
FN:19,(anonymous_3)
FN:24,(anonymous_4)
FN:29,(anonymous_5)
FNF:6
[...]
DA:2,0
DA:6,0
DA:7,0
DA:8,0
LF:4
LH:0
BRDA:2,0,0,0
BRDA:2,0,1,0
BRDA:5,1,0,0
BRDA:11,2,0,0
BRDA:11,2,1,0
BRF:5
BRH:0
end_of_record
TN:
SF:src\variables\charts.js
FN:24,(anonymous_0)
FN:101,cornerAt
FN:185,chartOptions
FN:236,(anonymous_3)
FN:240,(anonymous_4)
FN:275,(anonymous_5)
FN:299,parseOptions
FN:320,(anonymous_7)
FN:331,(anonymous_8)
FN:346,(anonymous_9)
FN:357,(anonymous_10)
FN:377,(anonymous_11)
FN:389,(anonymous_12)
FNF:13
FNH:0
FNDA:0,(anonymous_0)
FNDA:0,cornerAt
FNDA:0,chartOptions
FNDA:0,(anonymous_3)
FNDA:0,(anonymous_4)
FNDA:0,(anonymous_5)
FNDA:0,parseOptions
FNDA:0,(anonymous_7)
FNDA:0,(anonymous_8)
FNDA:0,(anonymous_9)
FNDA:0,(anonymous_10)
FNDA:0,(anonymous_11)
FNDA:0,(anonymous_12)
DA:18,0
DA:24,0
DA:25,0
DA:26,0
DA:28,0
DA:31,0
DA:33,0
DA:35,0
DA:36,0
DA:37,0
DA:38,0
DA:39,0
DA:40,0
DA:41,0
DA:44,0
DA:45,0
DA:46,0
DA:47,0
DA:48,0
DA:49,0
DA:50,0
DA:55,0
DA:57,0
DA:58,0
DA:59,0
DA:61,0
DA:63,0
DA:64,0
DA:66,0
DA:68,0
DA:69,0
DA:70,0
DA:73,0
DA:74,0
DA:75,0
DA:79,0
DA:80,0
DA:81,0
DA:82,0
DA:87,0
DA:95,0
DA:96,0
DA:97,0
DA:98,0
DA:102,0
DA:106,0
DA:107,0
DA:109,0
DA:110,0
DA:111,0
DA:112,0
DA:113,0
DA:118,0
DA:119,0
DA:120,0
DA:121,0
DA:123,0
DA:126,0
DA:127,0
DA:129,0
DA:130,0
DA:133,0
DA:134,0
DA:135,0
DA:136,0
DA:137,0
DA:138,0
DA:139,0
DA:140,0
DA:141,0
DA:144,0
DA:145,0
DA:146,0
DA:150,0
DA:151,0
DA:156,0
DA:187,0
DA:237,0
DA:238,0
DA:240,0
DA:241,0
DA:243,0
DA:244,0
DA:248,0
DA:249,0
DA:252,0
DA:259,0
DA:276,0
DA:277,0
DA:284,0
DA:295,0
DA:300,0
DA:301,0
DA:302,0
DA:304,0
DA:310,0
DA:321,0
DA:322,0
DA:332,0
DA:333,0
DA:334,0
DA:336,0
DA:337,0
DA:340,0
DA:341,0
DA:347,0
DA:358,0
DA:371,0
DA:378,0
DA:380,0
DA:390,0
DA:391,0
DA:392,0
DA:393,0
DA:394,0
DA:396,0
DA:397,0
DA:414,0
LF:118
LH:0
BRDA:33,0,0,0
BRDA:33,0,1,0
BRDA:40,1,0,0
BRDA:40,1,1,0
BRDA:41,2,0,0
BRDA:41,2,1,0
BRDA:48,3,0,0
BRDA:48,3,1,0
BRDA:50,4,0,0
BRDA:50,4,1,0
BRDA:55,5,0,0
BRDA:55,5,1,0
BRDA:58,6,0,0
BRDA:58,6,1,0
BRDA:61,7,0,0
BRDA:61,7,1,0
BRDA:63,8,0,0
BRDA:63,8,1,0
BRDA:64,9,0,0
BRDA:64,9,1,0
BRDA:66,10,0,0
BRDA:66,10,1,0
BRDA:68,11,0,0
BRDA:68,11,1,0
BRDA:73,12,0,0
BRDA:73,12,1,0
BRDA:97,13,0,0
BRDA:97,13,1,0
BRDA:112,14,0,0
BRDA:112,14,1,0
BRDA:126,15,0,0
BRDA:126,15,1,0
BRDA:129,16,0,0
BRDA:129,16,1,0
BRDA:145,17,0,0
BRDA:145,17,1,0
BRDA:192,18,0,0
BRDA:192,18,1,0
BRDA:193,19,0,0
BRDA:193,19,1,0
BRDA:224,20,0,0
BRDA:224,20,1,0
BRDA:263,21,0,0
BRDA:263,21,1,0
BRDA:268,22,0,0
BRDA:268,22,1,0
BRDA:276,23,0,0
BRDA:276,23,1,0
BRDA:301,24,0,0
BRDA:301,24,1,0
BRDA:321,25,0,0
BRDA:321,25,1,0
BRDA:332,26,0,0
BRDA:332,26,1,0
BRDA:336,27,0,0
BRDA:336,27,1,0
BRDA:378,28,0,0
BRDA:378,28,1,0
BRDA:390,29,0,0
BRDA:390,29,1,0
BRDA:393,30,0,0
BRDA:393,30,1,0
BRF:62
BRH:0
end_of_record
TN:
SF:src\views\Index.js
FN:35,(anonymous_0)
FN:43,(anonymous_1)
FN:72,(anonymous_2)
FN:85,(anonymous_3)
FN:101,(anonymous_4)
FN:143,(anonymous_5)
FN:219,(anonymous_6)
FNF:7
FNH:0
FNDA:0,(anonymous_0)
FNDA:0,(anonymous_1)
FNDA:0,(anonymous_2)
FNDA:0,(anonymous_3)
FNDA:0,(anonymous_4)
FNDA:0,(anonymous_5)
FNDA:0,(anonymous_6)
DA:35,0
DA:36,0
DA:37,0
DA:39,0
DA:40,0
DA:43,0
DA:44,0
DA:45,0
DA:46,0
DA:48,0
DA:72,0
DA:85,0
DA:101,0
DA:143,0
DA:219,0
LF:15
LH:0
BRDA:39,0,0,0
BRDA:39,0,1,0
BRF:2
BRH:0
end_of_record
TN:
SF:src\views\test.js
FN:12,(anonymous_0)
FNF:1
FNH:0
FNDA:0,(anonymous_0)
DA:12,0
DA:13,0
LF:2
LH:0
BRF:0
BRH:0
end_of_record
TN:
SF:src\views\builder\BuilderPage.jsx
FNF:0
FNH:0
LF:0
LH:0
BRF:0
BRH:0
end_of_record
TN:
SF:src\views\examples\Icons.js
FN:34,(anonymous_0)
FN:53,(anonymous_1)
FN:79,(anonymous_2)
FN:106,(anonymous_3)
FN:133,(anonymous_4)
FN:160,(anonymous_5)
FN:187,(anonymous_6)
FN:214,(anonymous_7)
FN:241,(anonymous_8)
FN:268,(anonymous_9)
FN:295,(anonymous_10)
FN:322,(anonymous_11)
FN:349,(anonymous_12)
FN:376,(anonymous_13)
FN:403,(anonymous_14)
FN:430,(anonymous_15)
FN:457,(anonymous_16)
FN:484,(anonymous_17)
FN:511,(anonymous_18)
FN:538,(anonymous_19)
FN:565,(anonymous_20)
FN:592,(anonymous_21)
FN:619,(anonymous_22)
FN:646,(anonymous_23)
FN:673,(anonymous_24)
FN:700,(anonymous_25)
FN:727,(anonymous_26)
FN:754,(anonymous_27)
FN:781,(anonymous_28)
FN:808,(anonymous_29)
FN:835,(anonymous_30)
FN:862,(anonymous_31)
FN:889,(anonymous_32)
FN:916,(anonymous_33)
FN:943,(anonymous_34)
FN:970,(anonymous_35)
FN:997,(anonymous_36)
FN:1024,(anonymous_37)
FN:1051,(anonymous_38)
FN:1078,(anonymous_39)
FN:1105,(anonymous_40)
FN:1132,(anonymous_41)
FN:1159,(anonymous_42)
FN:1186,(anonymous_43)
FN:1213,(anonymous_44)
FN:1240,(anonymous_45)
FN:1267,(anonymous_46)
FN:1294,(anonymous_47)
FN:1321,(anonymous_48)
FN:1348,(anonymous_49)
FN:1375,(anonymous_50)
FN:1402,(anonymous_51)
FN:1429,(anonymous_52)
FN:1456,(anonymous_53)
FN:1483,(anonymous_54)
FN:1510,(anonymous_55)
FN:1537,(anonymous_56)
FN:1564,(anonymous_57)
FN:1591,(anonymous_58)
FN:1618,(anonymous_59)
FN:1645,(anonymous_60)
FN:1672,(anonymous_61)
FN:1699,(anonymous_62)
FN:1726,(anonymous_63)
FN:1753,(anonymous_64)
FN:1780,(anonymous_65)
FN:1807,(anonymous_66)
FN:1834,(anonymous_67)
FN:1861,(anonymous_68)
FN:1888,(anonymous_69)
FN:1915,(anonymous_70)
FN:1942,(anonymous_71)
FN:1969,(anonymous_72)
FN:1996,(anonymous_73)
FN:2023,(anonymous_74)
FN:2050,(anonymous_75)
FN:2077,(anonymous_76)
FN:2104,(anonymous_77)
FN:2131,(anonymous_78)
FN:2158,(anonymous_79)
FN:2185,(anonymous_80)
FN:2212,(anonymous_81)
FN:2239,(anonymous_82)
FN:2266,(anonymous_83)
FN:2293,(anonymous_84)
FN:2320,(anonymous_85)
FN:2347,(anonymous_86)
FN:2374,(anonymous_87)
FN:2401,(anonymous_88)
FN:2428,(anonymous_89)
FN:2455,(anonymous_90)
FN:2482,(anonymous_91)
FN:2509,(anonymous_92)
FN:2536,(anonymous_93)
FN:2563,(anonymous_94)
FN:2590,(anonymous_95)
FN:2617,(anonymous_96)
FN:2644,(anonymous_97)
FN:2671,(anonymous_98)
FN:2698,(anonymous_99)
FN:2725,(anonymous_100)
FN:2752,(anonymous_101)
FNF:102
FNH:0
FNDA:0,(anonymous_0)
FNDA:0,(anonymous_1)
FNDA:0,(anonymous_2)
FNDA:0,(anonymous_3)
FNDA:0,(anonymous_4)
FNDA:0,(anonymous_5)
FNDA:0,(anonymous_6)
FNDA:0,(anonymous_7)
FNDA:0,(anonymous_8)
FNDA:0,(anonymous_9)
FNDA:0,(anonymous_10)
FNDA:0,(anonymous_11)
FNDA:0,(anonymous_12)
FNDA:0,(anonymous_13)
FNDA:0,(anonymous_14)
FNDA:0,(anonymous_15)
FNDA:0,(anonymous_16)
FNDA:0,(anonymous_17)
FNDA:0,(anonymous_18)
FNDA:0,(anonymous_19)
FNDA:0,(anonymous_20)
FNDA:0,(anonymous_21)
FNDA:0,(anonymous_22)
FNDA:0,(anonymous_23)
FNDA:0,(anonymous_24)
FNDA:0,(anonymous_25)
FNDA:0,(anonymous_26)
FNDA:0,(anonymous_27)
FNDA:0,(anonymous_28)
FNDA:0,(anonymous_29)
FNDA:0,(anonymous_30)
FNDA:0,(anonymous_31)
FNDA:0,(anonymous_32)
FNDA:0,(anonymous_33)
FNDA:0,(anonymous_34)
FNDA:0,(anonymous_35)
FNDA:0,(anonymous_36)
FNDA:0,(anonymous_37)
FNDA:0,(anonymous_38)
FNDA:0,(anonymous_39)
FNDA:0,(anonymous_40)
FNDA:0,(anonymous_41)
FNDA:0,(anonymous_42)
FNDA:0,(anonymous_43)
FNDA:0,(anonymous_44)
FNDA:0,(anonymous_45)
FNDA:0,(anonymous_46)
FNDA:0,(anonymous_47)
FNDA:0,(anonymous_48)
FNDA:0,(anonymous_49)
FNDA:0,(anonymous_50)
FNDA:0,(anonymous_51)
FNDA:0,(anonymous_52)
FNDA:0,(anonymous_53)
FNDA:0,(anonymous_54)
FNDA:0,(anonymous_55)
FNDA:0,(anonymous_56)
FNDA:0,(anonymous_57)
FNDA:0,(anonymous_58)
FNDA:0,(anonymous_59)
FNDA:0,(anonymous_60)
FNDA:0,(anonymous_61)
FNDA:0,(anonymous_62)
FNDA:0,(anonymous_63)
FNDA:0,(anonymous_64)
FNDA:0,(anonymous_65)
FNDA:0,(anonymous_66)
FNDA:0,(anonymous_67)
FNDA:0,(anonymous_68)
FNDA:0,(anonymous_69)
FNDA:0,(anonymous_70)
FNDA:0,(anonymous_71)
FNDA:0,(anonymous_72)
FNDA:0,(anonymous_73)
FNDA:0,(anonymous_74)
FNDA:0,(anonymous_75)
FNDA:0,(anonymous_76)
FNDA:0,(anonymous_77)
FNDA:0,(anonymous_78)
FNDA:0,(anonymous_79)
FNDA:0,(anonymous_80)
FNDA:0,(anonymous_81)
FNDA:0,(anonymous_82)
FNDA:0,(anonymous_83)
FNDA:0,(anonymous_84)
FNDA:0,(anonymous_85)
FNDA:0,(anonymous_86)
FNDA:0,(anonymous_87)
FNDA:0,(anonymous_88)
FNDA:0,(anonymous_89)
FNDA:0,(anonymous_90)
FNDA:0,(anonymous_91)
FNDA:0,(anonymous_92)
FNDA:0,(anonymous_93)
FNDA:0,(anonymous_94)
FNDA:0,(anonymous_95)
FNDA:0,(anonymous_96)
FNDA:0,(anonymous_97)
FNDA:0,(anonymous_98)
FNDA:0,(anonymous_99)
FNDA:0,(anonymous_100)
FNDA:0,(anonymous_101)
DA:34,0
DA:35,0
DA:36,0
DA:53,0
DA:79,0
DA:106,0
DA:133,0
DA:160,0
DA:187,0
DA:214,0
DA:241,0
DA:268,0
DA:295,0
DA:322,0
DA:349,0
DA:376,0
DA:403,0
DA:430,0
DA:457,0
DA:484,0
DA:511,0
DA:538,0
DA:565,0
DA:592,0
DA:619,0
DA:646,0
DA:673,0
DA:700,0
DA:727,0
DA:754,0
DA:781,0
DA:808,0
DA:835,0
DA:862,0
DA:889,0
DA:916,0
DA:943,0
DA:970,0
DA:997,0
DA:1024,0
DA:1051,0
DA:1078,0
DA:1105,0
DA:1132,0
DA:1159,0
DA:1186,0
DA:1213,0
DA:1240,0
DA:1267,0
DA:1294,0
DA:1321,0
DA:1348,0
DA:1375,0
DA:1402,0
DA:1429,0
DA:1456,0
DA:1483,0
DA:1510,0
DA:1537,0
DA:1564,0
DA:1591,0
DA:1618,0
DA:1645,0
DA:1672,0
DA:1699,0
DA:1726,0
DA:1753,0
DA:1780,0
DA:1807,0
DA:1834,0
DA:1861,0
DA:1888,0
DA:1915,0
DA:1942,0
DA:1969,0
DA:1996,0
DA:2023,0
DA:2050,0
DA:2077,0
DA:2104,0
DA:2131,0
DA:2158,0
DA:2185,0
DA:2212,0
DA:2239,0
DA:2266,0
DA:2293,0
DA:2320,0
DA:2347,0
DA:2374,0
DA:2401,0
DA:2428,0
DA:2455,0
DA:2482,0
DA:2509,0
DA:2536,0
DA:2563,0
DA:2590,0
DA:2617,0
DA:2644,0
DA:2671,0
DA:2698,0
DA:2725,0
DA:2752,0
LF:104
LH:0
BRDA:71,0,0,0
BRDA:71,0,1,0
BRDA:98,1,0,0
BRDA:98,1,1,0
BRDA:125,2,0,0
BRDA:125,2,1,0
BRDA:152,3,0,0
BRDA:152,3,1,0
BRDA:179,4,0,0
BRDA:179,4,1,0
BRDA:206,5,0,0
BRDA:206,5,1,0
BRDA:233,6,0,0
BRDA:233,6,1,0
BRDA:260,7,0,0
BRDA:260,7,1,0
BRDA:287,8,0,0
BRDA:287,8,1,0
BRDA:314,9,0,0
BRDA:314,9,1,0
BRDA:341,10,0,0
BRDA:341,10,1,0
BRDA:368,11,0,0
BRDA:368,11,1,0
BRDA:395,12,0,0
BRDA:395,12,1,0
BRDA:422,13,0,0
BRDA:422,13,1,0
BRDA:449,14,0,0
BRDA:449,14,1,0
BRDA:476,15,0,0
BRDA:476,15,1,0
BRDA:503,16,0,0
BRDA:503,16,1,0
BRDA:530,17,0,0
BRDA:530,17,1,0
BRDA:557,18,0,0
BRDA:557,18,1,0
BRDA:584,19,0,0
BRDA:584,19,1,0
BRDA:611,20,0,0
BRDA:611,20,1,0
BRDA:638,21,0,0
BRDA:638,21,1,0
BRDA:665,22,0,0
BRDA:665,22,1,0
BRDA:692,23,0,0
BRDA:692,23,1,0
BRDA:719,24,0,0
BRDA:719,24,1,0
BRDA:746,25,0,0
BRDA:746,25,1,0
BRDA:773,26,0,0
BRDA:773,26,1,0
BRDA:800,27,0,0
BRDA:800,27,1,0
BRDA:827,28,0,0
BRDA:827,28,1,0
BRDA:854,29,0,0
BRDA:854,29,1,0
BRDA:881,30,0,0
BRDA:881,30,1,0
BRDA:908,31,0,0
BRDA:908,31,1,0
BRDA:935,32,0,0
BRDA:935,32,1,0
BRDA:962,33,0,0
BRDA:962,33,1,0
BRDA:989,34,0,0
BRDA:989,34,1,0
BRDA:1016,35,0,0
BRDA:1016,35,1,0
BRDA:1043,36,0,0
BRDA:1043,36,1,0
BRDA:1070,37,0,0
BRDA:1070,37,1,0
BRDA:1097,38,0,0
BRDA:1097,38,1,0
BRDA:1124,39,0,0
BRDA:1124,39,1,0
BRDA:1151,40,0,0
BRDA:1151,40,1,0
BRDA:1178,41,0,0
BRDA:1178,41,1,0
BRDA:1205,42,0,0
BRDA:1205,42,1,0
BRDA:1232,43,0,0
BRDA:1232,43,1,0
BRDA:1259,44,0,0
BRDA:1259,44,1,0
BRDA:1286,45,0,0
BRDA:1286,45,1,0
BRDA:1313,46,0,0
BRDA:1313,46,1,0
BRDA:1340,47,0,0
BRDA:1340,47,1,0
BRDA:1367,48,0,0
BRDA:1367,48,1,0
BRDA:1394,49,0,0
BRDA:1394,49,1,0
BRDA:1421,50,0,0
BRDA:1421,50,1,0
BRDA:1448,51,0,0
BRDA:1448,51,1,0
BRDA:1475,52,0,0
BRDA:1475,52,1,0
BRDA:1502,53,0,0
BRDA:1502,53,1,0
BRDA:1529,54,0,0
BRDA:1529,54,1,0
BRDA:1556,55,0,0
BRDA:1556,55,1,0
BRDA:1583,56,0,0
BRDA:1583,56,1,0
BRDA:1610,57,0,0
BRDA:1610,57,1,0
BRDA:1637,58,0,0
BRDA:1637,58,1,0
BRDA:1664,59,0,0
BRDA:1664,59,1,0
BRDA:1691,60,0,0
BRDA:1691,60,1,0
BRDA:1718,61,0,0
BRDA:1718,61,1,0
BRDA:1745,62,0,0
BRDA:1745,62,1,0
BRDA:1772,63,0,0
BRDA:1772,63,1,0
BRDA:1799,64,0,0
BRDA:1799,64,1,0
BRDA:1826,65,0,0
BRDA:1826,65,1,0
BRDA:1853,66,0,0
BRDA:1853,66,1,0
BRDA:1880,67,0,0
BRDA:1880,67,1,0
BRDA:1907,68,0,0
BRDA:1907,68,1,0
BRDA:1934,69,0,0
BRDA:1934,69,1,0
BRDA:1961,70,0,0
BRDA:1961,70,1,0
BRDA:1988,71,0,0
BRDA:1988,71,1,0
BRDA:2015,72,0,0
BRDA:2015,72,1,0
BRDA:2042,73,0,0
BRDA:2042,73,1,0
BRDA:2069,74,0,0
BRDA:2069,74,1,0
BRDA:2096,75,0,0
BRDA:2096,75,1,0
BRDA:2123,76,0,0
BRDA:2123,76,1,0
BRDA:2150,77,0,0
BRDA:2150,77,1,0
BRDA:2177,78,0,0
BRDA:2177,78,1,0
BRDA:2204,79,0,0
BRDA:2204,79,1,0
BRDA:2231,80,0,0
BRDA:2231,80,1,0
BRDA:2258,81,0,0
BRDA:2258,81,1,0
BRDA:2285,82,0,0
BRDA:2285,82,1,0
BRDA:2312,83,0,0
BRDA:2312,83,1,0
BRDA:2339,84,0,0
BRDA:2339,84,1,0
BRDA:2366,85,0,0
BRDA:2366,85,1,0
BRDA:2393,86,0,0
BRDA:2393,86,1,0
BRDA:2420,87,0,0
BRDA:2420,87,1,0
BRDA:2447,88,0,0
BRDA:2447,88,1,0
BRDA:2474,89,0,0
BRDA:2474,89,1,0
BRDA:2501,90,0,0
BRDA:2501,90,1,0
BRDA:2528,91,0,0
BRDA:2528,91,1,0
BRDA:2555,92,0,0
BRDA:2555,92,1,0
BRDA:2582,93,0,0
BRDA:2582,93,1,0
BRDA:2609,94,0,0
BRDA:2609,94,1,0
BRDA:2636,95,0,0
BRDA:2636,95,1,0
BRDA:2663,96,0,0
BRDA:2663,96,1,0
BRDA:2690,97,0,0
BRDA:2690,97,1,0
BRDA:2717,98,0,0
BRDA:2717,98,1,0
BRDA:2744,99,0,0
BRDA:2744,99,1,0
BRDA:2771,100,0,0
BRDA:2771,100,1,0
BRF:202
BRH:0
end_of_record
TN:
SF:src\views\examples\Loginoriginal.js
FN:16,(anonymous_0)
FN:30,(anonymous_1)
FN:47,(anonymous_2)
FN:121,(anonymous_3)
FN:130,(anonymous_4)
FNF:5
FNH:0
FNDA:0,(anonymous_0)
FNDA:0,(anonymous_1)
FNDA:0,(anonymous_2)
FNDA:0,(anonymous_3)
FNDA:0,(anonymous_4)
DA:16,0
DA:17,0
DA:30,0
DA:47,0
DA:121,0
DA:130,0
LF:6
LH:0
BRF:0
BRH:0
end_of_record
TN:
SF:src\views\examples\Maps.js
FN:26,(anonymous_0)
FN:28,(anonymous_1)
FN:100,(anonymous_2)
FN:116,(anonymous_3)
FNF:4
FNH:0
FNDA:0,(anonymous_0)
FNDA:0,(anonymous_1)
FNDA:0,(anonymous_2)
FNDA:0,(anonymous_3)
DA:26,0
DA:27,0
DA:28,0
DA:29,0
DA:30,0
DA:31,0
DA:32,0
DA:33,0
DA:34,0
DA:83,0
DA:85,0
DA:93,0
DA:96,0
DA:100,0
DA:101,0
DA:104,0
DA:116,0
DA:117,0
LF:18
LH:0
BRF:0
BRH:0
end_of_record
TN:
SF:src\views\examples\Profile.js
FN:32,(anonymous_0)
FN:39,(anonymous_1)
FN:47,(anonymous_2)
FN:55,(anonymous_3)
FNF:4
FNH:0
FNDA:0,(anonymous_0)
FNDA:0,(anonymous_1)
FNDA:0,(anonymous_2)
FNDA:0,(anonymous_3)
DA:24,0
DA:32,0
DA:33,0
DA:34,0
DA:35,0
DA:36,0
DA:39,0
DA:40,0
DA:43,0
DA:44,0
DA:45,0
DA:47,0
DA:49,0
DA:50,0
DA:51,0
DA:55,0
DA:56,0
DA:57,0
DA:58,0
DA:59,0
DA:60,0
DA:62,0
DA:64,0
DA:66,0
DA:70,0
DA:75,0
DA:76,0
DA:77,0
DA:78,0
DA:79,0
DA:80,0
DA:81,0
DA:83,0
LF:33
LH:0
BRDA:33,0,0,0
BRDA:33,0,1,0
BRDA:35,1,0,0
BRDA:35,1,1,0
BRDA:43,2,0,0
BRDA:43,2,1,0
BRDA:49,3,0,0
BRDA:49,3,1,0
BRDA:64,4,0,0
BRDA:64,4,1,0
BRDA:75,5,0,0
BRDA:75,5,1,0
BRDA:76,6,0,0
BRDA:76,6,1,0
BRDA:77,7,0,0
BRDA:77,7,1,0
BRDA:78,8,0,0
BRDA:78,8,1,0
BRDA:79,9,0,0
BRDA:79,9,1,0
BRDA:81,10,0,0
BRDA:81,10,1,0
BRDA:99,11,0,0
BRDA:99,11,1,0
BRDA:100,12,0,0
BRDA:100,12,1,0
BRDA:103,13,0,0
BRDA:103,13,1,0
BRDA:110,14,0,0
BRDA:110,14,1,0
BRDA:110,15,0,0
BRDA:110,15,1,0
BRDA:116,16,0,0
BRDA:116,16,1,0
BRDA:121,17,0,0
BRDA:121,17,1,0
BRDA:122,18,0,0
BRDA:122,18,1,0
BRDA:128,19,0,0
BRDA:128,19,1,0
BRDA:131,20,0,0
BRDA:131,20,1,0
BRDA:138,21,0,0
BRDA:138,21,1,0
BRDA:161,22,0,0
BRDA:161,22,1,0
BRDA:166,23,0,0
BRDA:166,23,1,0
BRDA:167,24,0,0
BRDA:167,24,1,0
BRDA:174,25,0,0
BRDA:174,25,1,0
BRDA:276,26,0,0
BRDA:276,26,1,0
BRDA:297,27,0,0
BRDA:297,27,1,0
BRDA:300,28,0,0
BRDA:300,28,1,0
BRF:58
BRH:0
end_of_record
TN:
SF:src\views\examples\Register.js
FN:17,(anonymous_0)
FN:86,(anonymous_1)
FNF:2
FNH:0
FNDA:0,(anonymous_0)
FNDA:0,(anonymous_1)
DA:17,0
DA:18,0
DA:86,0
LF:3
LH:0
BRF:0
BRH:0
end_of_record
TN:
SF:src\views\examples\Tables.js
FN:41,(anonymous_0)
FN:72,(anonymous_1)
FN:99,(anonymous_2)
FN:117,(anonymous_3)
FN:135,(anonymous_4)
FN:153,(anonymous_5)
FN:189,(anonymous_6)
FN:196,(anonymous_7)
FN:202,(anonymous_8)
FN:208,(anonymous_9)
FN:222,(anonymous_10)
FN:249,(anonymous_11)
FN:267,(anonymous_12)
FN:285,(anonymous_13)
FN:303,(anonymous_14)
FN:339,(anonymous_15)
FN:346,(anonymous_16)
FN:352,(anonymous_17)
FN:358,(anonymous_18)
FN:372,(anonymous_19)
FN:397,(anonymous_20)
FN:415,(anonymous_21)
FN:433,(anonymous_22)
FN:451,(anonymous_23)
FN:487,(anonymous_24)
FN:494,(anonymous_25)
FN:500,(anonymous_26)
FN:506,(anonymous_27)
FN:520,(anonymous_28)
FN:547,(anonymous_29)
FN:565,(anonymous_30)
FN:583,(anonymous_31)
FN:601,(anonymous_32)
FN:637,(anonymous_33)
FN:644,(anonymous_34)
FN:650,(anonymous_35)
FN:656,(anonymous_36)
FN:670,(anonymous_37)
FN:697,(anonymous_38)
FN:715,(anonymous_39)
FN:733,(anonymous_40)
FN:751,(anonymous_41)
FN:787,(anonymous_42)
FN:794,(anonymous_43)
FN:800,(anonymous_44)
FN:806,(anonymous_45)
FN:825,(anonymous_46)
FN:835,(anonymous_47)
FN:843,(anonymous_48)
FN:851,(anonymous_49)
FN:859,(anonymous_50)
FN:899,(anonymous_51)
FN:926,(anonymous_52)
FN:944,(anonymous_53)
FN:962,(anonymous_54)
FN:980,(anonymous_55)
FN:1016,(anonymous_56)
FN:1023,(anonymous_57)
FN:1029,(anonymous_58)
FN:1035,(anonymous_59)
FN:1049,(anonymous_60)
FN:1076,(anonymous_61)
FN:1094,(anonymous_62)
FN:1109,(anonymous_63)
FN:1127,(anonymous_64)
FN:1163,(anonymous_65)
FN:1170,(anonymous_66)
FN:1176,(anonymous_67)
FN:1182,(anonymous_68)
FN:1196,(anonymous_69)
FN:1221,(anonymous_70)
FN:1239,(anonymous_71)
FN:1257,(anonymous_72)
FN:1275,(anonymous_73)
FN:1311,(anonymous_74)
FN:1318,(anonymous_75)
FN:1324,(anonymous_76)
FN:1330,(anonymous_77)
FN:1344,(anonymous_78)
FN:1371,(anonymous_79)
FN:1389,(anonymous_80)
FN:1407,(anonymous_81)
FN:1425,(anonymous_82)
FN:1461,(anonymous_83)
FN:1468,(anonymous_84)
FN:1474,(anonymous_85)
FN:1480,(anonymous_86)
FN:1494,(anonymous_87)
FN:1521,(anonymous_88)
FN:1539,(anonymous_89)
FN:1557,(anonymous_90)
FN:1575,(anonymous_91)
FN:1611,(anonymous_92)
FN:1618,(anonymous_93)
FN:1624,(anonymous_94)
FN:1630,(anonymous_95)
FNF:96
FNH:0
FNDA:0,(anonymous_0)
FNDA:0,(anonymous_1)
FNDA:0,(anonymous_2)
FNDA:0,(anonymous_3)
FNDA:0,(anonymous_4)
FNDA:0,(anonymous_5)
FNDA:0,(anonymous_6)
FNDA:0,(anonymous_7)
FNDA:0,(anonymous_8)
FNDA:0,(anonymous_9)
FNDA:0,(anonymous_10)
FNDA:0,(anonymous_11)
FNDA:0,(anonymous_12)
FNDA:0,(anonymous_13)
FNDA:0,(anonymous_14)
FNDA:0,(anonymous_15)
FNDA:0,(anonymous_16)
FNDA:0,(anonymous_17)
FNDA:0,(anonymous_18)
FNDA:0,(anonymous_19)
FNDA:0,(anonymous_20)
FNDA:0,(anonymous_21)
FNDA:0,(anonymous_22)
FNDA:0,(anonymous_23)
FNDA:0,(anonymous_24)
FNDA:0,(anonymous_25)
FNDA:0,(anonymous_26)
FNDA:0,(anonymous_27)
FNDA:0,(anonymous_28)
FNDA:0,(anonymous_29)
FNDA:0,(anonymous_30)
FNDA:0,(anonymous_31)
FNDA:0,(anonymous_32)
FNDA:0,(anonymous_33)
FNDA:0,(anonymous_34)
FNDA:0,(anonymous_35)
FNDA:0,(anonymous_36)
FNDA:0,(anonymous_37)
FNDA:0,(anonymous_38)
FNDA:0,(anonymous_39)
FNDA:0,(anonymous_40)
FNDA:0,(anonymous_41)
FNDA:0,(anonymous_42)
FNDA:0,(anonymous_43)
FNDA:0,(anonymous_44)
FNDA:0,(anonymous_45)
FNDA:0,(anonymous_46)
FNDA:0,(anonymous_47)
FNDA:0,(anonymous_48)
FNDA:0,(anonymous_49)
FNDA:0,(anonymous_50)
FNDA:0,(anonymous_51)
FNDA:0,(anonymous_52)
FNDA:0,(anonymous_53)
FNDA:0,(anonymous_54)
FNDA:0,(anonymous_55)
FNDA:0,(anonymous_56)
FNDA:0,(anonymous_57)
FNDA:0,(anonymous_58)
FNDA:0,(anonymous_59)
FNDA:0,(anonymous_60)
FNDA:0,(anonymous_61)
FNDA:0,(anonymous_62)
FNDA:0,(anonymous_63)
FNDA:0,(anonymous_64)
FNDA:0,(anonymous_65)
FNDA:0,(anonymous_66)
FNDA:0,(anonymous_67)
FNDA:0,(anonymous_68)
FNDA:0,(anonymous_69)
FNDA:0,(anonymous_70)
FNDA:0,(anonymous_71)
FNDA:0,(anonymous_72)
FNDA:0,(anonymous_73)
FNDA:0,(anonymous_74)
FNDA:0,(anonymous_75)
FNDA:0,(anonymous_76)
FNDA:0,(anonymous_77)
FNDA:0,(anonymous_78)
FNDA:0,(anonymous_79)
FNDA:0,(anonymous_80)
FNDA:0,(anonymous_81)
FNDA:0,(anonymous_82)
FNDA:0,(anonymous_83)
FNDA:0,(anonymous_84)
FNDA:0,(anonymous_85)
FNDA:0,(anonymous_86)
FNDA:0,(anonymous_87)
FNDA:0,(anonymous_88)
FNDA:0,(anonymous_89)
FNDA:0,(anonymous_90)
FNDA:0,(anonymous_91)
FNDA:0,(anonymous_92)
FNDA:0,(anonymous_93)
FNDA:0,(anonymous_94)
FNDA:0,(anonymous_95)
DA:41,0
DA:42,0
DA:72,0
DA:99,0
DA:117,0
DA:135,0
DA:153,0
DA:189,0
DA:196,0
DA:202,0
DA:208,0
DA:222,0
DA:249,0
DA:267,0
DA:285,0
DA:303,0
DA:339,0
DA:346,0
DA:352,0
DA:358,0
DA:372,0
DA:397,0
DA:415,0
DA:433,0
DA:451,0
DA:487,0
DA:494,0
DA:500,0
DA:506,0
DA:520,0
DA:547,0
DA:565,0
DA:583,0
DA:601,0
DA:637,0
DA:644,0
DA:650,0
DA:656,0
DA:670,0
DA:697,0
DA:715,0
DA:733,0
DA:751,0
DA:787,0
DA:794,0
DA:800,0
DA:806,0
DA:825,0
DA:835,0
DA:843,0
DA:851,0
DA:859,0
DA:899,0
DA:926,0
DA:944,0
DA:962,0
DA:980,0
DA:1016,0
DA:1023,0
DA:1029,0
DA:1035,0
DA:1049,0
DA:1076,0
DA:1094,0
DA:1109,0
DA:1127,0
DA:1163,0
DA:1170,0
DA:1176,0
DA:1182,0
DA:1196,0
DA:1221,0
DA:1239,0
DA:1257,0
DA:1275,0
DA:1311,0
DA:1318,0
DA:1324,0
DA:1330,0
DA:1344,0
DA:1371,0
DA:1389,0
DA:1407,0
DA:1425,0
DA:1461,0
DA:1468,0
DA:1474,0
DA:1480,0
DA:1494,0
DA:1521,0
DA:1539,0
DA:1557,0
DA:1575,0
DA:1611,0
DA:1618,0
DA:1624,0
DA:1630,0
LF:97
LH:0
BRF:0
BRH:0
end_of_record
